WARNING 2021-08-09 21:13:18,057 log 224 Not Found: /register/login.html
WARNING 2021-08-09 21:13:18,058 basehttp 161 "GET /register/login.html HTTP/1.1" 404 2305
WARNING 2021-08-09 21:13:27,830 log 224 Not Found: /register/login.html
WARNING 2021-08-09 21:13:27,831 basehttp 161 "GET /register/login.html HTTP/1.1" 404 2305
INFO 2021-08-09 21:13:32,423 basehttp 161 "GET /register HTTP/1.1" 301 0
INFO 2021-08-09 21:13:32,432 basehttp 161 "GET /register/ HTTP/1.1" 200 5188
INFO 2021-08-09 21:14:03,446 basehttp 161 "GET /register/ HTTP/1.1" 200 5188
INFO 2021-08-09 21:18:04,106 basehttp 161 "GET /register/ HTTP/1.1" 200 5188
INFO 2021-08-09 21:20:31,243 autoreload 251 C:\Users\suze\Desktop\kira\users\urls.py changed, reloading.
INFO 2021-08-09 21:20:32,352 autoreload 637 Watching for file changes with StatReloader
WARNING 2021-08-09 21:23:11,936 log 224 Not Found: /
WARNING 2021-08-09 21:23:11,938 basehttp 161 "GET / HTTP/1.1" 404 2403
INFO 2021-08-09 21:23:50,596 autoreload 251 C:\Users\suze\Desktop\kira\users\urls.py changed, reloading.
INFO 2021-08-09 21:23:51,382 autoreload 637 Watching for file changes with StatReloader
INFO 2021-08-09 21:23:52,321 basehttp 161 "GET /register/ HTTP/1.1" 200 5188
INFO 2021-08-09 21:25:41,640 autoreload 251 C:\Users\suze\Desktop\kira\users\views.py changed, reloading.
INFO 2021-08-09 21:25:42,845 autoreload 637 Watching for file changes with StatReloader
INFO 2021-08-09 21:25:43,102 basehttp 161 "GET /register/ HTTP/1.1" 200 5188
WARNING 2021-08-09 21:25:46,033 log 224 Not Found: /register/login.html
WARNING 2021-08-09 21:25:46,035 basehttp 161 "GET /register/login.html HTTP/1.1" 404 2472
WARNING 2021-08-09 21:26:30,561 log 224 Not Found: /
WARNING 2021-08-09 21:26:30,562 basehttp 161 "GET / HTTP/1.1" 404 2397
INFO 2021-08-09 21:26:36,616 basehttp 161 "GET /login HTTP/1.1" 301 0
ERROR 2021-08-09 21:26:36,719 log 224 Internal Server Error: /login/
Traceback (most recent call last):
  File "C:\Users\suze\Desktop\kira\venv\lib\site-packages\django\template\base.py", line 470, in parse
    compile_func = self.tags[command]
KeyError: 'static'

During handling of the above exception, another exception occurred:

Traceback (most recent call last):
  File "C:\Users\suze\Desktop\kira\venv\lib\site-packages\django\core\handlers\exception.py", line 47, in inner
    response = get_response(request)
  File "C:\Users\suze\Desktop\kira\venv\lib\site-packages\django\core\handlers\base.py", line 181, in _get_response
    response = wrapped_callback(request, *callback_args, **callback_kwargs)
  File "C:\Users\suze\Desktop\kira\venv\lib\site-packages\django\views\generic\base.py", line 70, in view
    return self.dispatch(request, *args, **kwargs)
  File "C:\Users\suze\Desktop\kira\venv\lib\site-packages\django\views\generic\base.py", line 98, in dispatch
    return handler(request, *args, **kwargs)
  File "C:\Users\suze\Desktop\kira\users\views.py", line 15, in get
    return render(request, 'login.html')
  File "C:\Users\suze\Desktop\kira\venv\lib\site-packages\django\shortcuts.py", line 19, in render
    content = loader.render_to_string(template_name, context, request, using=using)
  File "C:\Users\suze\Desktop\kira\venv\lib\site-packages\django\template\loader.py", line 61, in render_to_string
    template = get_template(template_name, using=using)
  File "C:\Users\suze\Desktop\kira\venv\lib\site-packages\django\template\loader.py", line 15, in get_template
    return engine.get_template(template_name)
  File "C:\Users\suze\Desktop\kira\venv\lib\site-packages\django\template\backends\django.py", line 34, in get_template
    return Template(self.engine.get_template(template_name), self)
  File "C:\Users\suze\Desktop\kira\venv\lib\site-packages\django\template\engine.py", line 143, in get_template
    template, origin = self.find_template(template_name)
  File "C:\Users\suze\Desktop\kira\venv\lib\site-packages\django\template\engine.py", line 125, in find_template
    template = loader.get_template(name, skip=skip)
  File "C:\Users\suze\Desktop\kira\venv\lib\site-packages\django\template\loaders\base.py", line 29, in get_template
    return Template(
  File "C:\Users\suze\Desktop\kira\venv\lib\site-packages\django\template\base.py", line 155, in __init__
    self.nodelist = self.compile_nodelist()
  File "C:\Users\suze\Desktop\kira\venv\lib\site-packages\django\template\base.py", line 193, in compile_nodelist
    return parser.parse()
  File "C:\Users\suze\Desktop\kira\venv\lib\site-packages\django\template\base.py", line 472, in parse
    self.invalid_block_tag(token, command, parse_until)
  File "C:\Users\suze\Desktop\kira\venv\lib\site-packages\django\template\base.py", line 531, in invalid_block_tag
    raise self.error(
django.template.exceptions.TemplateSyntaxError: Invalid block tag on line 11: 'static'. Did you forget to register or load this tag?
ERROR 2021-08-09 21:26:36,731 basehttp 161 "GET /login/ HTTP/1.1" 500 145906
WARNING 2021-08-09 21:27:31,712 log 224 Not Found: /re
WARNING 2021-08-09 21:27:31,714 basehttp 161 "GET /re HTTP/1.1" 404 2421
INFO 2021-08-09 21:27:36,950 basehttp 161 "GET /register/ HTTP/1.1" 200 5188
ERROR 2021-08-09 21:27:52,160 log 224 Internal Server Error: /login/
Traceback (most recent call last):
  File "C:\Users\suze\Desktop\kira\venv\lib\site-packages\django\template\base.py", line 470, in parse
    compile_func = self.tags[command]
KeyError: 'static'

During handling of the above exception, another exception occurred:

Traceback (most recent call last):
  File "C:\Users\suze\Desktop\kira\venv\lib\site-packages\django\core\handlers\exception.py", line 47, in inner
    response = get_response(request)
  File "C:\Users\suze\Desktop\kira\venv\lib\site-packages\django\core\handlers\base.py", line 181, in _get_response
    response = wrapped_callback(request, *callback_args, **callback_kwargs)
  File "C:\Users\suze\Desktop\kira\venv\lib\site-packages\django\views\generic\base.py", line 70, in view
    return self.dispatch(request, *args, **kwargs)
  File "C:\Users\suze\Desktop\kira\venv\lib\site-packages\django\views\generic\base.py", line 98, in dispatch
    return handler(request, *args, **kwargs)
  File "C:\Users\suze\Desktop\kira\users\views.py", line 15, in get
    return render(request, 'login.html')
  File "C:\Users\suze\Desktop\kira\venv\lib\site-packages\django\shortcuts.py", line 19, in render
    content = loader.render_to_string(template_name, context, request, using=using)
  File "C:\Users\suze\Desktop\kira\venv\lib\site-packages\django\template\loader.py", line 61, in render_to_string
    template = get_template(template_name, using=using)
  File "C:\Users\suze\Desktop\kira\venv\lib\site-packages\django\template\loader.py", line 15, in get_template
    return engine.get_template(template_name)
  File "C:\Users\suze\Desktop\kira\venv\lib\site-packages\django\template\backends\django.py", line 34, in get_template
    return Template(self.engine.get_template(template_name), self)
  File "C:\Users\suze\Desktop\kira\venv\lib\site-packages\django\template\engine.py", line 143, in get_template
    template, origin = self.find_template(template_name)
  File "C:\Users\suze\Desktop\kira\venv\lib\site-packages\django\template\engine.py", line 125, in find_template
    template = loader.get_template(name, skip=skip)
  File "C:\Users\suze\Desktop\kira\venv\lib\site-packages\django\template\loaders\base.py", line 29, in get_template
    return Template(
  File "C:\Users\suze\Desktop\kira\venv\lib\site-packages\django\template\base.py", line 155, in __init__
    self.nodelist = self.compile_nodelist()
  File "C:\Users\suze\Desktop\kira\venv\lib\site-packages\django\template\base.py", line 193, in compile_nodelist
    return parser.parse()
  File "C:\Users\suze\Desktop\kira\venv\lib\site-packages\django\template\base.py", line 472, in parse
    self.invalid_block_tag(token, command, parse_until)
  File "C:\Users\suze\Desktop\kira\venv\lib\site-packages\django\template\base.py", line 531, in invalid_block_tag
    raise self.error(
django.template.exceptions.TemplateSyntaxError: Invalid block tag on line 11: 'static'. Did you forget to register or load this tag?
ERROR 2021-08-09 21:27:52,167 basehttp 161 "GET /login/ HTTP/1.1" 500 145906
WARNING 2021-08-09 21:27:58,482 log 224 Not Found: /login.html
WARNING 2021-08-09 21:27:58,484 basehttp 161 "GET /login.html HTTP/1.1" 404 2445
WARNING 2021-08-09 21:28:01,423 log 224 Not Found: /login.html
WARNING 2021-08-09 21:28:01,424 basehttp 161 "GET /login.html HTTP/1.1" 404 2445
INFO 2021-08-09 21:28:18,033 basehttp 161 "GET /register/ HTTP/1.1" 200 5188
ERROR 2021-08-09 21:28:26,956 log 224 Internal Server Error: /login/
Traceback (most recent call last):
  File "C:\Users\suze\Desktop\kira\venv\lib\site-packages\django\template\base.py", line 470, in parse
    compile_func = self.tags[command]
KeyError: 'static'

During handling of the above exception, another exception occurred:

Traceback (most recent call last):
  File "C:\Users\suze\Desktop\kira\venv\lib\site-packages\django\core\handlers\exception.py", line 47, in inner
    response = get_response(request)
  File "C:\Users\suze\Desktop\kira\venv\lib\site-packages\django\core\handlers\base.py", line 181, in _get_response
    response = wrapped_callback(request, *callback_args, **callback_kwargs)
  File "C:\Users\suze\Desktop\kira\venv\lib\site-packages\django\views\generic\base.py", line 70, in view
    return self.dispatch(request, *args, **kwargs)
  File "C:\Users\suze\Desktop\kira\venv\lib\site-packages\django\views\generic\base.py", line 98, in dispatch
    return handler(request, *args, **kwargs)
  File "C:\Users\suze\Desktop\kira\users\views.py", line 15, in get
    return render(request, 'login.html')
  File "C:\Users\suze\Desktop\kira\venv\lib\site-packages\django\shortcuts.py", line 19, in render
    content = loader.render_to_string(template_name, context, request, using=using)
  File "C:\Users\suze\Desktop\kira\venv\lib\site-packages\django\template\loader.py", line 61, in render_to_string
    template = get_template(template_name, using=using)
  File "C:\Users\suze\Desktop\kira\venv\lib\site-packages\django\template\loader.py", line 15, in get_template
    return engine.get_template(template_name)
  File "C:\Users\suze\Desktop\kira\venv\lib\site-packages\django\template\backends\django.py", line 34, in get_template
    return Template(self.engine.get_template(template_name), self)
  File "C:\Users\suze\Desktop\kira\venv\lib\site-packages\django\template\engine.py", line 143, in get_template
    template, origin = self.find_template(template_name)
  File "C:\Users\suze\Desktop\kira\venv\lib\site-packages\django\template\engine.py", line 125, in find_template
    template = loader.get_template(name, skip=skip)
  File "C:\Users\suze\Desktop\kira\venv\lib\site-packages\django\template\loaders\base.py", line 29, in get_template
    return Template(
  File "C:\Users\suze\Desktop\kira\venv\lib\site-packages\django\template\base.py", line 155, in __init__
    self.nodelist = self.compile_nodelist()
  File "C:\Users\suze\Desktop\kira\venv\lib\site-packages\django\template\base.py", line 193, in compile_nodelist
    return parser.parse()
  File "C:\Users\suze\Desktop\kira\venv\lib\site-packages\django\template\base.py", line 472, in parse
    self.invalid_block_tag(token, command, parse_until)
  File "C:\Users\suze\Desktop\kira\venv\lib\site-packages\django\template\base.py", line 531, in invalid_block_tag
    raise self.error(
django.template.exceptions.TemplateSyntaxError: Invalid block tag on line 11: 'static'. Did you forget to register or load this tag?
ERROR 2021-08-09 21:28:26,976 basehttp 161 "GET /login/ HTTP/1.1" 500 145906
INFO 2021-08-09 21:29:05,871 autoreload 637 Watching for file changes with StatReloader
ERROR 2021-08-09 21:29:14,021 log 224 Internal Server Error: /login/
Traceback (most recent call last):
  File "C:\Users\suze\Desktop\kira\venv\lib\site-packages\django\template\base.py", line 470, in parse
    compile_func = self.tags[command]
KeyError: 'static'

During handling of the above exception, another exception occurred:

Traceback (most recent call last):
  File "C:\Users\suze\Desktop\kira\venv\lib\site-packages\django\core\handlers\exception.py", line 47, in inner
    response = get_response(request)
  File "C:\Users\suze\Desktop\kira\venv\lib\site-packages\django\core\handlers\base.py", line 181, in _get_response
    response = wrapped_callback(request, *callback_args, **callback_kwargs)
  File "C:\Users\suze\Desktop\kira\venv\lib\site-packages\django\views\generic\base.py", line 70, in view
    return self.dispatch(request, *args, **kwargs)
  File "C:\Users\suze\Desktop\kira\venv\lib\site-packages\django\views\generic\base.py", line 98, in dispatch
    return handler(request, *args, **kwargs)
  File "C:\Users\suze\Desktop\kira\users\views.py", line 15, in get
    return render(request, 'login.html')
  File "C:\Users\suze\Desktop\kira\venv\lib\site-packages\django\shortcuts.py", line 19, in render
    content = loader.render_to_string(template_name, context, request, using=using)
  File "C:\Users\suze\Desktop\kira\venv\lib\site-packages\django\template\loader.py", line 61, in render_to_string
    template = get_template(template_name, using=using)
  File "C:\Users\suze\Desktop\kira\venv\lib\site-packages\django\template\loader.py", line 15, in get_template
    return engine.get_template(template_name)
  File "C:\Users\suze\Desktop\kira\venv\lib\site-packages\django\template\backends\django.py", line 34, in get_template
    return Template(self.engine.get_template(template_name), self)
  File "C:\Users\suze\Desktop\kira\venv\lib\site-packages\django\template\engine.py", line 143, in get_template
    template, origin = self.find_template(template_name)
  File "C:\Users\suze\Desktop\kira\venv\lib\site-packages\django\template\engine.py", line 125, in find_template
    template = loader.get_template(name, skip=skip)
  File "C:\Users\suze\Desktop\kira\venv\lib\site-packages\django\template\loaders\base.py", line 29, in get_template
    return Template(
  File "C:\Users\suze\Desktop\kira\venv\lib\site-packages\django\template\base.py", line 155, in __init__
    self.nodelist = self.compile_nodelist()
  File "C:\Users\suze\Desktop\kira\venv\lib\site-packages\django\template\base.py", line 193, in compile_nodelist
    return parser.parse()
  File "C:\Users\suze\Desktop\kira\venv\lib\site-packages\django\template\base.py", line 472, in parse
    self.invalid_block_tag(token, command, parse_until)
  File "C:\Users\suze\Desktop\kira\venv\lib\site-packages\django\template\base.py", line 531, in invalid_block_tag
    raise self.error(
django.template.exceptions.TemplateSyntaxError: Invalid block tag on line 11: 'static'. Did you forget to register or load this tag?
ERROR 2021-08-09 21:29:14,030 basehttp 161 "GET /login/ HTTP/1.1" 500 146043
INFO 2021-08-09 21:30:21,393 basehttp 161 "GET /register/ HTTP/1.1" 200 5188
WARNING 2021-08-09 21:30:25,522 log 224 Not Found: /lodin
WARNING 2021-08-09 21:30:25,522 basehttp 161 "GET /lodin HTTP/1.1" 404 2430
ERROR 2021-08-09 21:30:30,459 log 224 Internal Server Error: /login/
Traceback (most recent call last):
  File "C:\Users\suze\Desktop\kira\venv\lib\site-packages\django\template\base.py", line 470, in parse
    compile_func = self.tags[command]
KeyError: 'static'

During handling of the above exception, another exception occurred:

Traceback (most recent call last):
  File "C:\Users\suze\Desktop\kira\venv\lib\site-packages\django\core\handlers\exception.py", line 47, in inner
    response = get_response(request)
  File "C:\Users\suze\Desktop\kira\venv\lib\site-packages\django\core\handlers\base.py", line 181, in _get_response
    response = wrapped_callback(request, *callback_args, **callback_kwargs)
  File "C:\Users\suze\Desktop\kira\venv\lib\site-packages\django\views\generic\base.py", line 70, in view
    return self.dispatch(request, *args, **kwargs)
  File "C:\Users\suze\Desktop\kira\venv\lib\site-packages\django\views\generic\base.py", line 98, in dispatch
    return handler(request, *args, **kwargs)
  File "C:\Users\suze\Desktop\kira\users\views.py", line 15, in get
    return render(request, 'login.html')
  File "C:\Users\suze\Desktop\kira\venv\lib\site-packages\django\shortcuts.py", line 19, in render
    content = loader.render_to_string(template_name, context, request, using=using)
  File "C:\Users\suze\Desktop\kira\venv\lib\site-packages\django\template\loader.py", line 61, in render_to_string
    template = get_template(template_name, using=using)
  File "C:\Users\suze\Desktop\kira\venv\lib\site-packages\django\template\loader.py", line 15, in get_template
    return engine.get_template(template_name)
  File "C:\Users\suze\Desktop\kira\venv\lib\site-packages\django\template\backends\django.py", line 34, in get_template
    return Template(self.engine.get_template(template_name), self)
  File "C:\Users\suze\Desktop\kira\venv\lib\site-packages\django\template\engine.py", line 143, in get_template
    template, origin = self.find_template(template_name)
  File "C:\Users\suze\Desktop\kira\venv\lib\site-packages\django\template\engine.py", line 125, in find_template
    template = loader.get_template(name, skip=skip)
  File "C:\Users\suze\Desktop\kira\venv\lib\site-packages\django\template\loaders\base.py", line 29, in get_template
    return Template(
  File "C:\Users\suze\Desktop\kira\venv\lib\site-packages\django\template\base.py", line 155, in __init__
    self.nodelist = self.compile_nodelist()
  File "C:\Users\suze\Desktop\kira\venv\lib\site-packages\django\template\base.py", line 193, in compile_nodelist
    return parser.parse()
  File "C:\Users\suze\Desktop\kira\venv\lib\site-packages\django\template\base.py", line 472, in parse
    self.invalid_block_tag(token, command, parse_until)
  File "C:\Users\suze\Desktop\kira\venv\lib\site-packages\django\template\base.py", line 531, in invalid_block_tag
    raise self.error(
django.template.exceptions.TemplateSyntaxError: Invalid block tag on line 11: 'static'. Did you forget to register or load this tag?
ERROR 2021-08-09 21:30:30,466 basehttp 161 "GET /login/ HTTP/1.1" 500 145906
INFO 2021-08-09 22:37:18,024 autoreload 637 Watching for file changes with StatReloader
INFO 2021-08-09 22:44:21,169 autoreload 637 Watching for file changes with StatReloader
INFO 2021-08-09 22:44:45,259 autoreload 637 Watching for file changes with StatReloader
WARNING 2021-08-09 22:44:46,798 log 224 Not Found: /
WARNING 2021-08-09 22:44:46,799 basehttp 161 "GET / HTTP/1.1" 404 2397
WARNING 2021-08-09 22:44:46,950 log 224 Not Found: /favicon.ico
WARNING 2021-08-09 22:44:46,950 basehttp 161 "GET /favicon.ico HTTP/1.1" 404 2448
INFO 2021-08-09 22:44:51,570 basehttp 161 "GET /admin HTTP/1.1" 301 0
INFO 2021-08-09 22:44:51,587 basehttp 161 "GET /admin/ HTTP/1.1" 302 0
INFO 2021-08-09 22:44:51,619 basehttp 161 "GET /admin/login/?next=/admin/ HTTP/1.1" 200 2214
INFO 2021-08-09 22:44:51,650 basehttp 161 "GET /static/admin/css/base.css HTTP/1.1" 200 19513
INFO 2021-08-09 22:44:51,662 basehttp 161 "GET /static/admin/css/nav_sidebar.css HTTP/1.1" 200 2271
INFO 2021-08-09 22:44:51,662 basehttp 161 "GET /static/admin/css/login.css HTTP/1.1" 200 939
INFO 2021-08-09 22:44:51,664 basehttp 161 "GET /static/admin/js/nav_sidebar.js HTTP/1.1" 200 1360
INFO 2021-08-09 22:44:51,665 basehttp 161 "GET /static/admin/css/responsive.css HTTP/1.1" 200 18545
INFO 2021-08-09 22:44:51,677 basehttp 161 "GET /static/admin/css/fonts.css HTTP/1.1" 200 423
INFO 2021-08-09 22:44:51,748 basehttp 161 "GET /static/admin/fonts/Roboto-Light-webfont.woff HTTP/1.1" 200 85692
INFO 2021-08-09 22:44:51,749 basehttp 161 "GET /static/admin/fonts/Roboto-Regular-webfont.woff HTTP/1.1" 200 85876
INFO 2021-08-09 22:44:56,719 basehttp 161 "GET /register/ HTTP/1.1" 200 5188
ERROR 2021-08-09 22:45:01,202 log 224 Internal Server Error: /login/
Traceback (most recent call last):
  File "C:\Users\suze\Desktop\kira\venv\lib\site-packages\django\template\base.py", line 470, in parse
    compile_func = self.tags[command]
KeyError: 'static'

During handling of the above exception, another exception occurred:

Traceback (most recent call last):
  File "C:\Users\suze\Desktop\kira\venv\lib\site-packages\django\core\handlers\exception.py", line 47, in inner
    response = get_response(request)
  File "C:\Users\suze\Desktop\kira\venv\lib\site-packages\django\core\handlers\base.py", line 181, in _get_response
    response = wrapped_callback(request, *callback_args, **callback_kwargs)
  File "C:\Users\suze\Desktop\kira\venv\lib\site-packages\django\views\generic\base.py", line 70, in view
    return self.dispatch(request, *args, **kwargs)
  File "C:\Users\suze\Desktop\kira\venv\lib\site-packages\django\views\generic\base.py", line 98, in dispatch
    return handler(request, *args, **kwargs)
  File "C:\Users\suze\Desktop\kira\users\views.py", line 15, in get
    return render(request, 'login.html')
  File "C:\Users\suze\Desktop\kira\venv\lib\site-packages\django\shortcuts.py", line 19, in render
    content = loader.render_to_string(template_name, context, request, using=using)
  File "C:\Users\suze\Desktop\kira\venv\lib\site-packages\django\template\loader.py", line 61, in render_to_string
    template = get_template(template_name, using=using)
  File "C:\Users\suze\Desktop\kira\venv\lib\site-packages\django\template\loader.py", line 15, in get_template
    return engine.get_template(template_name)
  File "C:\Users\suze\Desktop\kira\venv\lib\site-packages\django\template\backends\django.py", line 34, in get_template
    return Template(self.engine.get_template(template_name), self)
  File "C:\Users\suze\Desktop\kira\venv\lib\site-packages\django\template\engine.py", line 143, in get_template
    template, origin = self.find_template(template_name)
  File "C:\Users\suze\Desktop\kira\venv\lib\site-packages\django\template\engine.py", line 125, in find_template
    template = loader.get_template(name, skip=skip)
  File "C:\Users\suze\Desktop\kira\venv\lib\site-packages\django\template\loaders\base.py", line 29, in get_template
    return Template(
  File "C:\Users\suze\Desktop\kira\venv\lib\site-packages\django\template\base.py", line 155, in __init__
    self.nodelist = self.compile_nodelist()
  File "C:\Users\suze\Desktop\kira\venv\lib\site-packages\django\template\base.py", line 193, in compile_nodelist
    return parser.parse()
  File "C:\Users\suze\Desktop\kira\venv\lib\site-packages\django\template\base.py", line 472, in parse
    self.invalid_block_tag(token, command, parse_until)
  File "C:\Users\suze\Desktop\kira\venv\lib\site-packages\django\template\base.py", line 531, in invalid_block_tag
    raise self.error(
django.template.exceptions.TemplateSyntaxError: Invalid block tag on line 11: 'static'. Did you forget to register or load this tag?
ERROR 2021-08-09 22:45:01,207 basehttp 161 "GET /login/ HTTP/1.1" 500 146637
INFO 2021-08-09 22:45:53,813 basehttp 161 "GET /login/ HTTP/1.1" 200 3068
INFO 2021-08-09 22:45:53,852 basehttp 161 "GET /static/js/login.js HTTP/1.1" 200 677
WARNING 2021-08-09 22:46:00,557 log 224 Not Found: /login/register.html
WARNING 2021-08-09 22:46:00,558 basehttp 161 "GET /login/register.html HTTP/1.1" 404 2472
INFO 2021-08-09 22:46:47,832 basehttp 161 "GET /login/ HTTP/1.1" 200 3068
INFO 2021-08-09 22:46:50,594 basehttp 161 "GET /login/ HTTP/1.1" 200 3068
WARNING 2021-08-09 22:46:52,591 log 224 Not Found: /login/register.html
WARNING 2021-08-09 22:46:52,592 basehttp 161 "GET /login/register.html HTTP/1.1" 404 2472
INFO 2021-08-09 22:46:56,887 basehttp 161 "GET /register/ HTTP/1.1" 200 5185
INFO 2021-08-09 22:46:58,345 basehttp 161 "GET /login/ HTTP/1.1" 200 3068
INFO 2021-08-09 22:47:22,252 basehttp 161 "GET /login/ HTTP/1.1" 200 3064
WARNING 2021-08-09 22:47:23,800 log 224 Not Found: /login/register/
WARNING 2021-08-09 22:47:23,801 basehttp 161 "GET /login/register/ HTTP/1.1" 404 2460
WARNING 2021-08-09 22:47:31,343 log 224 Not Found: /login/register/
WARNING 2021-08-09 22:47:31,343 basehttp 161 "GET /login/register/ HTTP/1.1" 404 2460
WARNING 2021-08-09 22:47:32,451 log 224 Not Found: /login/register/
WARNING 2021-08-09 22:47:32,452 basehttp 161 "GET /login/register/ HTTP/1.1" 404 2460
INFO 2021-08-09 22:47:34,624 basehttp 161 "GET /login/ HTTP/1.1" 200 3065
INFO 2021-08-09 22:47:35,666 basehttp 161 "GET /register/ HTTP/1.1" 200 5185
INFO 2021-08-09 22:47:37,642 basehttp 161 "GET /login/ HTTP/1.1" 200 3065
INFO 2021-08-10 01:17:13,408 autoreload 637 Watching for file changes with StatReloader
WARNING 2021-08-10 01:17:17,835 log 224 Not Found: /
WARNING 2021-08-10 01:17:17,837 basehttp 161 "GET / HTTP/1.1" 404 2397
INFO 2021-08-10 01:17:22,375 basehttp 161 "GET /register/ HTTP/1.1" 200 5185
INFO 2021-08-10 01:17:23,893 basehttp 161 "GET /login/ HTTP/1.1" 200 3065
INFO 2021-08-10 01:17:26,282 basehttp 161 "GET /register/ HTTP/1.1" 200 5185
INFO 2021-08-10 01:17:28,224 basehttp 161 "GET /login/ HTTP/1.1" 200 3065
INFO 2021-08-10 01:17:33,065 basehttp 161 "GET /register/ HTTP/1.1" 200 5185
INFO 2021-08-10 01:26:24,170 autoreload 251 C:\Users\suze\Desktop\kira\users\models.py changed, reloading.
INFO 2021-08-10 01:26:24,900 autoreload 637 Watching for file changes with StatReloader
INFO 2021-08-10 01:26:56,143 autoreload 251 C:\Users\suze\Desktop\kira\users\models.py changed, reloading.
INFO 2021-08-10 01:39:57,752 autoreload 637 Watching for file changes with StatReloader
WARNING 2021-08-10 01:39:58,832 log 224 Not Found: /
WARNING 2021-08-10 01:39:58,833 basehttp 161 "GET / HTTP/1.1" 404 2397
INFO 2021-08-10 01:40:02,435 basehttp 161 "GET /register/ HTTP/1.1" 200 5185
INFO 2021-08-10 01:43:44,541 autoreload 251 C:\Users\suze\Desktop\kira\users\views.py changed, reloading.
INFO 2021-08-10 01:43:45,294 autoreload 637 Watching for file changes with StatReloader
INFO 2021-08-10 01:46:17,048 autoreload 251 C:\Users\suze\Desktop\kira\users\views.py changed, reloading.
INFO 2021-08-10 01:46:18,148 autoreload 637 Watching for file changes with StatReloader
INFO 2021-08-10 01:47:53,447 autoreload 251 C:\Users\suze\Desktop\kira\users\views.py changed, reloading.
INFO 2021-08-10 01:47:54,119 autoreload 637 Watching for file changes with StatReloader
INFO 2021-08-10 01:48:23,302 autoreload 251 C:\Users\suze\Desktop\kira\users\views.py changed, reloading.
INFO 2021-08-10 01:48:24,061 autoreload 637 Watching for file changes with StatReloader
INFO 2021-08-10 01:48:52,203 autoreload 251 C:\Users\suze\Desktop\kira\users\views.py changed, reloading.
INFO 2021-08-10 01:48:52,922 autoreload 637 Watching for file changes with StatReloader
INFO 2021-08-10 01:49:03,531 autoreload 251 C:\Users\suze\Desktop\kira\users\views.py changed, reloading.
INFO 2021-08-10 01:49:04,176 autoreload 637 Watching for file changes with StatReloader
INFO 2021-08-10 01:49:25,847 autoreload 251 C:\Users\suze\Desktop\kira\users\views.py changed, reloading.
INFO 2021-08-10 01:49:26,627 autoreload 637 Watching for file changes with StatReloader
INFO 2021-08-10 01:49:50,632 autoreload 251 C:\Users\suze\Desktop\kira\users\views.py changed, reloading.
INFO 2021-08-10 01:49:51,323 autoreload 637 Watching for file changes with StatReloader
INFO 2021-08-10 01:50:29,755 autoreload 251 C:\Users\suze\Desktop\kira\users\views.py changed, reloading.
INFO 2021-08-10 01:50:30,474 autoreload 637 Watching for file changes with StatReloader
INFO 2021-08-10 01:50:34,881 autoreload 251 C:\Users\suze\Desktop\kira\users\views.py changed, reloading.
INFO 2021-08-10 02:11:10,206 autoreload 637 Watching for file changes with StatReloader
WARNING 2021-08-10 02:11:12,313 log 224 Not Found: /
WARNING 2021-08-10 02:11:12,323 basehttp 161 "GET / HTTP/1.1" 404 2572
INFO 2021-08-10 02:11:20,387 basehttp 161 "GET /register/ HTTP/1.1" 200 5185
INFO 2021-08-10 02:14:29,993 autoreload 637 Watching for file changes with StatReloader
INFO 2021-08-10 02:16:18,940 autoreload 637 Watching for file changes with StatReloader
WARNING 2021-08-10 02:16:21,191 log 224 Not Found: /
WARNING 2021-08-10 02:16:21,192 basehttp 161 "GET / HTTP/1.1" 404 2572
INFO 2021-08-10 02:16:27,923 autoreload 637 Watching for file changes with StatReloader
INFO 2021-08-10 02:17:14,100 autoreload 637 Watching for file changes with StatReloader
INFO 2021-08-10 02:19:39,613 basehttp 161 "GET /imagecode/?uuid=123 HTTP/1.1" 200 2991
INFO 2021-08-10 02:19:39,630 basehttp 75 - Broken pipe from ('127.0.0.1', 54982)

INFO 2021-08-10 02:22:35,808 autoreload 637 Watching for file changes with StatReloader
INFO 2021-08-10 02:22:43,549 basehttp 161 "GET /register/ HTTP/1.1" 200 5174
INFO 2021-08-10 02:22:43,581 basehttp 161 "GET /static/js/vue-2.5.16.js HTTP/1.1" 304 0
INFO 2021-08-10 02:22:43,583 basehttp 161 "GET /static/js/axios-0.18.0.min.js HTTP/1.1" 304 0
INFO 2021-08-10 02:22:43,586 basehttp 161 "GET /static/js/host.js HTTP/1.1" 304 0
INFO 2021-08-10 02:22:43,587 basehttp 161 "GET /static/js/common.js HTTP/1.1" 304 0
INFO 2021-08-10 02:22:43,589 basehttp 161 "GET /static/js/register.js HTTP/1.1" 304 0
INFO 2021-08-10 02:22:43,803 basehttp 161 "GET /imagecode/?uuid=ba1beb0e-d2a7-4bed-8ad5-517e3bea84af HTTP/1.1" 200 2931
INFO 2021-08-10 02:22:45,087 basehttp 161 "GET /imagecode/?uuid=5649b263-6c22-4e8a-b0b3-575459a63412 HTTP/1.1" 200 3146
INFO 2021-08-10 02:22:45,965 basehttp 161 "GET /imagecode/?uuid=eae7a065-250a-4af2-8555-7c371ff7d8b8 HTTP/1.1" 200 3064
INFO 2021-08-10 02:22:48,752 basehttp 161 "GET /imagecode/?uuid=be1500c9-5a34-4248-8d41-0a717dc3b015 HTTP/1.1" 200 3270
INFO 2021-08-10 02:22:50,549 basehttp 161 "GET /register/ HTTP/1.1" 200 5174
INFO 2021-08-10 02:22:50,647 basehttp 161 "GET /imagecode/?uuid=4375af45-8c3c-4c41-8090-123a70ac7620 HTTP/1.1" 200 3695
INFO 2021-08-10 02:22:55,319 basehttp 161 "GET /register/ HTTP/1.1" 200 5174
INFO 2021-08-10 02:22:55,409 basehttp 161 "GET /imagecode/?uuid=1a6ace00-e5f2-466b-b346-2335e5350873 HTTP/1.1" 200 2695
INFO 2021-08-10 02:22:58,796 basehttp 161 "GET /imagecode/?uuid=d6dc529b-c261-40fe-ba3b-54952f50c400 HTTP/1.1" 200 2985
INFO 2021-08-10 02:23:00,064 basehttp 161 "GET /imagecode/?uuid=243b760a-ec8a-4f4a-990a-8365bf974c0c HTTP/1.1" 200 3236
INFO 2021-08-10 02:23:00,693 basehttp 161 "GET /imagecode/?uuid=deb0cfca-7cd1-4906-8d59-396d45bc436b HTTP/1.1" 200 3438
INFO 2021-08-10 02:23:01,239 basehttp 161 "GET /imagecode/?uuid=1048b21a-fcdb-4f32-a643-157c447e27b8 HTTP/1.1" 200 3152
INFO 2021-08-10 02:23:02,536 basehttp 161 "GET /imagecode/?uuid=1363818e-3a4d-44d4-a723-789771740002 HTTP/1.1" 200 3339
INFO 2021-08-10 02:23:58,851 basehttp 161 "GET /register/ HTTP/1.1" 200 5173
WARNING 2021-08-10 02:23:58,879 log 224 Not Found: /register/image_code_url
WARNING 2021-08-10 02:23:58,880 basehttp 161 "GET /register/image_code_url HTTP/1.1" 404 2659
INFO 2021-08-10 02:24:04,147 basehttp 161 "GET /register/ HTTP/1.1" 200 5174
INFO 2021-08-10 02:24:04,196 basehttp 161 "GET /imagecode/?uuid=e7865da5-eccc-4155-b84f-e95d47de4cc1 HTTP/1.1" 200 3593
INFO 2021-08-10 03:06:42,630 autoreload 637 Watching for file changes with StatReloader
INFO 2021-08-10 03:06:53,758 basehttp 161 "GET /register/ HTTP/1.1" 200 5174
INFO 2021-08-10 03:06:53,889 basehttp 161 "GET /imagecode/?uuid=0a1fa394-b3ac-46f1-a607-f3b9d6458c48 HTTP/1.1" 200 3010
INFO 2021-08-10 03:07:19,014 basehttp 161 "GET /imagecode/?uuid=0fcbd3a9-6215-4265-af5d-ec8c188be325 HTTP/1.1" 200 3226
WARNING 2021-08-10 03:07:24,228 log 224 Not Found: /smscode/
WARNING 2021-08-10 03:07:24,229 basehttp 161 "GET /smscode/?mobile=18740773558&image_code=unrn&uuid=0fcbd3a9-6215-4265-af5d-ec8c188be325 HTTP/1.1" 404 2699
WARNING 2021-08-10 03:07:52,614 log 224 Not Found: /smscode/
WARNING 2021-08-10 03:07:52,615 basehttp 161 "GET /smscode/?mobile=18740773558&image_code=unrn&uuid=0fcbd3a9-6215-4265-af5d-ec8c188be325 HTTP/1.1" 404 2699
WARNING 2021-08-10 03:08:01,139 log 224 Not Found: /smscode/
WARNING 2021-08-10 03:08:01,140 basehttp 161 "GET /smscode/?mobile=18740773558&image_code=unrn&uuid=0fcbd3a9-6215-4265-af5d-ec8c188be325 HTTP/1.1" 404 2699
WARNING 2021-08-10 03:08:02,292 log 224 Not Found: /smscode/
WARNING 2021-08-10 03:08:02,293 basehttp 161 "GET /smscode/?mobile=18740773558&image_code=unrn&uuid=0fcbd3a9-6215-4265-af5d-ec8c188be325 HTTP/1.1" 404 2699
WARNING 2021-08-10 03:08:07,999 log 224 Not Found: /smscode/
WARNING 2021-08-10 03:08:08,000 basehttp 161 "GET /smscode/?mobile=18740773558&image_code=unrn&uuid=0fcbd3a9-6215-4265-af5d-ec8c188be325 HTTP/1.1" 404 2699
INFO 2021-08-10 03:09:45,763 autoreload 251 C:\Users\suze\Desktop\kira\users\urls.py changed, reloading.
INFO 2021-08-10 03:09:47,033 autoreload 637 Watching for file changes with StatReloader
INFO 2021-08-10 03:10:05,329 autoreload 251 C:\Users\suze\Desktop\kira\users\urls.py changed, reloading.
INFO 2021-08-10 03:10:06,626 autoreload 637 Watching for file changes with StatReloader
INFO 2021-08-10 03:10:35,436 autoreload 251 C:\Users\suze\Desktop\kira\users\urls.py changed, reloading.
INFO 2021-08-10 03:10:36,771 autoreload 637 Watching for file changes with StatReloader
INFO 2021-08-10 03:10:39,677 basehttp 161 "GET /register/ HTTP/1.1" 200 5174
INFO 2021-08-10 03:10:39,775 basehttp 161 "GET /imagecode/?uuid=0a312781-2d5b-4110-b089-d6234d8cb48a HTTP/1.1" 200 3331
INFO 2021-08-10 03:10:46,379 autoreload 637 Watching for file changes with StatReloader
INFO 2021-08-10 03:10:53,075 basehttp 161 "GET /register/ HTTP/1.1" 200 5174
INFO 2021-08-10 03:10:53,194 basehttp 161 "GET /imagecode/?uuid=6fe69e55-372f-4e0c-bc1d-7bd40f29a5db HTTP/1.1" 200 3327
INFO 2021-08-10 03:12:14,352 views 86 313572
INFO 2021-08-10 03:12:54,327 basehttp 161 "GET /smscode/?mobile=18740773558&image_code=jnwb&uuid=6fe69e55-372f-4e0c-bc1d-7bd40f29a5db HTTP/1.1" 200 13
