WARNING 2021-08-09 21:13:18,057 log 224 Not Found: /register/login.html
WARNING 2021-08-09 21:13:18,058 basehttp 161 "GET /register/login.html HTTP/1.1" 404 2305
WARNING 2021-08-09 21:13:27,830 log 224 Not Found: /register/login.html
WARNING 2021-08-09 21:13:27,831 basehttp 161 "GET /register/login.html HTTP/1.1" 404 2305
INFO 2021-08-09 21:13:32,423 basehttp 161 "GET /register HTTP/1.1" 301 0
INFO 2021-08-09 21:13:32,432 basehttp 161 "GET /register/ HTTP/1.1" 200 5188
INFO 2021-08-09 21:14:03,446 basehttp 161 "GET /register/ HTTP/1.1" 200 5188
INFO 2021-08-09 21:18:04,106 basehttp 161 "GET /register/ HTTP/1.1" 200 5188
INFO 2021-08-09 21:20:31,243 autoreload 251 C:\Users\suze\Desktop\kira\users\urls.py changed, reloading.
INFO 2021-08-09 21:20:32,352 autoreload 637 Watching for file changes with StatReloader
WARNING 2021-08-09 21:23:11,936 log 224 Not Found: /
WARNING 2021-08-09 21:23:11,938 basehttp 161 "GET / HTTP/1.1" 404 2403
INFO 2021-08-09 21:23:50,596 autoreload 251 C:\Users\suze\Desktop\kira\users\urls.py changed, reloading.
INFO 2021-08-09 21:23:51,382 autoreload 637 Watching for file changes with StatReloader
INFO 2021-08-09 21:23:52,321 basehttp 161 "GET /register/ HTTP/1.1" 200 5188
INFO 2021-08-09 21:25:41,640 autoreload 251 C:\Users\suze\Desktop\kira\users\views.py changed, reloading.
INFO 2021-08-09 21:25:42,845 autoreload 637 Watching for file changes with StatReloader
INFO 2021-08-09 21:25:43,102 basehttp 161 "GET /register/ HTTP/1.1" 200 5188
WARNING 2021-08-09 21:25:46,033 log 224 Not Found: /register/login.html
WARNING 2021-08-09 21:25:46,035 basehttp 161 "GET /register/login.html HTTP/1.1" 404 2472
WARNING 2021-08-09 21:26:30,561 log 224 Not Found: /
WARNING 2021-08-09 21:26:30,562 basehttp 161 "GET / HTTP/1.1" 404 2397
INFO 2021-08-09 21:26:36,616 basehttp 161 "GET /login HTTP/1.1" 301 0
ERROR 2021-08-09 21:26:36,719 log 224 Internal Server Error: /login/
Traceback (most recent call last):
  File "C:\Users\suze\Desktop\kira\venv\lib\site-packages\django\template\base.py", line 470, in parse
    compile_func = self.tags[command]
KeyError: 'static'

During handling of the above exception, another exception occurred:

Traceback (most recent call last):
  File "C:\Users\suze\Desktop\kira\venv\lib\site-packages\django\core\handlers\exception.py", line 47, in inner
    response = get_response(request)
  File "C:\Users\suze\Desktop\kira\venv\lib\site-packages\django\core\handlers\base.py", line 181, in _get_response
    response = wrapped_callback(request, *callback_args, **callback_kwargs)
  File "C:\Users\suze\Desktop\kira\venv\lib\site-packages\django\views\generic\base.py", line 70, in view
    return self.dispatch(request, *args, **kwargs)
  File "C:\Users\suze\Desktop\kira\venv\lib\site-packages\django\views\generic\base.py", line 98, in dispatch
    return handler(request, *args, **kwargs)
  File "C:\Users\suze\Desktop\kira\users\views.py", line 15, in get
    return render(request, 'login.html')
  File "C:\Users\suze\Desktop\kira\venv\lib\site-packages\django\shortcuts.py", line 19, in render
    content = loader.render_to_string(template_name, context, request, using=using)
  File "C:\Users\suze\Desktop\kira\venv\lib\site-packages\django\template\loader.py", line 61, in render_to_string
    template = get_template(template_name, using=using)
  File "C:\Users\suze\Desktop\kira\venv\lib\site-packages\django\template\loader.py", line 15, in get_template
    return engine.get_template(template_name)
  File "C:\Users\suze\Desktop\kira\venv\lib\site-packages\django\template\backends\django.py", line 34, in get_template
    return Template(self.engine.get_template(template_name), self)
  File "C:\Users\suze\Desktop\kira\venv\lib\site-packages\django\template\engine.py", line 143, in get_template
    template, origin = self.find_template(template_name)
  File "C:\Users\suze\Desktop\kira\venv\lib\site-packages\django\template\engine.py", line 125, in find_template
    template = loader.get_template(name, skip=skip)
  File "C:\Users\suze\Desktop\kira\venv\lib\site-packages\django\template\loaders\base.py", line 29, in get_template
    return Template(
  File "C:\Users\suze\Desktop\kira\venv\lib\site-packages\django\template\base.py", line 155, in __init__
    self.nodelist = self.compile_nodelist()
  File "C:\Users\suze\Desktop\kira\venv\lib\site-packages\django\template\base.py", line 193, in compile_nodelist
    return parser.parse()
  File "C:\Users\suze\Desktop\kira\venv\lib\site-packages\django\template\base.py", line 472, in parse
    self.invalid_block_tag(token, command, parse_until)
  File "C:\Users\suze\Desktop\kira\venv\lib\site-packages\django\template\base.py", line 531, in invalid_block_tag
    raise self.error(
django.template.exceptions.TemplateSyntaxError: Invalid block tag on line 11: 'static'. Did you forget to register or load this tag?
ERROR 2021-08-09 21:26:36,731 basehttp 161 "GET /login/ HTTP/1.1" 500 145906
WARNING 2021-08-09 21:27:31,712 log 224 Not Found: /re
WARNING 2021-08-09 21:27:31,714 basehttp 161 "GET /re HTTP/1.1" 404 2421
INFO 2021-08-09 21:27:36,950 basehttp 161 "GET /register/ HTTP/1.1" 200 5188
ERROR 2021-08-09 21:27:52,160 log 224 Internal Server Error: /login/
Traceback (most recent call last):
  File "C:\Users\suze\Desktop\kira\venv\lib\site-packages\django\template\base.py", line 470, in parse
    compile_func = self.tags[command]
KeyError: 'static'

During handling of the above exception, another exception occurred:

Traceback (most recent call last):
  File "C:\Users\suze\Desktop\kira\venv\lib\site-packages\django\core\handlers\exception.py", line 47, in inner
    response = get_response(request)
  File "C:\Users\suze\Desktop\kira\venv\lib\site-packages\django\core\handlers\base.py", line 181, in _get_response
    response = wrapped_callback(request, *callback_args, **callback_kwargs)
  File "C:\Users\suze\Desktop\kira\venv\lib\site-packages\django\views\generic\base.py", line 70, in view
    return self.dispatch(request, *args, **kwargs)
  File "C:\Users\suze\Desktop\kira\venv\lib\site-packages\django\views\generic\base.py", line 98, in dispatch
    return handler(request, *args, **kwargs)
  File "C:\Users\suze\Desktop\kira\users\views.py", line 15, in get
    return render(request, 'login.html')
  File "C:\Users\suze\Desktop\kira\venv\lib\site-packages\django\shortcuts.py", line 19, in render
    content = loader.render_to_string(template_name, context, request, using=using)
  File "C:\Users\suze\Desktop\kira\venv\lib\site-packages\django\template\loader.py", line 61, in render_to_string
    template = get_template(template_name, using=using)
  File "C:\Users\suze\Desktop\kira\venv\lib\site-packages\django\template\loader.py", line 15, in get_template
    return engine.get_template(template_name)
  File "C:\Users\suze\Desktop\kira\venv\lib\site-packages\django\template\backends\django.py", line 34, in get_template
    return Template(self.engine.get_template(template_name), self)
  File "C:\Users\suze\Desktop\kira\venv\lib\site-packages\django\template\engine.py", line 143, in get_template
    template, origin = self.find_template(template_name)
  File "C:\Users\suze\Desktop\kira\venv\lib\site-packages\django\template\engine.py", line 125, in find_template
    template = loader.get_template(name, skip=skip)
  File "C:\Users\suze\Desktop\kira\venv\lib\site-packages\django\template\loaders\base.py", line 29, in get_template
    return Template(
  File "C:\Users\suze\Desktop\kira\venv\lib\site-packages\django\template\base.py", line 155, in __init__
    self.nodelist = self.compile_nodelist()
  File "C:\Users\suze\Desktop\kira\venv\lib\site-packages\django\template\base.py", line 193, in compile_nodelist
    return parser.parse()
  File "C:\Users\suze\Desktop\kira\venv\lib\site-packages\django\template\base.py", line 472, in parse
    self.invalid_block_tag(token, command, parse_until)
  File "C:\Users\suze\Desktop\kira\venv\lib\site-packages\django\template\base.py", line 531, in invalid_block_tag
    raise self.error(
django.template.exceptions.TemplateSyntaxError: Invalid block tag on line 11: 'static'. Did you forget to register or load this tag?
ERROR 2021-08-09 21:27:52,167 basehttp 161 "GET /login/ HTTP/1.1" 500 145906
WARNING 2021-08-09 21:27:58,482 log 224 Not Found: /login.html
WARNING 2021-08-09 21:27:58,484 basehttp 161 "GET /login.html HTTP/1.1" 404 2445
WARNING 2021-08-09 21:28:01,423 log 224 Not Found: /login.html
WARNING 2021-08-09 21:28:01,424 basehttp 161 "GET /login.html HTTP/1.1" 404 2445
INFO 2021-08-09 21:28:18,033 basehttp 161 "GET /register/ HTTP/1.1" 200 5188
ERROR 2021-08-09 21:28:26,956 log 224 Internal Server Error: /login/
Traceback (most recent call last):
  File "C:\Users\suze\Desktop\kira\venv\lib\site-packages\django\template\base.py", line 470, in parse
    compile_func = self.tags[command]
KeyError: 'static'

During handling of the above exception, another exception occurred:

Traceback (most recent call last):
  File "C:\Users\suze\Desktop\kira\venv\lib\site-packages\django\core\handlers\exception.py", line 47, in inner
    response = get_response(request)
  File "C:\Users\suze\Desktop\kira\venv\lib\site-packages\django\core\handlers\base.py", line 181, in _get_response
    response = wrapped_callback(request, *callback_args, **callback_kwargs)
  File "C:\Users\suze\Desktop\kira\venv\lib\site-packages\django\views\generic\base.py", line 70, in view
    return self.dispatch(request, *args, **kwargs)
  File "C:\Users\suze\Desktop\kira\venv\lib\site-packages\django\views\generic\base.py", line 98, in dispatch
    return handler(request, *args, **kwargs)
  File "C:\Users\suze\Desktop\kira\users\views.py", line 15, in get
    return render(request, 'login.html')
  File "C:\Users\suze\Desktop\kira\venv\lib\site-packages\django\shortcuts.py", line 19, in render
    content = loader.render_to_string(template_name, context, request, using=using)
  File "C:\Users\suze\Desktop\kira\venv\lib\site-packages\django\template\loader.py", line 61, in render_to_string
    template = get_template(template_name, using=using)
  File "C:\Users\suze\Desktop\kira\venv\lib\site-packages\django\template\loader.py", line 15, in get_template
    return engine.get_template(template_name)
  File "C:\Users\suze\Desktop\kira\venv\lib\site-packages\django\template\backends\django.py", line 34, in get_template
    return Template(self.engine.get_template(template_name), self)
  File "C:\Users\suze\Desktop\kira\venv\lib\site-packages\django\template\engine.py", line 143, in get_template
    template, origin = self.find_template(template_name)
  File "C:\Users\suze\Desktop\kira\venv\lib\site-packages\django\template\engine.py", line 125, in find_template
    template = loader.get_template(name, skip=skip)
  File "C:\Users\suze\Desktop\kira\venv\lib\site-packages\django\template\loaders\base.py", line 29, in get_template
    return Template(
  File "C:\Users\suze\Desktop\kira\venv\lib\site-packages\django\template\base.py", line 155, in __init__
    self.nodelist = self.compile_nodelist()
  File "C:\Users\suze\Desktop\kira\venv\lib\site-packages\django\template\base.py", line 193, in compile_nodelist
    return parser.parse()
  File "C:\Users\suze\Desktop\kira\venv\lib\site-packages\django\template\base.py", line 472, in parse
    self.invalid_block_tag(token, command, parse_until)
  File "C:\Users\suze\Desktop\kira\venv\lib\site-packages\django\template\base.py", line 531, in invalid_block_tag
    raise self.error(
django.template.exceptions.TemplateSyntaxError: Invalid block tag on line 11: 'static'. Did you forget to register or load this tag?
ERROR 2021-08-09 21:28:26,976 basehttp 161 "GET /login/ HTTP/1.1" 500 145906
INFO 2021-08-09 21:29:05,871 autoreload 637 Watching for file changes with StatReloader
ERROR 2021-08-09 21:29:14,021 log 224 Internal Server Error: /login/
Traceback (most recent call last):
  File "C:\Users\suze\Desktop\kira\venv\lib\site-packages\django\template\base.py", line 470, in parse
    compile_func = self.tags[command]
KeyError: 'static'

During handling of the above exception, another exception occurred:

Traceback (most recent call last):
  File "C:\Users\suze\Desktop\kira\venv\lib\site-packages\django\core\handlers\exception.py", line 47, in inner
    response = get_response(request)
  File "C:\Users\suze\Desktop\kira\venv\lib\site-packages\django\core\handlers\base.py", line 181, in _get_response
    response = wrapped_callback(request, *callback_args, **callback_kwargs)
  File "C:\Users\suze\Desktop\kira\venv\lib\site-packages\django\views\generic\base.py", line 70, in view
    return self.dispatch(request, *args, **kwargs)
  File "C:\Users\suze\Desktop\kira\venv\lib\site-packages\django\views\generic\base.py", line 98, in dispatch
    return handler(request, *args, **kwargs)
  File "C:\Users\suze\Desktop\kira\users\views.py", line 15, in get
    return render(request, 'login.html')
  File "C:\Users\suze\Desktop\kira\venv\lib\site-packages\django\shortcuts.py", line 19, in render
    content = loader.render_to_string(template_name, context, request, using=using)
  File "C:\Users\suze\Desktop\kira\venv\lib\site-packages\django\template\loader.py", line 61, in render_to_string
    template = get_template(template_name, using=using)
  File "C:\Users\suze\Desktop\kira\venv\lib\site-packages\django\template\loader.py", line 15, in get_template
    return engine.get_template(template_name)
  File "C:\Users\suze\Desktop\kira\venv\lib\site-packages\django\template\backends\django.py", line 34, in get_template
    return Template(self.engine.get_template(template_name), self)
  File "C:\Users\suze\Desktop\kira\venv\lib\site-packages\django\template\engine.py", line 143, in get_template
    template, origin = self.find_template(template_name)
  File "C:\Users\suze\Desktop\kira\venv\lib\site-packages\django\template\engine.py", line 125, in find_template
    template = loader.get_template(name, skip=skip)
  File "C:\Users\suze\Desktop\kira\venv\lib\site-packages\django\template\loaders\base.py", line 29, in get_template
    return Template(
  File "C:\Users\suze\Desktop\kira\venv\lib\site-packages\django\template\base.py", line 155, in __init__
    self.nodelist = self.compile_nodelist()
  File "C:\Users\suze\Desktop\kira\venv\lib\site-packages\django\template\base.py", line 193, in compile_nodelist
    return parser.parse()
  File "C:\Users\suze\Desktop\kira\venv\lib\site-packages\django\template\base.py", line 472, in parse
    self.invalid_block_tag(token, command, parse_until)
  File "C:\Users\suze\Desktop\kira\venv\lib\site-packages\django\template\base.py", line 531, in invalid_block_tag
    raise self.error(
django.template.exceptions.TemplateSyntaxError: Invalid block tag on line 11: 'static'. Did you forget to register or load this tag?
ERROR 2021-08-09 21:29:14,030 basehttp 161 "GET /login/ HTTP/1.1" 500 146043
INFO 2021-08-09 21:30:21,393 basehttp 161 "GET /register/ HTTP/1.1" 200 5188
WARNING 2021-08-09 21:30:25,522 log 224 Not Found: /lodin
WARNING 2021-08-09 21:30:25,522 basehttp 161 "GET /lodin HTTP/1.1" 404 2430
ERROR 2021-08-09 21:30:30,459 log 224 Internal Server Error: /login/
Traceback (most recent call last):
  File "C:\Users\suze\Desktop\kira\venv\lib\site-packages\django\template\base.py", line 470, in parse
    compile_func = self.tags[command]
KeyError: 'static'

During handling of the above exception, another exception occurred:

Traceback (most recent call last):
  File "C:\Users\suze\Desktop\kira\venv\lib\site-packages\django\core\handlers\exception.py", line 47, in inner
    response = get_response(request)
  File "C:\Users\suze\Desktop\kira\venv\lib\site-packages\django\core\handlers\base.py", line 181, in _get_response
    response = wrapped_callback(request, *callback_args, **callback_kwargs)
  File "C:\Users\suze\Desktop\kira\venv\lib\site-packages\django\views\generic\base.py", line 70, in view
    return self.dispatch(request, *args, **kwargs)
  File "C:\Users\suze\Desktop\kira\venv\lib\site-packages\django\views\generic\base.py", line 98, in dispatch
    return handler(request, *args, **kwargs)
  File "C:\Users\suze\Desktop\kira\users\views.py", line 15, in get
    return render(request, 'login.html')
  File "C:\Users\suze\Desktop\kira\venv\lib\site-packages\django\shortcuts.py", line 19, in render
    content = loader.render_to_string(template_name, context, request, using=using)
  File "C:\Users\suze\Desktop\kira\venv\lib\site-packages\django\template\loader.py", line 61, in render_to_string
    template = get_template(template_name, using=using)
  File "C:\Users\suze\Desktop\kira\venv\lib\site-packages\django\template\loader.py", line 15, in get_template
    return engine.get_template(template_name)
  File "C:\Users\suze\Desktop\kira\venv\lib\site-packages\django\template\backends\django.py", line 34, in get_template
    return Template(self.engine.get_template(template_name), self)
  File "C:\Users\suze\Desktop\kira\venv\lib\site-packages\django\template\engine.py", line 143, in get_template
    template, origin = self.find_template(template_name)
  File "C:\Users\suze\Desktop\kira\venv\lib\site-packages\django\template\engine.py", line 125, in find_template
    template = loader.get_template(name, skip=skip)
  File "C:\Users\suze\Desktop\kira\venv\lib\site-packages\django\template\loaders\base.py", line 29, in get_template
    return Template(
  File "C:\Users\suze\Desktop\kira\venv\lib\site-packages\django\template\base.py", line 155, in __init__
    self.nodelist = self.compile_nodelist()
  File "C:\Users\suze\Desktop\kira\venv\lib\site-packages\django\template\base.py", line 193, in compile_nodelist
    return parser.parse()
  File "C:\Users\suze\Desktop\kira\venv\lib\site-packages\django\template\base.py", line 472, in parse
    self.invalid_block_tag(token, command, parse_until)
  File "C:\Users\suze\Desktop\kira\venv\lib\site-packages\django\template\base.py", line 531, in invalid_block_tag
    raise self.error(
django.template.exceptions.TemplateSyntaxError: Invalid block tag on line 11: 'static'. Did you forget to register or load this tag?
ERROR 2021-08-09 21:30:30,466 basehttp 161 "GET /login/ HTTP/1.1" 500 145906
INFO 2021-08-09 22:37:18,024 autoreload 637 Watching for file changes with StatReloader
INFO 2021-08-09 22:44:21,169 autoreload 637 Watching for file changes with StatReloader
INFO 2021-08-09 22:44:45,259 autoreload 637 Watching for file changes with StatReloader
WARNING 2021-08-09 22:44:46,798 log 224 Not Found: /
WARNING 2021-08-09 22:44:46,799 basehttp 161 "GET / HTTP/1.1" 404 2397
WARNING 2021-08-09 22:44:46,950 log 224 Not Found: /favicon.ico
WARNING 2021-08-09 22:44:46,950 basehttp 161 "GET /favicon.ico HTTP/1.1" 404 2448
INFO 2021-08-09 22:44:51,570 basehttp 161 "GET /admin HTTP/1.1" 301 0
INFO 2021-08-09 22:44:51,587 basehttp 161 "GET /admin/ HTTP/1.1" 302 0
INFO 2021-08-09 22:44:51,619 basehttp 161 "GET /admin/login/?next=/admin/ HTTP/1.1" 200 2214
INFO 2021-08-09 22:44:51,650 basehttp 161 "GET /static/admin/css/base.css HTTP/1.1" 200 19513
INFO 2021-08-09 22:44:51,662 basehttp 161 "GET /static/admin/css/nav_sidebar.css HTTP/1.1" 200 2271
INFO 2021-08-09 22:44:51,662 basehttp 161 "GET /static/admin/css/login.css HTTP/1.1" 200 939
INFO 2021-08-09 22:44:51,664 basehttp 161 "GET /static/admin/js/nav_sidebar.js HTTP/1.1" 200 1360
INFO 2021-08-09 22:44:51,665 basehttp 161 "GET /static/admin/css/responsive.css HTTP/1.1" 200 18545
INFO 2021-08-09 22:44:51,677 basehttp 161 "GET /static/admin/css/fonts.css HTTP/1.1" 200 423
INFO 2021-08-09 22:44:51,748 basehttp 161 "GET /static/admin/fonts/Roboto-Light-webfont.woff HTTP/1.1" 200 85692
INFO 2021-08-09 22:44:51,749 basehttp 161 "GET /static/admin/fonts/Roboto-Regular-webfont.woff HTTP/1.1" 200 85876
INFO 2021-08-09 22:44:56,719 basehttp 161 "GET /register/ HTTP/1.1" 200 5188
ERROR 2021-08-09 22:45:01,202 log 224 Internal Server Error: /login/
Traceback (most recent call last):
  File "C:\Users\suze\Desktop\kira\venv\lib\site-packages\django\template\base.py", line 470, in parse
    compile_func = self.tags[command]
KeyError: 'static'

During handling of the above exception, another exception occurred:

Traceback (most recent call last):
  File "C:\Users\suze\Desktop\kira\venv\lib\site-packages\django\core\handlers\exception.py", line 47, in inner
    response = get_response(request)
  File "C:\Users\suze\Desktop\kira\venv\lib\site-packages\django\core\handlers\base.py", line 181, in _get_response
    response = wrapped_callback(request, *callback_args, **callback_kwargs)
  File "C:\Users\suze\Desktop\kira\venv\lib\site-packages\django\views\generic\base.py", line 70, in view
    return self.dispatch(request, *args, **kwargs)
  File "C:\Users\suze\Desktop\kira\venv\lib\site-packages\django\views\generic\base.py", line 98, in dispatch
    return handler(request, *args, **kwargs)
  File "C:\Users\suze\Desktop\kira\users\views.py", line 15, in get
    return render(request, 'login.html')
  File "C:\Users\suze\Desktop\kira\venv\lib\site-packages\django\shortcuts.py", line 19, in render
    content = loader.render_to_string(template_name, context, request, using=using)
  File "C:\Users\suze\Desktop\kira\venv\lib\site-packages\django\template\loader.py", line 61, in render_to_string
    template = get_template(template_name, using=using)
  File "C:\Users\suze\Desktop\kira\venv\lib\site-packages\django\template\loader.py", line 15, in get_template
    return engine.get_template(template_name)
  File "C:\Users\suze\Desktop\kira\venv\lib\site-packages\django\template\backends\django.py", line 34, in get_template
    return Template(self.engine.get_template(template_name), self)
  File "C:\Users\suze\Desktop\kira\venv\lib\site-packages\django\template\engine.py", line 143, in get_template
    template, origin = self.find_template(template_name)
  File "C:\Users\suze\Desktop\kira\venv\lib\site-packages\django\template\engine.py", line 125, in find_template
    template = loader.get_template(name, skip=skip)
  File "C:\Users\suze\Desktop\kira\venv\lib\site-packages\django\template\loaders\base.py", line 29, in get_template
    return Template(
  File "C:\Users\suze\Desktop\kira\venv\lib\site-packages\django\template\base.py", line 155, in __init__
    self.nodelist = self.compile_nodelist()
  File "C:\Users\suze\Desktop\kira\venv\lib\site-packages\django\template\base.py", line 193, in compile_nodelist
    return parser.parse()
  File "C:\Users\suze\Desktop\kira\venv\lib\site-packages\django\template\base.py", line 472, in parse
    self.invalid_block_tag(token, command, parse_until)
  File "C:\Users\suze\Desktop\kira\venv\lib\site-packages\django\template\base.py", line 531, in invalid_block_tag
    raise self.error(
django.template.exceptions.TemplateSyntaxError: Invalid block tag on line 11: 'static'. Did you forget to register or load this tag?
ERROR 2021-08-09 22:45:01,207 basehttp 161 "GET /login/ HTTP/1.1" 500 146637
INFO 2021-08-09 22:45:53,813 basehttp 161 "GET /login/ HTTP/1.1" 200 3068
INFO 2021-08-09 22:45:53,852 basehttp 161 "GET /static/js/login.js HTTP/1.1" 200 677
WARNING 2021-08-09 22:46:00,557 log 224 Not Found: /login/register.html
WARNING 2021-08-09 22:46:00,558 basehttp 161 "GET /login/register.html HTTP/1.1" 404 2472
INFO 2021-08-09 22:46:47,832 basehttp 161 "GET /login/ HTTP/1.1" 200 3068
INFO 2021-08-09 22:46:50,594 basehttp 161 "GET /login/ HTTP/1.1" 200 3068
WARNING 2021-08-09 22:46:52,591 log 224 Not Found: /login/register.html
WARNING 2021-08-09 22:46:52,592 basehttp 161 "GET /login/register.html HTTP/1.1" 404 2472
INFO 2021-08-09 22:46:56,887 basehttp 161 "GET /register/ HTTP/1.1" 200 5185
INFO 2021-08-09 22:46:58,345 basehttp 161 "GET /login/ HTTP/1.1" 200 3068
INFO 2021-08-09 22:47:22,252 basehttp 161 "GET /login/ HTTP/1.1" 200 3064
WARNING 2021-08-09 22:47:23,800 log 224 Not Found: /login/register/
WARNING 2021-08-09 22:47:23,801 basehttp 161 "GET /login/register/ HTTP/1.1" 404 2460
WARNING 2021-08-09 22:47:31,343 log 224 Not Found: /login/register/
WARNING 2021-08-09 22:47:31,343 basehttp 161 "GET /login/register/ HTTP/1.1" 404 2460
WARNING 2021-08-09 22:47:32,451 log 224 Not Found: /login/register/
WARNING 2021-08-09 22:47:32,452 basehttp 161 "GET /login/register/ HTTP/1.1" 404 2460
INFO 2021-08-09 22:47:34,624 basehttp 161 "GET /login/ HTTP/1.1" 200 3065
INFO 2021-08-09 22:47:35,666 basehttp 161 "GET /register/ HTTP/1.1" 200 5185
INFO 2021-08-09 22:47:37,642 basehttp 161 "GET /login/ HTTP/1.1" 200 3065
INFO 2021-08-10 01:17:13,408 autoreload 637 Watching for file changes with StatReloader
WARNING 2021-08-10 01:17:17,835 log 224 Not Found: /
WARNING 2021-08-10 01:17:17,837 basehttp 161 "GET / HTTP/1.1" 404 2397
INFO 2021-08-10 01:17:22,375 basehttp 161 "GET /register/ HTTP/1.1" 200 5185
INFO 2021-08-10 01:17:23,893 basehttp 161 "GET /login/ HTTP/1.1" 200 3065
INFO 2021-08-10 01:17:26,282 basehttp 161 "GET /register/ HTTP/1.1" 200 5185
INFO 2021-08-10 01:17:28,224 basehttp 161 "GET /login/ HTTP/1.1" 200 3065
INFO 2021-08-10 01:17:33,065 basehttp 161 "GET /register/ HTTP/1.1" 200 5185
INFO 2021-08-10 01:26:24,170 autoreload 251 C:\Users\suze\Desktop\kira\users\models.py changed, reloading.
INFO 2021-08-10 01:26:24,900 autoreload 637 Watching for file changes with StatReloader
INFO 2021-08-10 01:26:56,143 autoreload 251 C:\Users\suze\Desktop\kira\users\models.py changed, reloading.
INFO 2021-08-10 01:39:57,752 autoreload 637 Watching for file changes with StatReloader
WARNING 2021-08-10 01:39:58,832 log 224 Not Found: /
WARNING 2021-08-10 01:39:58,833 basehttp 161 "GET / HTTP/1.1" 404 2397
INFO 2021-08-10 01:40:02,435 basehttp 161 "GET /register/ HTTP/1.1" 200 5185
INFO 2021-08-10 01:43:44,541 autoreload 251 C:\Users\suze\Desktop\kira\users\views.py changed, reloading.
INFO 2021-08-10 01:43:45,294 autoreload 637 Watching for file changes with StatReloader
INFO 2021-08-10 01:46:17,048 autoreload 251 C:\Users\suze\Desktop\kira\users\views.py changed, reloading.
INFO 2021-08-10 01:46:18,148 autoreload 637 Watching for file changes with StatReloader
INFO 2021-08-10 01:47:53,447 autoreload 251 C:\Users\suze\Desktop\kira\users\views.py changed, reloading.
INFO 2021-08-10 01:47:54,119 autoreload 637 Watching for file changes with StatReloader
INFO 2021-08-10 01:48:23,302 autoreload 251 C:\Users\suze\Desktop\kira\users\views.py changed, reloading.
INFO 2021-08-10 01:48:24,061 autoreload 637 Watching for file changes with StatReloader
INFO 2021-08-10 01:48:52,203 autoreload 251 C:\Users\suze\Desktop\kira\users\views.py changed, reloading.
INFO 2021-08-10 01:48:52,922 autoreload 637 Watching for file changes with StatReloader
INFO 2021-08-10 01:49:03,531 autoreload 251 C:\Users\suze\Desktop\kira\users\views.py changed, reloading.
INFO 2021-08-10 01:49:04,176 autoreload 637 Watching for file changes with StatReloader
INFO 2021-08-10 01:49:25,847 autoreload 251 C:\Users\suze\Desktop\kira\users\views.py changed, reloading.
INFO 2021-08-10 01:49:26,627 autoreload 637 Watching for file changes with StatReloader
INFO 2021-08-10 01:49:50,632 autoreload 251 C:\Users\suze\Desktop\kira\users\views.py changed, reloading.
INFO 2021-08-10 01:49:51,323 autoreload 637 Watching for file changes with StatReloader
INFO 2021-08-10 01:50:29,755 autoreload 251 C:\Users\suze\Desktop\kira\users\views.py changed, reloading.
INFO 2021-08-10 01:50:30,474 autoreload 637 Watching for file changes with StatReloader
INFO 2021-08-10 01:50:34,881 autoreload 251 C:\Users\suze\Desktop\kira\users\views.py changed, reloading.
INFO 2021-08-10 02:11:10,206 autoreload 637 Watching for file changes with StatReloader
WARNING 2021-08-10 02:11:12,313 log 224 Not Found: /
WARNING 2021-08-10 02:11:12,323 basehttp 161 "GET / HTTP/1.1" 404 2572
INFO 2021-08-10 02:11:20,387 basehttp 161 "GET /register/ HTTP/1.1" 200 5185
INFO 2021-08-10 02:14:29,993 autoreload 637 Watching for file changes with StatReloader
INFO 2021-08-10 02:16:18,940 autoreload 637 Watching for file changes with StatReloader
WARNING 2021-08-10 02:16:21,191 log 224 Not Found: /
WARNING 2021-08-10 02:16:21,192 basehttp 161 "GET / HTTP/1.1" 404 2572
INFO 2021-08-10 02:16:27,923 autoreload 637 Watching for file changes with StatReloader
INFO 2021-08-10 02:17:14,100 autoreload 637 Watching for file changes with StatReloader
INFO 2021-08-10 02:19:39,613 basehttp 161 "GET /imagecode/?uuid=123 HTTP/1.1" 200 2991
INFO 2021-08-10 02:19:39,630 basehttp 75 - Broken pipe from ('127.0.0.1', 54982)

INFO 2021-08-10 02:22:35,808 autoreload 637 Watching for file changes with StatReloader
INFO 2021-08-10 02:22:43,549 basehttp 161 "GET /register/ HTTP/1.1" 200 5174
INFO 2021-08-10 02:22:43,581 basehttp 161 "GET /static/js/vue-2.5.16.js HTTP/1.1" 304 0
INFO 2021-08-10 02:22:43,583 basehttp 161 "GET /static/js/axios-0.18.0.min.js HTTP/1.1" 304 0
INFO 2021-08-10 02:22:43,586 basehttp 161 "GET /static/js/host.js HTTP/1.1" 304 0
INFO 2021-08-10 02:22:43,587 basehttp 161 "GET /static/js/common.js HTTP/1.1" 304 0
INFO 2021-08-10 02:22:43,589 basehttp 161 "GET /static/js/register.js HTTP/1.1" 304 0
INFO 2021-08-10 02:22:43,803 basehttp 161 "GET /imagecode/?uuid=ba1beb0e-d2a7-4bed-8ad5-517e3bea84af HTTP/1.1" 200 2931
INFO 2021-08-10 02:22:45,087 basehttp 161 "GET /imagecode/?uuid=5649b263-6c22-4e8a-b0b3-575459a63412 HTTP/1.1" 200 3146
INFO 2021-08-10 02:22:45,965 basehttp 161 "GET /imagecode/?uuid=eae7a065-250a-4af2-8555-7c371ff7d8b8 HTTP/1.1" 200 3064
INFO 2021-08-10 02:22:48,752 basehttp 161 "GET /imagecode/?uuid=be1500c9-5a34-4248-8d41-0a717dc3b015 HTTP/1.1" 200 3270
INFO 2021-08-10 02:22:50,549 basehttp 161 "GET /register/ HTTP/1.1" 200 5174
INFO 2021-08-10 02:22:50,647 basehttp 161 "GET /imagecode/?uuid=4375af45-8c3c-4c41-8090-123a70ac7620 HTTP/1.1" 200 3695
INFO 2021-08-10 02:22:55,319 basehttp 161 "GET /register/ HTTP/1.1" 200 5174
INFO 2021-08-10 02:22:55,409 basehttp 161 "GET /imagecode/?uuid=1a6ace00-e5f2-466b-b346-2335e5350873 HTTP/1.1" 200 2695
INFO 2021-08-10 02:22:58,796 basehttp 161 "GET /imagecode/?uuid=d6dc529b-c261-40fe-ba3b-54952f50c400 HTTP/1.1" 200 2985
INFO 2021-08-10 02:23:00,064 basehttp 161 "GET /imagecode/?uuid=243b760a-ec8a-4f4a-990a-8365bf974c0c HTTP/1.1" 200 3236
INFO 2021-08-10 02:23:00,693 basehttp 161 "GET /imagecode/?uuid=deb0cfca-7cd1-4906-8d59-396d45bc436b HTTP/1.1" 200 3438
INFO 2021-08-10 02:23:01,239 basehttp 161 "GET /imagecode/?uuid=1048b21a-fcdb-4f32-a643-157c447e27b8 HTTP/1.1" 200 3152
INFO 2021-08-10 02:23:02,536 basehttp 161 "GET /imagecode/?uuid=1363818e-3a4d-44d4-a723-789771740002 HTTP/1.1" 200 3339
INFO 2021-08-10 02:23:58,851 basehttp 161 "GET /register/ HTTP/1.1" 200 5173
WARNING 2021-08-10 02:23:58,879 log 224 Not Found: /register/image_code_url
WARNING 2021-08-10 02:23:58,880 basehttp 161 "GET /register/image_code_url HTTP/1.1" 404 2659
INFO 2021-08-10 02:24:04,147 basehttp 161 "GET /register/ HTTP/1.1" 200 5174
INFO 2021-08-10 02:24:04,196 basehttp 161 "GET /imagecode/?uuid=e7865da5-eccc-4155-b84f-e95d47de4cc1 HTTP/1.1" 200 3593
INFO 2021-08-10 03:06:42,630 autoreload 637 Watching for file changes with StatReloader
INFO 2021-08-10 03:06:53,758 basehttp 161 "GET /register/ HTTP/1.1" 200 5174
INFO 2021-08-10 03:06:53,889 basehttp 161 "GET /imagecode/?uuid=0a1fa394-b3ac-46f1-a607-f3b9d6458c48 HTTP/1.1" 200 3010
INFO 2021-08-10 03:07:19,014 basehttp 161 "GET /imagecode/?uuid=0fcbd3a9-6215-4265-af5d-ec8c188be325 HTTP/1.1" 200 3226
WARNING 2021-08-10 03:07:24,228 log 224 Not Found: /smscode/
WARNING 2021-08-10 03:07:24,229 basehttp 161 "GET /smscode/?mobile=18740773558&image_code=unrn&uuid=0fcbd3a9-6215-4265-af5d-ec8c188be325 HTTP/1.1" 404 2699
WARNING 2021-08-10 03:07:52,614 log 224 Not Found: /smscode/
WARNING 2021-08-10 03:07:52,615 basehttp 161 "GET /smscode/?mobile=18740773558&image_code=unrn&uuid=0fcbd3a9-6215-4265-af5d-ec8c188be325 HTTP/1.1" 404 2699
WARNING 2021-08-10 03:08:01,139 log 224 Not Found: /smscode/
WARNING 2021-08-10 03:08:01,140 basehttp 161 "GET /smscode/?mobile=18740773558&image_code=unrn&uuid=0fcbd3a9-6215-4265-af5d-ec8c188be325 HTTP/1.1" 404 2699
WARNING 2021-08-10 03:08:02,292 log 224 Not Found: /smscode/
WARNING 2021-08-10 03:08:02,293 basehttp 161 "GET /smscode/?mobile=18740773558&image_code=unrn&uuid=0fcbd3a9-6215-4265-af5d-ec8c188be325 HTTP/1.1" 404 2699
WARNING 2021-08-10 03:08:07,999 log 224 Not Found: /smscode/
WARNING 2021-08-10 03:08:08,000 basehttp 161 "GET /smscode/?mobile=18740773558&image_code=unrn&uuid=0fcbd3a9-6215-4265-af5d-ec8c188be325 HTTP/1.1" 404 2699
INFO 2021-08-10 03:09:45,763 autoreload 251 C:\Users\suze\Desktop\kira\users\urls.py changed, reloading.
INFO 2021-08-10 03:09:47,033 autoreload 637 Watching for file changes with StatReloader
INFO 2021-08-10 03:10:05,329 autoreload 251 C:\Users\suze\Desktop\kira\users\urls.py changed, reloading.
INFO 2021-08-10 03:10:06,626 autoreload 637 Watching for file changes with StatReloader
INFO 2021-08-10 03:10:35,436 autoreload 251 C:\Users\suze\Desktop\kira\users\urls.py changed, reloading.
INFO 2021-08-10 03:10:36,771 autoreload 637 Watching for file changes with StatReloader
INFO 2021-08-10 03:10:39,677 basehttp 161 "GET /register/ HTTP/1.1" 200 5174
INFO 2021-08-10 03:10:39,775 basehttp 161 "GET /imagecode/?uuid=0a312781-2d5b-4110-b089-d6234d8cb48a HTTP/1.1" 200 3331
INFO 2021-08-10 03:10:46,379 autoreload 637 Watching for file changes with StatReloader
INFO 2021-08-10 03:10:53,075 basehttp 161 "GET /register/ HTTP/1.1" 200 5174
INFO 2021-08-10 03:10:53,194 basehttp 161 "GET /imagecode/?uuid=6fe69e55-372f-4e0c-bc1d-7bd40f29a5db HTTP/1.1" 200 3327
INFO 2021-08-10 03:12:14,352 views 86 313572
INFO 2021-08-10 03:12:54,327 basehttp 161 "GET /smscode/?mobile=18740773558&image_code=jnwb&uuid=6fe69e55-372f-4e0c-bc1d-7bd40f29a5db HTTP/1.1" 200 13
INFO 2021-08-10 03:21:49,143 autoreload 251 C:\Users\suze\Desktop\kira\users\views.py changed, reloading.
INFO 2021-08-10 03:21:50,509 autoreload 637 Watching for file changes with StatReloader
INFO 2021-08-10 03:21:57,182 autoreload 251 C:\Users\suze\Desktop\kira\users\views.py changed, reloading.
INFO 2021-08-10 03:21:58,481 autoreload 637 Watching for file changes with StatReloader
INFO 2021-08-10 03:45:30,281 autoreload 637 Watching for file changes with StatReloader
INFO 2021-08-10 03:47:19,358 autoreload 637 Watching for file changes with StatReloader
INFO 2021-08-10 03:47:24,378 basehttp 161 "GET /register/ HTTP/1.1" 200 5174
INFO 2021-08-10 03:47:24,491 basehttp 161 "GET /imagecode/?uuid=85f34d2c-a915-4a03-96b4-0c0b7cf2ce04 HTTP/1.1" 200 3524
INFO 2021-08-10 03:47:39,672 basehttp 161 "GET /imagecode/?uuid=7bdffc88-2880-454f-a8f1-53b5fc6f5a78 HTTP/1.1" 200 3352
INFO 2021-08-10 03:47:53,022 views 141 319108
INFO 2021-08-10 03:47:53,305 basehttp 161 "GET /smscode/?mobile=18740773558&image_code=ofxw&uuid=7bdffc88-2880-454f-a8f1-53b5fc6f5a78 HTTP/1.1" 200 13
WARNING 2021-08-10 03:50:07,940 basehttp 161 "GET /static/js/axios.min.map HTTP/1.1" 404 1807
INFO 2021-08-10 03:50:07,953 basehttp 161 "GET /static/bootstrap/css/bootstrap.min.css.map HTTP/1.1" 200 562427
INFO 2021-08-10 03:52:20,162 basehttp 161 "GET /imagecode/?uuid=1fd08505-e325-40d4-b17a-72a3522fe869 HTTP/1.1" 200 3544
INFO 2021-08-10 04:02:39,861 autoreload 637 Watching for file changes with StatReloader
INFO 2021-08-10 04:02:45,143 basehttp 161 "GET /register/ HTTP/1.1" 200 5316
INFO 2021-08-10 04:02:45,446 basehttp 161 "GET /imagecode/?uuid=1cb7338d-6468-4a70-84dc-94c63d2e2e1d HTTP/1.1" 200 2958
INFO 2021-08-10 04:03:04,223 views 141 983754
INFO 2021-08-10 04:03:04,509 basehttp 161 "GET /smscode/?mobile=18740773558&image_code=akpt&uuid=1cb7338d-6468-4a70-84dc-94c63d2e2e1d HTTP/1.1" 200 13
WARNING 2021-08-10 04:03:20,038 log 224 Bad Request: /register/
WARNING 2021-08-10 04:03:20,039 basehttp 161 "POST /register/ HTTP/1.1" 400 21
INFO 2021-08-10 04:03:23,513 basehttp 161 "GET /imagecode/?uuid=06fcdae2-4d50-496a-994e-7fd17070adbf HTTP/1.1" 200 3198
INFO 2021-08-10 04:03:32,839 basehttp 161 "GET /imagecode/?uuid=b1377889-e687-41c5-a829-8fba7b89d49d HTTP/1.1" 200 3239
WARNING 2021-08-10 04:03:38,970 log 224 Bad Request: /register/
WARNING 2021-08-10 04:03:38,970 basehttp 161 "POST /register/ HTTP/1.1" 400 21
INFO 2021-08-10 04:03:40,622 basehttp 161 "GET /imagecode/?uuid=c2b5ee32-bd4c-43e6-a93c-318028fc84a9 HTTP/1.1" 200 3240
INFO 2021-08-10 04:04:09,326 autoreload 637 Watching for file changes with StatReloader
INFO 2021-08-10 04:04:12,014 basehttp 161 "GET /register/ HTTP/1.1" 200 5316
INFO 2021-08-10 04:04:12,133 basehttp 161 "GET /imagecode/?uuid=3d414112-2d4b-4742-b00e-10fea3a415ee HTTP/1.1" 200 3170
INFO 2021-08-10 04:04:24,632 basehttp 161 "GET /imagecode/?uuid=852aecbe-c590-4148-9b94-8446feaf25df HTTP/1.1" 200 3392
INFO 2021-08-10 04:04:28,906 views 142 125123
INFO 2021-08-10 04:04:29,195 basehttp 161 "GET /smscode/?mobile=18740773558&image_code=slgz&uuid=852aecbe-c590-4148-9b94-8446feaf25df HTTP/1.1" 200 13
WARNING 2021-08-10 04:06:27,795 basehttp 161 "GET /static/js/axios.min.map HTTP/1.1" 404 1807
INFO 2021-08-10 04:06:27,807 basehttp 161 "GET /static/bootstrap/css/bootstrap.min.css.map HTTP/1.1" 200 562427
INFO 2021-08-10 04:07:46,608 autoreload 637 Watching for file changes with StatReloader
INFO 2021-08-10 04:08:04,000 autoreload 637 Watching for file changes with StatReloader
INFO 2021-08-10 04:08:11,135 basehttp 161 "GET /register/ HTTP/1.1" 200 5316
INFO 2021-08-10 04:08:11,381 basehttp 161 "GET /imagecode/?uuid=599d5483-2c3a-48b7-a0cd-3410b9b39292 HTTP/1.1" 200 3344
INFO 2021-08-10 04:08:16,258 autoreload 637 Watching for file changes with StatReloader
INFO 2021-08-10 04:08:17,260 basehttp 161 "GET /register/ HTTP/1.1" 200 5316
INFO 2021-08-10 04:08:17,373 basehttp 161 "GET /imagecode/?uuid=44dff029-f687-4004-b1f2-9188b79d1166 HTTP/1.1" 200 2993
INFO 2021-08-10 04:08:32,358 basehttp 161 "GET /imagecode/?uuid=247c432a-bf35-447e-8e6d-53629901a9cf HTTP/1.1" 200 3085
INFO 2021-08-10 04:08:36,470 views 142 405528
INFO 2021-08-10 04:08:36,722 basehttp 161 "GET /smscode/?mobile=18740773558&image_code=ksjy&uuid=247c432a-bf35-447e-8e6d-53629901a9cf HTTP/1.1" 200 13
WARNING 2021-08-10 04:09:52,262 log 224 Bad Request: /register/
WARNING 2021-08-10 04:09:58,309 basehttp 161 "POST /register/ HTTP/1.1" 400 50
INFO 2021-08-10 04:10:13,148 basehttp 161 "GET /imagecode/?uuid=2584ebdf-06bd-4a85-84a8-36d4ff950f8e HTTP/1.1" 200 2999
INFO 2021-08-10 04:10:24,594 basehttp 161 "GET /imagecode/?uuid=90af11df-35a0-4a48-b91a-9d8d84a2a207 HTTP/1.1" 200 3066
INFO 2021-08-10 04:10:25,522 basehttp 161 "GET /imagecode/?uuid=4e488a6c-6ecd-4382-b218-f1a3621892ac HTTP/1.1" 200 3042
WARNING 2021-08-10 04:10:54,023 log 224 Bad Request: /register/
WARNING 2021-08-10 04:10:54,447 basehttp 161 "POST /register/ HTTP/1.1" 400 50
INFO 2021-08-10 04:10:59,753 basehttp 161 "GET /imagecode/?uuid=e40d21fc-1650-450d-91e6-865b1ccba252 HTTP/1.1" 200 2894
INFO 2021-08-10 04:11:14,141 basehttp 161 "GET /imagecode/?uuid=9dabf8fa-94d5-4377-9ffd-fdcd926e0485 HTTP/1.1" 200 3376
INFO 2021-08-10 04:13:03,881 autoreload 637 Watching for file changes with StatReloader
INFO 2021-08-10 04:13:17,415 autoreload 637 Watching for file changes with StatReloader
INFO 2021-08-10 04:13:27,228 basehttp 161 "GET /register/ HTTP/1.1" 200 5316
INFO 2021-08-10 04:13:27,488 basehttp 161 "GET /imagecode/?uuid=ef1b5a16-2b72-490c-adf3-4c5a8ff13c0e HTTP/1.1" 200 3498
INFO 2021-08-10 04:13:33,643 autoreload 637 Watching for file changes with StatReloader
INFO 2021-08-10 04:13:36,004 basehttp 161 "GET /register/ HTTP/1.1" 200 5316
INFO 2021-08-10 04:13:36,108 basehttp 161 "GET /imagecode/?uuid=b7fe2dc6-786b-4a7f-aa68-750ae1ef24fa HTTP/1.1" 200 3197
INFO 2021-08-10 04:13:55,661 views 142 984977
INFO 2021-08-10 04:13:55,923 basehttp 161 "GET /smscode/?mobile=18740773558&image_code=j4eq&uuid=b7fe2dc6-786b-4a7f-aa68-750ae1ef24fa HTTP/1.1" 200 13
INFO 2021-08-10 04:14:36,898 basehttp 161 "POST /register/ HTTP/1.1" 200 12
INFO 2021-08-11 13:21:57,448 autoreload 637 Watching for file changes with StatReloader
INFO 2021-08-11 13:22:00,549 basehttp 161 "GET / HTTP/1.1" 200 11726
WARNING 2021-08-11 13:22:00,652 log 224 Not Found: /js/vue-2.5.16.js
WARNING 2021-08-11 13:22:00,653 log 224 Not Found: /bootstrap/css/bootstrap.min.css
WARNING 2021-08-11 13:22:00,655 log 224 Not Found: /common/common.css
WARNING 2021-08-11 13:22:00,656 log 224 Not Found: /md_css/monokai.css
WARNING 2021-08-11 13:22:00,658 log 224 Not Found: /common/jquery.pagination.css
WARNING 2021-08-11 13:22:00,659 log 224 Not Found: /js/axios-0.18.0.min.js
WARNING 2021-08-11 13:22:00,660 basehttp 161 "GET /js/vue-2.5.16.js HTTP/1.1" 404 2970
WARNING 2021-08-11 13:22:00,660 basehttp 161 "GET /common/common.css HTTP/1.1" 404 2973
WARNING 2021-08-11 13:22:00,661 basehttp 161 "GET /bootstrap/css/bootstrap.min.css HTTP/1.1" 404 3015
WARNING 2021-08-11 13:22:00,662 basehttp 161 "GET /md_css/monokai.css HTTP/1.1" 404 2976
WARNING 2021-08-11 13:22:00,663 basehttp 161 "GET /js/axios-0.18.0.min.js HTTP/1.1" 404 2988
WARNING 2021-08-11 13:22:00,663 basehttp 161 "GET /common/jquery.pagination.css HTTP/1.1" 404 3006
WARNING 2021-08-11 13:22:00,670 log 224 Not Found: /js/jquery-1.12.4.min.js
WARNING 2021-08-11 13:22:00,670 basehttp 161 "GET /js/jquery-1.12.4.min.js HTTP/1.1" 404 2991
WARNING 2021-08-11 13:22:00,679 log 224 Not Found: /js/host.js
WARNING 2021-08-11 13:22:00,679 basehttp 161 "GET /js/host.js HTTP/1.1" 404 2952
WARNING 2021-08-11 13:22:00,685 log 224 Not Found: /js/common.js
WARNING 2021-08-11 13:22:00,686 basehttp 161 "GET /js/common.js HTTP/1.1" 404 2958
WARNING 2021-08-11 13:22:00,693 log 224 Not Found: /js/index.js
WARNING 2021-08-11 13:22:00,694 basehttp 161 "GET /js/index.js HTTP/1.1" 404 2955
WARNING 2021-08-11 13:22:00,700 log 224 Not Found: /js/jquery.pagination.min.js
WARNING 2021-08-11 13:22:00,701 basehttp 161 "GET /js/jquery.pagination.min.js HTTP/1.1" 404 3003
WARNING 2021-08-11 13:22:00,706 log 224 Not Found: /img/1.jpg
WARNING 2021-08-11 13:22:00,707 basehttp 161 "GET /img/1.jpg HTTP/1.1" 404 2949
WARNING 2021-08-11 13:22:01,404 log 224 Not Found: /js/axios-0.18.0.min.js
WARNING 2021-08-11 13:22:01,404 basehttp 161 "GET /js/axios-0.18.0.min.js HTTP/1.1" 404 2988
WARNING 2021-08-11 13:22:01,412 log 224 Not Found: /js/jquery-1.12.4.min.js
WARNING 2021-08-11 13:22:01,412 basehttp 161 "GET /js/jquery-1.12.4.min.js HTTP/1.1" 404 2991
WARNING 2021-08-11 13:22:01,424 log 224 Not Found: /img/1.jpg
WARNING 2021-08-11 13:22:01,424 basehttp 161 "GET /img/1.jpg HTTP/1.1" 404 2949
WARNING 2021-08-11 13:22:01,503 log 224 Not Found: /js/host.js
WARNING 2021-08-11 13:22:01,504 basehttp 161 "GET /js/host.js HTTP/1.1" 404 2952
WARNING 2021-08-11 13:22:01,512 log 224 Not Found: /js/common.js
WARNING 2021-08-11 13:22:01,513 basehttp 161 "GET /js/common.js HTTP/1.1" 404 2958
WARNING 2021-08-11 13:22:01,522 log 224 Not Found: /js/index.js
WARNING 2021-08-11 13:22:01,523 basehttp 161 "GET /js/index.js HTTP/1.1" 404 2955
WARNING 2021-08-11 13:22:01,531 log 224 Not Found: /js/jquery.pagination.min.js
WARNING 2021-08-11 13:22:01,532 basehttp 161 "GET /js/jquery.pagination.min.js HTTP/1.1" 404 3003
WARNING 2021-08-11 13:22:03,918 log 224 Not Found: /favicon.ico
WARNING 2021-08-11 13:22:03,918 basehttp 161 "GET /favicon.ico HTTP/1.1" 404 2955
INFO 2021-08-11 13:27:08,378 basehttp 161 "GET / HTTP/1.1" 200 11831
INFO 2021-08-11 13:27:08,406 basehttp 161 "GET /static/common/common.css HTTP/1.1" 200 381
INFO 2021-08-11 13:27:08,408 basehttp 161 "GET /static/md_css/monokai.css HTTP/1.1" 200 4118
INFO 2021-08-11 13:27:08,412 basehttp 161 "GET /static/js/vue-2.5.16.js HTTP/1.1" 304 0
INFO 2021-08-11 13:27:08,412 basehttp 161 "GET /static/js/axios-0.18.0.min.js HTTP/1.1" 304 0
INFO 2021-08-11 13:27:08,413 basehttp 161 "GET /static/common/jquery.pagination.css HTTP/1.1" 200 523
INFO 2021-08-11 13:27:08,415 basehttp 161 "GET /static/js/jquery-1.12.4.min.js HTTP/1.1" 200 97163
INFO 2021-08-11 13:27:08,433 basehttp 161 "GET /static/js/host.js HTTP/1.1" 304 0
INFO 2021-08-11 13:27:08,435 basehttp 161 "GET /static/js/common.js HTTP/1.1" 304 0
INFO 2021-08-11 13:27:08,453 basehttp 161 "GET /static/js/index.js HTTP/1.1" 200 530
WARNING 2021-08-11 13:27:08,455 log 224 Not Found: /img/1.jpg
WARNING 2021-08-11 13:27:08,455 basehttp 161 "GET /img/1.jpg HTTP/1.1" 404 2949
INFO 2021-08-11 13:27:08,456 basehttp 161 "GET /static/js/jquery.pagination.min.js HTTP/1.1" 200 2935
INFO 2021-08-11 13:27:08,458 basehttp 161 "GET /static/img/1.jpg HTTP/1.1" 200 78682
WARNING 2021-08-11 13:27:08,544 log 224 Not Found: /img/1.jpg
WARNING 2021-08-11 13:27:08,544 basehttp 161 "GET /img/1.jpg HTTP/1.1" 404 2949
WARNING 2021-08-11 13:27:13,414 log 224 Not Found: /index.html
WARNING 2021-08-11 13:27:13,415 basehttp 161 "GET /index.html HTTP/1.1" 404 2952
WARNING 2021-08-11 13:27:21,208 log 224 Not Found: /write_blog.html
WARNING 2021-08-11 13:27:21,209 basehttp 161 "GET /write_blog.html HTTP/1.1" 404 2967
WARNING 2021-08-11 13:27:23,988 log 224 Not Found: /center.html
WARNING 2021-08-11 13:27:23,988 basehttp 161 "GET /center.html HTTP/1.1" 404 2955
INFO 2021-08-11 13:27:32,668 basehttp 161 "GET / HTTP/1.1" 200 11831
WARNING 2021-08-11 13:27:32,726 log 224 Not Found: /img/1.jpg
WARNING 2021-08-11 13:27:32,726 basehttp 161 "GET /img/1.jpg HTTP/1.1" 404 2949
WARNING 2021-08-11 13:27:32,773 log 224 Not Found: /img/1.jpg
WARNING 2021-08-11 13:27:32,774 basehttp 161 "GET /img/1.jpg HTTP/1.1" 404 2949
INFO 2021-08-11 13:29:59,129 autoreload 251 C:\Users\suze\Desktop\kira\users\views.py changed, reloading.
INFO 2021-08-11 13:29:59,818 autoreload 637 Watching for file changes with StatReloader
INFO 2021-08-11 13:30:15,057 basehttp 161 "GET /register/ HTTP/1.1" 200 5316
INFO 2021-08-11 13:30:15,080 basehttp 161 "GET /static/js/register.js HTTP/1.1" 304 0
INFO 2021-08-11 13:30:15,156 basehttp 161 "GET /imagecode/?uuid=8293d8e9-52aa-4207-a5ee-6e69d579c8d7 HTTP/1.1" 200 3095
INFO 2021-08-11 13:30:29,937 autoreload 637 Watching for file changes with StatReloader
INFO 2021-08-11 13:30:30,979 basehttp 161 "GET /register/ HTTP/1.1" 200 5316
INFO 2021-08-11 13:30:31,121 basehttp 161 "GET /imagecode/?uuid=b20019f7-02e5-4ac7-b934-5f0de1a92169 HTTP/1.1" 200 3211
INFO 2021-08-11 13:31:00,953 views 145 982296
INFO 2021-08-11 13:31:01,456 basehttp 161 "GET /smscode/?mobile=18748799765&image_code=mc67&uuid=b20019f7-02e5-4ac7-b934-5f0de1a92169 HTTP/1.1" 200 13
INFO 2021-08-11 13:32:28,063 basehttp 161 "POST /register/ HTTP/1.1" 302 0
INFO 2021-08-11 13:32:29,457 basehttp 161 "GET / HTTP/1.1" 200 11831
WARNING 2021-08-11 13:32:30,080 log 224 Not Found: /img/1.jpg
WARNING 2021-08-11 13:32:30,081 basehttp 161 "GET /img/1.jpg HTTP/1.1" 404 2949
INFO 2021-08-11 13:36:16,269 autoreload 637 Watching for file changes with StatReloader
INFO 2021-08-11 13:36:22,393 autoreload 637 Watching for file changes with StatReloader
ERROR 2021-08-11 13:36:23,888 log 224 Internal Server Error: /
Traceback (most recent call last):
  File "C:\Users\suze\Desktop\kira\venv\lib\site-packages\django\template\base.py", line 470, in parse
    compile_func = self.tags[command]
KeyError: 'statuc'

During handling of the above exception, another exception occurred:

Traceback (most recent call last):
  File "C:\Users\suze\Desktop\kira\venv\lib\site-packages\django\core\handlers\exception.py", line 47, in inner
    response = get_response(request)
  File "C:\Users\suze\Desktop\kira\venv\lib\site-packages\django\core\handlers\base.py", line 181, in _get_response
    response = wrapped_callback(request, *callback_args, **callback_kwargs)
  File "C:\Users\suze\Desktop\kira\venv\lib\site-packages\django\views\generic\base.py", line 70, in view
    return self.dispatch(request, *args, **kwargs)
  File "C:\Users\suze\Desktop\kira\venv\lib\site-packages\django\views\generic\base.py", line 98, in dispatch
    return handler(request, *args, **kwargs)
  File "C:\Users\suze\Desktop\kira\home\views.py", line 8, in get
    return render(request, 'index.html')
  File "C:\Users\suze\Desktop\kira\venv\lib\site-packages\django\shortcuts.py", line 19, in render
    content = loader.render_to_string(template_name, context, request, using=using)
  File "C:\Users\suze\Desktop\kira\venv\lib\site-packages\django\template\loader.py", line 61, in render_to_string
    template = get_template(template_name, using=using)
  File "C:\Users\suze\Desktop\kira\venv\lib\site-packages\django\template\loader.py", line 15, in get_template
    return engine.get_template(template_name)
  File "C:\Users\suze\Desktop\kira\venv\lib\site-packages\django\template\backends\django.py", line 34, in get_template
    return Template(self.engine.get_template(template_name), self)
  File "C:\Users\suze\Desktop\kira\venv\lib\site-packages\django\template\engine.py", line 143, in get_template
    template, origin = self.find_template(template_name)
  File "C:\Users\suze\Desktop\kira\venv\lib\site-packages\django\template\engine.py", line 125, in find_template
    template = loader.get_template(name, skip=skip)
  File "C:\Users\suze\Desktop\kira\venv\lib\site-packages\django\template\loaders\base.py", line 29, in get_template
    return Template(
  File "C:\Users\suze\Desktop\kira\venv\lib\site-packages\django\template\base.py", line 155, in __init__
    self.nodelist = self.compile_nodelist()
  File "C:\Users\suze\Desktop\kira\venv\lib\site-packages\django\template\base.py", line 193, in compile_nodelist
    return parser.parse()
  File "C:\Users\suze\Desktop\kira\venv\lib\site-packages\django\template\base.py", line 472, in parse
    self.invalid_block_tag(token, command, parse_until)
  File "C:\Users\suze\Desktop\kira\venv\lib\site-packages\django\template\base.py", line 531, in invalid_block_tag
    raise self.error(
django.template.exceptions.TemplateSyntaxError: Invalid block tag on line 149: 'statuc'. Did you forget to register or load this tag?
ERROR 2021-08-11 13:36:23,892 basehttp 161 "GET / HTTP/1.1" 500 154803
INFO 2021-08-11 13:36:51,436 basehttp 161 "GET / HTTP/1.1" 200 11855
INFO 2021-08-11 13:36:55,338 basehttp 161 "GET / HTTP/1.1" 200 11855
INFO 2021-08-11 13:36:57,829 basehttp 161 "GET / HTTP/1.1" 200 11855
INFO 2021-08-11 13:37:00,000 basehttp 161 "GET / HTTP/1.1" 200 11855
INFO 2021-08-11 13:37:01,559 basehttp 161 "GET / HTTP/1.1" 200 11855
INFO 2021-08-11 13:37:04,039 basehttp 161 "GET / HTTP/1.1" 200 11855
INFO 2021-08-11 13:37:06,084 basehttp 161 "GET / HTTP/1.1" 200 11855
WARNING 2021-08-11 13:37:10,804 log 224 Not Found: /index.html
WARNING 2021-08-11 13:37:10,805 basehttp 161 "GET /index.html HTTP/1.1" 404 2952
INFO 2021-08-11 13:57:11,464 autoreload 637 Watching for file changes with StatReloader
INFO 2021-08-11 13:57:12,725 basehttp 161 "GET / HTTP/1.1" 200 11855
INFO 2021-08-11 13:57:21,041 basehttp 161 "GET /register/ HTTP/1.1" 200 5316
INFO 2021-08-11 13:57:21,151 basehttp 161 "GET /imagecode/?uuid=bf5d8ca6-2aa3-4e98-a50b-e9d0afa82560 HTTP/1.1" 200 2912
INFO 2021-08-11 13:57:27,944 basehttp 161 "GET /login/ HTTP/1.1" 200 3063
INFO 2021-08-11 13:57:27,972 basehttp 161 "GET /static/js/login.js HTTP/1.1" 200 677
INFO 2021-08-11 13:57:29,725 basehttp 161 "GET /register/ HTTP/1.1" 200 5316
INFO 2021-08-11 13:57:29,814 basehttp 161 "GET /imagecode/?uuid=9a14e15d-5fd7-4e82-9827-a599d75bba5f HTTP/1.1" 200 3688
INFO 2021-08-11 13:57:35,908 basehttp 161 "GET /login/ HTTP/1.1" 200 3063
INFO 2021-08-11 13:58:25,772 basehttp 161 "GET /login/ HTTP/1.1" 200 3063
INFO 2021-08-11 13:58:27,531 basehttp 161 "GET /register/ HTTP/1.1" 200 5314
INFO 2021-08-11 13:58:27,616 basehttp 161 "GET /imagecode/?uuid=70ac8477-4dfa-46d9-ac0c-2cf8461ac824 HTTP/1.1" 200 3143
INFO 2021-08-11 13:58:29,110 basehttp 161 "GET /login/ HTTP/1.1" 200 3063
INFO 2021-08-11 13:59:36,731 basehttp 161 "GET /login/ HTTP/1.1" 200 3063
INFO 2021-08-11 13:59:38,373 basehttp 161 "GET /login/ HTTP/1.1" 200 3063
ERROR 2021-08-11 13:59:39,472 log 224 Internal Server Error: /register/
Traceback (most recent call last):
  File "C:\Users\suze\Desktop\kira\venv\lib\site-packages\django\core\handlers\exception.py", line 47, in inner
    response = get_response(request)
  File "C:\Users\suze\Desktop\kira\venv\lib\site-packages\django\core\handlers\base.py", line 181, in _get_response
    response = wrapped_callback(request, *callback_args, **callback_kwargs)
  File "C:\Users\suze\Desktop\kira\venv\lib\site-packages\django\views\generic\base.py", line 70, in view
    return self.dispatch(request, *args, **kwargs)
  File "C:\Users\suze\Desktop\kira\venv\lib\site-packages\django\views\generic\base.py", line 98, in dispatch
    return handler(request, *args, **kwargs)
  File "C:\Users\suze\Desktop\kira\users\views.py", line 27, in get
    return render(request, 'register.html')
  File "C:\Users\suze\Desktop\kira\venv\lib\site-packages\django\shortcuts.py", line 19, in render
    content = loader.render_to_string(template_name, context, request, using=using)
  File "C:\Users\suze\Desktop\kira\venv\lib\site-packages\django\template\loader.py", line 62, in render_to_string
    return template.render(context, request)
  File "C:\Users\suze\Desktop\kira\venv\lib\site-packages\django\template\backends\django.py", line 61, in render
    return self.template.render(context)
  File "C:\Users\suze\Desktop\kira\venv\lib\site-packages\django\template\base.py", line 170, in render
    return self._render(context)
  File "C:\Users\suze\Desktop\kira\venv\lib\site-packages\django\template\base.py", line 162, in _render
    return self.nodelist.render(context)
  File "C:\Users\suze\Desktop\kira\venv\lib\site-packages\django\template\base.py", line 938, in render
    bit = node.render_annotated(context)
  File "C:\Users\suze\Desktop\kira\venv\lib\site-packages\django\template\base.py", line 905, in render_annotated
    return self.render(context)
  File "C:\Users\suze\Desktop\kira\venv\lib\site-packages\django\template\defaulttags.py", line 446, in render
    url = reverse(view_name, args=args, kwargs=kwargs, current_app=current_app)
  File "C:\Users\suze\Desktop\kira\venv\lib\site-packages\django\urls\base.py", line 86, in reverse
    return resolver._reverse_with_prefix(view, prefix, *args, **kwargs)
  File "C:\Users\suze\Desktop\kira\venv\lib\site-packages\django\urls\resolvers.py", line 694, in _reverse_with_prefix
    raise NoReverseMatch(msg)
django.urls.exceptions.NoReverseMatch: Reverse for 'home' not found. 'home' is not a valid view function or pattern name.
ERROR 2021-08-11 13:59:39,477 basehttp 161 "GET /register/ HTTP/1.1" 500 132032
ERROR 2021-08-11 13:59:50,723 log 224 Internal Server Error: /register/
Traceback (most recent call last):
  File "C:\Users\suze\Desktop\kira\venv\lib\site-packages\django\urls\base.py", line 71, in reverse
    extra, resolver = resolver.namespace_dict[ns]
KeyError: 'kira'

During handling of the above exception, another exception occurred:

Traceback (most recent call last):
  File "C:\Users\suze\Desktop\kira\venv\lib\site-packages\django\core\handlers\exception.py", line 47, in inner
    response = get_response(request)
  File "C:\Users\suze\Desktop\kira\venv\lib\site-packages\django\core\handlers\base.py", line 181, in _get_response
    response = wrapped_callback(request, *callback_args, **callback_kwargs)
  File "C:\Users\suze\Desktop\kira\venv\lib\site-packages\django\views\generic\base.py", line 70, in view
    return self.dispatch(request, *args, **kwargs)
  File "C:\Users\suze\Desktop\kira\venv\lib\site-packages\django\views\generic\base.py", line 98, in dispatch
    return handler(request, *args, **kwargs)
  File "C:\Users\suze\Desktop\kira\users\views.py", line 27, in get
    return render(request, 'register.html')
  File "C:\Users\suze\Desktop\kira\venv\lib\site-packages\django\shortcuts.py", line 19, in render
    content = loader.render_to_string(template_name, context, request, using=using)
  File "C:\Users\suze\Desktop\kira\venv\lib\site-packages\django\template\loader.py", line 62, in render_to_string
    return template.render(context, request)
  File "C:\Users\suze\Desktop\kira\venv\lib\site-packages\django\template\backends\django.py", line 61, in render
    return self.template.render(context)
  File "C:\Users\suze\Desktop\kira\venv\lib\site-packages\django\template\base.py", line 170, in render
    return self._render(context)
  File "C:\Users\suze\Desktop\kira\venv\lib\site-packages\django\template\base.py", line 162, in _render
    return self.nodelist.render(context)
  File "C:\Users\suze\Desktop\kira\venv\lib\site-packages\django\template\base.py", line 938, in render
    bit = node.render_annotated(context)
  File "C:\Users\suze\Desktop\kira\venv\lib\site-packages\django\template\base.py", line 905, in render_annotated
    return self.render(context)
  File "C:\Users\suze\Desktop\kira\venv\lib\site-packages\django\template\defaulttags.py", line 446, in render
    url = reverse(view_name, args=args, kwargs=kwargs, current_app=current_app)
  File "C:\Users\suze\Desktop\kira\venv\lib\site-packages\django\urls\base.py", line 82, in reverse
    raise NoReverseMatch("%s is not a registered namespace" % key)
django.urls.exceptions.NoReverseMatch: 'kira' is not a registered namespace
ERROR 2021-08-11 13:59:50,726 basehttp 161 "GET /register/ HTTP/1.1" 500 133211
ERROR 2021-08-11 13:59:51,916 log 224 Internal Server Error: /register/
Traceback (most recent call last):
  File "C:\Users\suze\Desktop\kira\venv\lib\site-packages\django\urls\base.py", line 71, in reverse
    extra, resolver = resolver.namespace_dict[ns]
KeyError: 'kira'

During handling of the above exception, another exception occurred:

Traceback (most recent call last):
  File "C:\Users\suze\Desktop\kira\venv\lib\site-packages\django\core\handlers\exception.py", line 47, in inner
    response = get_response(request)
  File "C:\Users\suze\Desktop\kira\venv\lib\site-packages\django\core\handlers\base.py", line 181, in _get_response
    response = wrapped_callback(request, *callback_args, **callback_kwargs)
  File "C:\Users\suze\Desktop\kira\venv\lib\site-packages\django\views\generic\base.py", line 70, in view
    return self.dispatch(request, *args, **kwargs)
  File "C:\Users\suze\Desktop\kira\venv\lib\site-packages\django\views\generic\base.py", line 98, in dispatch
    return handler(request, *args, **kwargs)
  File "C:\Users\suze\Desktop\kira\users\views.py", line 27, in get
    return render(request, 'register.html')
  File "C:\Users\suze\Desktop\kira\venv\lib\site-packages\django\shortcuts.py", line 19, in render
    content = loader.render_to_string(template_name, context, request, using=using)
  File "C:\Users\suze\Desktop\kira\venv\lib\site-packages\django\template\loader.py", line 62, in render_to_string
    return template.render(context, request)
  File "C:\Users\suze\Desktop\kira\venv\lib\site-packages\django\template\backends\django.py", line 61, in render
    return self.template.render(context)
  File "C:\Users\suze\Desktop\kira\venv\lib\site-packages\django\template\base.py", line 170, in render
    return self._render(context)
  File "C:\Users\suze\Desktop\kira\venv\lib\site-packages\django\template\base.py", line 162, in _render
    return self.nodelist.render(context)
  File "C:\Users\suze\Desktop\kira\venv\lib\site-packages\django\template\base.py", line 938, in render
    bit = node.render_annotated(context)
  File "C:\Users\suze\Desktop\kira\venv\lib\site-packages\django\template\base.py", line 905, in render_annotated
    return self.render(context)
  File "C:\Users\suze\Desktop\kira\venv\lib\site-packages\django\template\defaulttags.py", line 446, in render
    url = reverse(view_name, args=args, kwargs=kwargs, current_app=current_app)
  File "C:\Users\suze\Desktop\kira\venv\lib\site-packages\django\urls\base.py", line 82, in reverse
    raise NoReverseMatch("%s is not a registered namespace" % key)
django.urls.exceptions.NoReverseMatch: 'kira' is not a registered namespace
ERROR 2021-08-11 13:59:51,919 basehttp 161 "GET /register/ HTTP/1.1" 500 133211
INFO 2021-08-11 14:00:34,300 basehttp 161 "GET /register/ HTTP/1.1" 200 5303
INFO 2021-08-11 14:00:34,399 basehttp 161 "GET /imagecode/?uuid=03de6035-c044-4378-b0d9-3cecdafe9eac HTTP/1.1" 200 3090
INFO 2021-08-11 14:00:38,739 basehttp 161 "GET /login/ HTTP/1.1" 200 3063
WARNING 2021-08-11 14:00:39,942 log 224 Not Found: /login/index.html
WARNING 2021-08-11 14:00:39,943 basehttp 161 "GET /login/index.html HTTP/1.1" 404 2970
INFO 2021-08-11 14:00:44,783 basehttp 161 "GET /register/ HTTP/1.1" 200 5303
INFO 2021-08-11 14:00:44,861 basehttp 161 "GET /imagecode/?uuid=dc58538e-4844-4b6f-87da-66ff59887517 HTTP/1.1" 200 3109
INFO 2021-08-11 14:00:46,036 basehttp 161 "GET /register/ HTTP/1.1" 200 5303
INFO 2021-08-11 14:00:46,078 basehttp 161 "GET /imagecode/?uuid=0154a4cc-9d48-4629-9852-e5cc97a1c31e HTTP/1.1" 200 3212
INFO 2021-08-11 14:00:47,091 basehttp 161 "GET /register/ HTTP/1.1" 200 5303
INFO 2021-08-11 14:00:47,138 basehttp 161 "GET /imagecode/?uuid=4cb25d58-706a-4fff-afb5-ac978cf48fad HTTP/1.1" 200 3049
INFO 2021-08-11 14:00:54,833 basehttp 161 "GET /register/ HTTP/1.1" 200 5304
INFO 2021-08-11 14:00:54,880 basehttp 161 "GET /imagecode/?uuid=a4aa27ff-0609-4fac-ab53-8010e0be77e3 HTTP/1.1" 200 3341
INFO 2021-08-11 14:00:55,937 basehttp 161 "GET /register/ HTTP/1.1" 200 5304
INFO 2021-08-11 14:00:56,021 basehttp 161 "GET /imagecode/?uuid=5e6b8c1a-7c52-4b09-81a7-657f85a58c13 HTTP/1.1" 200 3216
INFO 2021-08-11 14:01:01,311 basehttp 161 "GET /register/ HTTP/1.1" 200 5305
INFO 2021-08-11 14:01:01,363 basehttp 161 "GET /imagecode/?uuid=eb15e457-9833-4c29-8e4e-e14225620353 HTTP/1.1" 200 2935
INFO 2021-08-11 14:01:02,199 basehttp 161 "GET / HTTP/1.1" 200 11855
INFO 2021-08-11 14:02:39,782 basehttp 161 "GET / HTTP/1.1" 200 11855
ERROR 2021-08-11 14:02:42,359 log 224 Internal Server Error: /register/
Traceback (most recent call last):
  File "C:\Users\suze\Desktop\kira\venv\lib\site-packages\django\core\handlers\exception.py", line 47, in inner
    response = get_response(request)
  File "C:\Users\suze\Desktop\kira\venv\lib\site-packages\django\core\handlers\base.py", line 181, in _get_response
    response = wrapped_callback(request, *callback_args, **callback_kwargs)
  File "C:\Users\suze\Desktop\kira\venv\lib\site-packages\django\views\generic\base.py", line 70, in view
    return self.dispatch(request, *args, **kwargs)
  File "C:\Users\suze\Desktop\kira\venv\lib\site-packages\django\views\generic\base.py", line 98, in dispatch
    return handler(request, *args, **kwargs)
  File "C:\Users\suze\Desktop\kira\users\views.py", line 27, in get
    return render(request, 'register.html')
  File "C:\Users\suze\Desktop\kira\venv\lib\site-packages\django\shortcuts.py", line 19, in render
    content = loader.render_to_string(template_name, context, request, using=using)
  File "C:\Users\suze\Desktop\kira\venv\lib\site-packages\django\template\loader.py", line 62, in render_to_string
    return template.render(context, request)
  File "C:\Users\suze\Desktop\kira\venv\lib\site-packages\django\template\backends\django.py", line 61, in render
    return self.template.render(context)
  File "C:\Users\suze\Desktop\kira\venv\lib\site-packages\django\template\base.py", line 170, in render
    return self._render(context)
  File "C:\Users\suze\Desktop\kira\venv\lib\site-packages\django\template\base.py", line 162, in _render
    return self.nodelist.render(context)
  File "C:\Users\suze\Desktop\kira\venv\lib\site-packages\django\template\base.py", line 938, in render
    bit = node.render_annotated(context)
  File "C:\Users\suze\Desktop\kira\venv\lib\site-packages\django\template\base.py", line 905, in render_annotated
    return self.render(context)
  File "C:\Users\suze\Desktop\kira\venv\lib\site-packages\django\template\defaulttags.py", line 446, in render
    url = reverse(view_name, args=args, kwargs=kwargs, current_app=current_app)
  File "C:\Users\suze\Desktop\kira\venv\lib\site-packages\django\urls\base.py", line 86, in reverse
    return resolver._reverse_with_prefix(view, prefix, *args, **kwargs)
  File "C:\Users\suze\Desktop\kira\venv\lib\site-packages\django\urls\resolvers.py", line 694, in _reverse_with_prefix
    raise NoReverseMatch(msg)
django.urls.exceptions.NoReverseMatch: Reverse for 'home' not found. 'home' is not a valid view function or pattern name.
ERROR 2021-08-11 14:02:42,362 basehttp 161 "GET /register/ HTTP/1.1" 500 131861
INFO 2021-08-11 14:03:11,296 basehttp 161 "GET /register/ HTTP/1.1" 200 5303
INFO 2021-08-11 14:03:11,400 basehttp 161 "GET /imagecode/?uuid=157384ea-ed6e-46b6-b0e3-ceab7313d7cc HTTP/1.1" 200 3088
INFO 2021-08-11 14:03:12,753 basehttp 161 "GET / HTTP/1.1" 200 11855
INFO 2021-08-11 14:03:50,826 basehttp 161 "GET / HTTP/1.1" 200 11855
INFO 2021-08-11 14:03:53,901 basehttp 161 "GET /register/ HTTP/1.1" 200 5303
INFO 2021-08-11 14:03:53,989 basehttp 161 "GET /imagecode/?uuid=7cd84ada-ba27-4182-b922-42de12d23236 HTTP/1.1" 200 3686
INFO 2021-08-11 14:03:56,139 basehttp 161 "GET /login/ HTTP/1.1" 200 3052
INFO 2021-08-11 14:03:58,820 basehttp 161 "GET / HTTP/1.1" 200 11855
INFO 2021-08-11 14:04:01,226 basehttp 161 "GET /register/ HTTP/1.1" 200 5303
INFO 2021-08-11 14:04:01,311 basehttp 161 "GET /imagecode/?uuid=36ccd43c-ef67-4db5-9b6f-a66cd8bc968d HTTP/1.1" 200 3119
INFO 2021-08-11 14:04:02,297 basehttp 161 "GET / HTTP/1.1" 200 11855
INFO 2021-08-11 14:04:03,146 basehttp 161 "GET /imagecode/?uuid=c8a13171-e3ce-4a62-bbc3-e27f45a758e7 HTTP/1.1" 200 3059
INFO 2021-08-11 14:25:45,098 autoreload 637 Watching for file changes with StatReloader
INFO 2021-08-11 14:25:48,220 basehttp 161 "GET /register/ HTTP/1.1" 200 5303
INFO 2021-08-11 14:25:48,359 basehttp 161 "GET /imagecode/?uuid=fc27cd9b-551d-43a5-84bf-98ef03a60fc3 HTTP/1.1" 200 2448
INFO 2021-08-11 14:25:50,972 basehttp 161 "GET /login/ HTTP/1.1" 200 3052
WARNING 2021-08-11 14:26:03,332 log 224 Forbidden (CSRF token missing or incorrect.): /login/
WARNING 2021-08-11 14:26:03,333 basehttp 161 "POST /login/ HTTP/1.1" 403 2519
WARNING 2021-08-11 14:27:11,330 log 224 Forbidden (CSRF token missing or incorrect.): /login/
WARNING 2021-08-11 14:27:11,331 basehttp 161 "POST /login/ HTTP/1.1" 403 2519
INFO 2021-08-11 14:27:17,979 autoreload 637 Watching for file changes with StatReloader
WARNING 2021-08-11 14:27:19,131 log 224 Forbidden (CSRF token missing or incorrect.): /login/
WARNING 2021-08-11 14:27:19,132 basehttp 161 "POST /login/ HTTP/1.1" 403 2519
INFO 2021-08-11 14:27:21,331 basehttp 161 "GET /login/ HTTP/1.1" 200 3194
WARNING 2021-08-11 14:28:29,226 log 224 Bad Request: /login/
WARNING 2021-08-11 14:28:29,227 basehttp 161 "POST /login/ HTTP/1.1" 400 24
INFO 2021-08-11 14:28:58,536 autoreload 251 C:\Users\suze\Desktop\kira\users\views.py changed, reloading.
INFO 2021-08-11 14:28:59,784 autoreload 637 Watching for file changes with StatReloader
INFO 2021-08-11 14:30:25,387 autoreload 251 C:\Users\suze\Desktop\kira\users\models.py changed, reloading.
INFO 2021-08-11 14:30:26,648 autoreload 637 Watching for file changes with StatReloader
INFO 2021-08-11 14:30:36,612 autoreload 251 C:\Users\suze\Desktop\kira\users\models.py changed, reloading.
INFO 2021-08-11 14:30:37,900 autoreload 637 Watching for file changes with StatReloader
INFO 2021-08-11 14:30:53,087 autoreload 251 C:\Users\suze\Desktop\kira\users\models.py changed, reloading.
INFO 2021-08-11 14:30:54,421 autoreload 637 Watching for file changes with StatReloader
INFO 2021-08-11 14:31:07,546 autoreload 637 Watching for file changes with StatReloader
INFO 2021-08-11 14:31:20,358 autoreload 637 Watching for file changes with StatReloader
INFO 2021-08-11 14:31:20,984 basehttp 161 "GET /login/ HTTP/1.1" 200 3194
INFO 2021-08-11 14:32:00,005 autoreload 637 Watching for file changes with StatReloader
INFO 2021-08-11 14:32:01,010 basehttp 161 "GET /login/ HTTP/1.1" 200 3194
INFO 2021-08-11 14:32:57,896 basehttp 161 "POST /login/ HTTP/1.1" 302 0
INFO 2021-08-11 14:32:57,904 basehttp 161 "GET / HTTP/1.1" 200 11855
INFO 2021-08-11 14:40:03,095 autoreload 637 Watching for file changes with StatReloader
INFO 2021-08-11 14:40:06,310 basehttp 161 "GET / HTTP/1.1" 200 11844
WARNING 2021-08-11 14:40:07,513 log 224 Not Found: /detail.html
WARNING 2021-08-11 14:40:07,514 basehttp 161 "GET /detail.html HTTP/1.1" 404 2955
INFO 2021-08-11 14:43:21,863 basehttp 161 "GET / HTTP/1.1" 200 11851
INFO 2021-08-11 14:56:03,158 autoreload 637 Watching for file changes with StatReloader
INFO 2021-08-11 14:56:07,201 basehttp 161 "GET / HTTP/1.1" 200 11855
INFO 2021-08-11 14:56:11,388 basehttp 161 "GET / HTTP/1.1" 200 11855
INFO 2021-08-11 14:56:13,219 basehttp 161 "GET /logout/ HTTP/1.1" 302 0
INFO 2021-08-11 14:56:13,225 basehttp 161 "GET / HTTP/1.1" 200 11855
INFO 2021-08-11 14:56:15,312 basehttp 161 "GET /logout/ HTTP/1.1" 302 0
INFO 2021-08-11 14:56:15,321 basehttp 161 "GET / HTTP/1.1" 200 11855
INFO 2021-08-11 14:56:29,145 autoreload 637 Watching for file changes with StatReloader
INFO 2021-08-11 14:56:29,373 basehttp 161 "GET / HTTP/1.1" 200 11855
INFO 2021-08-11 14:56:31,251 basehttp 161 "GET / HTTP/1.1" 200 11855
INFO 2021-08-11 14:56:42,648 basehttp 161 "GET / HTTP/1.1" 200 11855
INFO 2021-08-11 14:56:46,763 basehttp 161 "GET / HTTP/1.1" 200 11855
INFO 2021-08-11 14:56:49,935 basehttp 161 "GET /logout/ HTTP/1.1" 302 0
INFO 2021-08-11 14:56:49,942 basehttp 161 "GET / HTTP/1.1" 200 11855
INFO 2021-08-11 14:56:51,389 basehttp 161 "GET /logout/ HTTP/1.1" 302 0
INFO 2021-08-11 14:56:51,395 basehttp 161 "GET / HTTP/1.1" 200 11855
WARNING 2021-08-11 14:56:52,394 log 224 Not Found: /write_blog.html
WARNING 2021-08-11 14:56:52,395 basehttp 161 "GET /write_blog.html HTTP/1.1" 404 3136
INFO 2021-08-11 14:58:58,546 autoreload 637 Watching for file changes with StatReloader
INFO 2021-08-11 14:58:59,816 basehttp 161 "GET / HTTP/1.1" 200 11855
INFO 2021-08-11 14:59:15,735 basehttp 161 "GET /login/ HTTP/1.1" 200 3194
INFO 2021-08-11 14:59:18,840 basehttp 161 "GET /register/ HTTP/1.1" 200 5303
INFO 2021-08-11 14:59:18,951 basehttp 161 "GET /imagecode/?uuid=2d04ab52-0338-4ed3-9f7f-c0224d404519 HTTP/1.1" 200 3129
INFO 2021-08-11 14:59:20,607 basehttp 161 "GET /login/ HTTP/1.1" 200 3194
INFO 2021-08-11 14:59:30,556 basehttp 161 "POST /login/ HTTP/1.1" 302 0
INFO 2021-08-11 14:59:30,562 basehttp 161 "GET / HTTP/1.1" 200 11855
INFO 2021-08-11 14:59:33,091 basehttp 161 "GET /logout/ HTTP/1.1" 302 0
INFO 2021-08-11 14:59:33,097 basehttp 161 "GET / HTTP/1.1" 200 11855
INFO 2021-08-11 14:59:48,895 basehttp 161 "GET /logout/ HTTP/1.1" 302 0
INFO 2021-08-11 14:59:48,901 basehttp 161 "GET / HTTP/1.1" 200 11855
INFO 2021-08-11 15:00:10,285 autoreload 637 Watching for file changes with StatReloader
INFO 2021-08-11 15:00:11,143 basehttp 161 "GET / HTTP/1.1" 200 11855
INFO 2021-08-11 15:00:13,189 basehttp 161 "GET /logout/ HTTP/1.1" 302 0
INFO 2021-08-11 15:00:13,195 basehttp 161 "GET / HTTP/1.1" 200 11855
INFO 2021-08-11 15:00:21,638 basehttp 161 "GET /logout/ HTTP/1.1" 302 0
INFO 2021-08-11 15:00:21,644 basehttp 161 "GET / HTTP/1.1" 200 11855
INFO 2021-08-11 15:00:33,367 autoreload 637 Watching for file changes with StatReloader
INFO 2021-08-11 15:00:34,702 basehttp 161 "GET / HTTP/1.1" 200 11855
INFO 2021-08-11 15:00:37,652 basehttp 161 "GET /logout/ HTTP/1.1" 302 0
INFO 2021-08-11 15:00:37,661 basehttp 161 "GET / HTTP/1.1" 200 11855
INFO 2021-08-11 15:00:42,440 basehttp 161 "GET /logout/ HTTP/1.1" 302 0
INFO 2021-08-11 15:00:42,449 basehttp 161 "GET / HTTP/1.1" 200 11855
WARNING 2021-08-11 15:01:24,620 log 224 Not Found: /write_blog.html
WARNING 2021-08-11 15:01:24,621 basehttp 161 "GET /write_blog.html HTTP/1.1" 404 3136
WARNING 2021-08-11 15:01:27,572 log 224 Not Found: /center.html
WARNING 2021-08-11 15:01:27,573 basehttp 161 "GET /center.html HTTP/1.1" 404 3124
INFO 2021-08-11 15:01:32,039 basehttp 161 "GET /logout/ HTTP/1.1" 302 0
INFO 2021-08-11 15:01:32,048 basehttp 161 "GET / HTTP/1.1" 200 11855
INFO 2021-08-11 15:01:34,438 basehttp 161 "GET /logout/ HTTP/1.1" 302 0
INFO 2021-08-11 15:01:34,447 basehttp 161 "GET / HTTP/1.1" 200 11855
INFO 2021-08-11 15:02:20,431 autoreload 637 Watching for file changes with StatReloader
INFO 2021-08-11 15:02:23,129 basehttp 161 "GET / HTTP/1.1" 200 11855
WARNING 2021-08-11 15:02:26,051 log 224 Not Found: /write_blog.html
WARNING 2021-08-11 15:02:26,052 basehttp 161 "GET /write_blog.html HTTP/1.1" 404 3136
INFO 2021-08-11 15:02:29,448 basehttp 161 "GET / HTTP/1.1" 200 11855
INFO 2021-08-11 15:02:32,299 basehttp 161 "GET /logout/ HTTP/1.1" 302 0
INFO 2021-08-11 15:02:32,309 basehttp 161 "GET / HTTP/1.1" 200 11855
INFO 2021-08-11 15:04:37,752 autoreload 637 Watching for file changes with StatReloader
INFO 2021-08-11 15:04:38,152 basehttp 161 "GET / HTTP/1.1" 200 11855
WARNING 2021-08-11 15:04:38,310 basehttp 161 "GET /static/js/axios.min.map HTTP/1.1" 404 1807
INFO 2021-08-11 15:04:38,411 basehttp 161 "GET /static/bootstrap/css/bootstrap.min.css.map HTTP/1.1" 200 562427
WARNING 2021-08-11 15:04:38,478 log 224 Not Found: /favicon.ico
WARNING 2021-08-11 15:04:38,480 basehttp 161 "GET /favicon.ico HTTP/1.1" 404 3124
INFO 2021-08-11 15:04:52,110 basehttp 161 "GET /logout/ HTTP/1.1" 302 0
INFO 2021-08-11 15:04:52,121 basehttp 161 "GET / HTTP/1.1" 200 11855
WARNING 2021-08-11 15:04:52,264 basehttp 161 "GET /static/js/axios.min.map HTTP/1.1" 404 1807
INFO 2021-08-11 15:04:52,287 basehttp 161 "GET /static/bootstrap/css/bootstrap.min.css.map HTTP/1.1" 200 562427
INFO 2021-08-11 15:10:41,376 autoreload 637 Watching for file changes with StatReloader
INFO 2021-08-11 15:10:42,907 basehttp 161 "GET / HTTP/1.1" 200 11855
WARNING 2021-08-11 15:10:43,044 basehttp 161 "GET /static/js/axios.min.map HTTP/1.1" 404 1807
INFO 2021-08-11 15:10:43,077 basehttp 161 "GET /static/bootstrap/css/bootstrap.min.css.map HTTP/1.1" 200 562427
INFO 2021-08-11 15:10:46,498 basehttp 161 "GET / HTTP/1.1" 200 11855
INFO 2021-08-11 15:10:46,528 basehttp 161 "GET /static/md_css/monokai.css HTTP/1.1" 200 4118
INFO 2021-08-11 15:10:46,537 basehttp 161 "GET /static/common/common.css HTTP/1.1" 200 381
INFO 2021-08-11 15:10:46,538 basehttp 161 "GET /static/common/jquery.pagination.css HTTP/1.1" 200 523
INFO 2021-08-11 15:10:46,541 basehttp 161 "GET /static/js/axios-0.18.0.min.js HTTP/1.1" 200 12941
INFO 2021-08-11 15:10:46,542 basehttp 161 "GET /static/js/jquery-1.12.4.min.js HTTP/1.1" 200 97163
INFO 2021-08-11 15:10:46,543 basehttp 161 "GET /static/bootstrap/css/bootstrap.min.css HTTP/1.1" 200 140942
INFO 2021-08-11 15:10:46,549 basehttp 161 "GET /static/js/vue-2.5.16.js HTTP/1.1" 200 289307
INFO 2021-08-11 15:10:46,572 basehttp 161 "GET /static/js/host.js HTTP/1.1" 200 35
INFO 2021-08-11 15:10:46,577 basehttp 161 "GET /static/js/common.js HTTP/1.1" 200 891
INFO 2021-08-11 15:10:46,582 basehttp 161 "GET /static/js/index.js HTTP/1.1" 200 530
INFO 2021-08-11 15:10:46,587 basehttp 161 "GET /static/js/jquery.pagination.min.js HTTP/1.1" 200 2935
INFO 2021-08-11 15:10:46,595 basehttp 161 "GET /static/img/1.jpg HTTP/1.1" 200 78682
WARNING 2021-08-11 15:10:47,788 basehttp 161 "GET /static/js/axios.min.map HTTP/1.1" 404 1807
INFO 2021-08-11 15:10:47,826 basehttp 161 "GET /static/bootstrap/css/bootstrap.min.css.map HTTP/1.1" 200 562427
INFO 2021-08-11 15:10:51,491 basehttp 161 "GET /login/ HTTP/1.1" 200 3194
WARNING 2021-08-11 15:10:51,609 log 224 Not Found: /favicon.ico
WARNING 2021-08-11 15:10:51,610 basehttp 161 "GET /favicon.ico HTTP/1.1" 404 3124
WARNING 2021-08-11 15:11:02,630 log 224 Bad Request: /login/
WARNING 2021-08-11 15:11:02,630 basehttp 161 "POST /login/ HTTP/1.1" 400 24
INFO 2021-08-11 15:11:12,568 basehttp 161 "POST /login/ HTTP/1.1" 302 0
INFO 2021-08-11 15:11:12,575 basehttp 161 "GET / HTTP/1.1" 200 11855
INFO 2021-08-11 15:11:14,778 basehttp 161 "GET /logout/ HTTP/1.1" 302 0
INFO 2021-08-11 15:11:14,789 basehttp 161 "GET / HTTP/1.1" 200 11855
INFO 2021-08-11 15:13:20,845 autoreload 637 Watching for file changes with StatReloader
INFO 2021-08-11 15:13:23,967 basehttp 161 "GET / HTTP/1.1" 200 11855
INFO 2021-08-11 15:13:32,059 basehttp 161 "GET /login/ HTTP/1.1" 200 3194
INFO 2021-08-11 15:13:34,852 basehttp 161 "GET /register/ HTTP/1.1" 200 5303
INFO 2021-08-11 15:13:34,952 basehttp 161 "GET /imagecode/?uuid=36cf5ab3-e09d-4e63-b430-10033c7e6e52 HTTP/1.1" 200 3670
INFO 2021-08-11 15:13:36,298 basehttp 161 "GET /login/ HTTP/1.1" 200 3194
INFO 2021-08-11 15:13:47,167 basehttp 161 "POST /login/ HTTP/1.1" 302 0
INFO 2021-08-11 15:13:47,173 basehttp 161 "GET / HTTP/1.1" 200 11855
INFO 2021-08-11 15:13:47,215 basehttp 161 "GET /static/js/index.js HTTP/1.1" 304 0
INFO 2021-08-11 15:14:04,423 basehttp 161 "GET /logout/ HTTP/1.1" 302 0
INFO 2021-08-11 15:14:04,429 basehttp 161 "GET / HTTP/1.1" 200 11855
INFO 2021-08-11 15:14:14,259 basehttp 161 "GET / HTTP/1.1" 200 11855
INFO 2021-08-11 15:17:02,503 autoreload 637 Watching for file changes with StatReloader
INFO 2021-08-11 15:17:05,468 basehttp 161 "GET / HTTP/1.1" 200 11855
INFO 2021-08-11 15:17:05,559 basehttp 161 "GET /static/js/index.js HTTP/1.1" 304 0
INFO 2021-08-11 15:17:07,378 basehttp 161 "GET /login/ HTTP/1.1" 200 3194
WARNING 2021-08-11 15:17:08,625 log 224 Not Found: /login/forget_password.html
WARNING 2021-08-11 15:17:08,626 basehttp 161 "GET /login/forget_password.html HTTP/1.1" 404 3169
INFO 2021-08-11 15:18:10,291 autoreload 251 C:\Users\suze\Desktop\kira\users\views.py changed, reloading.
INFO 2021-08-11 15:18:10,968 autoreload 637 Watching for file changes with StatReloader
INFO 2021-08-11 15:18:33,991 autoreload 251 C:\Users\suze\Desktop\kira\users\views.py changed, reloading.
INFO 2021-08-11 15:18:34,860 autoreload 637 Watching for file changes with StatReloader
INFO 2021-08-11 15:19:22,810 autoreload 251 C:\Users\suze\Desktop\kira\users\urls.py changed, reloading.
INFO 2021-08-11 15:19:23,474 autoreload 637 Watching for file changes with StatReloader
INFO 2021-08-11 15:19:45,540 autoreload 251 C:\Users\suze\Desktop\kira\users\urls.py changed, reloading.
INFO 2021-08-11 15:19:46,229 autoreload 637 Watching for file changes with StatReloader
INFO 2021-08-11 15:19:51,900 basehttp 161 "GET / HTTP/1.1" 200 11855
INFO 2021-08-11 15:19:57,549 basehttp 161 "GET /forget HTTP/1.1" 301 0
ERROR 2021-08-11 15:19:57,581 log 224 Internal Server Error: /forget/
Traceback (most recent call last):
  File "C:\Users\suze\Desktop\kira\venv\lib\site-packages\django\core\handlers\exception.py", line 47, in inner
    response = get_response(request)
  File "C:\Users\suze\Desktop\kira\venv\lib\site-packages\django\core\handlers\base.py", line 181, in _get_response
    response = wrapped_callback(request, *callback_args, **callback_kwargs)
TypeError: as_view() takes 1 positional argument but 2 were given
ERROR 2021-08-11 15:19:57,582 basehttp 161 "GET /forget/ HTTP/1.1" 500 66680
ERROR 2021-08-11 15:21:05,827 log 224 Internal Server Error: /forget/
Traceback (most recent call last):
  File "C:\Users\suze\Desktop\kira\venv\lib\site-packages\django\core\handlers\exception.py", line 47, in inner
    response = get_response(request)
  File "C:\Users\suze\Desktop\kira\venv\lib\site-packages\django\core\handlers\base.py", line 181, in _get_response
    response = wrapped_callback(request, *callback_args, **callback_kwargs)
TypeError: as_view() takes 1 positional argument but 2 were given
ERROR 2021-08-11 15:21:05,829 basehttp 161 "GET /forget/ HTTP/1.1" 500 66817
INFO 2021-08-11 15:21:06,310 autoreload 251 C:\Users\suze\Desktop\kira\users\views.py changed, reloading.
INFO 2021-08-11 15:21:06,966 autoreload 637 Watching for file changes with StatReloader
INFO 2021-08-11 15:21:07,863 basehttp 161 "GET /forget/ HTTP/1.1" 200 5144
WARNING 2021-08-11 15:21:07,909 log 224 Not Found: /forget/js/axios-0.18.0.min.js
WARNING 2021-08-11 15:21:07,910 log 224 Not Found: /forget/js/vue-2.5.16.js
WARNING 2021-08-11 15:21:07,911 log 224 Not Found: /forget/bootstrap/css/bootstrap.min.css
WARNING 2021-08-11 15:21:07,912 basehttp 161 "GET /forget/js/vue-2.5.16.js HTTP/1.1" 404 3329
WARNING 2021-08-11 15:21:07,912 basehttp 161 "GET /forget/js/axios-0.18.0.min.js HTTP/1.1" 404 3347
WARNING 2021-08-11 15:21:07,912 basehttp 161 "GET /forget/bootstrap/css/bootstrap.min.css HTTP/1.1" 404 3374
WARNING 2021-08-11 15:21:07,924 log 224 Not Found: /forget/js/host.js
WARNING 2021-08-11 15:21:07,926 log 224 Not Found: /forget/js/axios-0.18.0.min.js
WARNING 2021-08-11 15:21:07,927 log 224 Not Found: /forget/js/common.js
WARNING 2021-08-11 15:21:07,927 basehttp 161 "GET /forget/js/axios-0.18.0.min.js HTTP/1.1" 404 3347
WARNING 2021-08-11 15:21:07,927 basehttp 161 "GET /forget/js/common.js HTTP/1.1" 404 3317
WARNING 2021-08-11 15:21:07,928 basehttp 161 "GET /forget/js/host.js HTTP/1.1" 404 3311
WARNING 2021-08-11 15:21:07,938 log 224 Not Found: /forget/js/forget_password.js
WARNING 2021-08-11 15:21:07,939 log 224 Not Found: /forget/img/image_code.png
WARNING 2021-08-11 15:21:07,939 basehttp 161 "GET /forget/img/image_code.png HTTP/1.1" 404 3335
WARNING 2021-08-11 15:21:07,939 basehttp 161 "GET /forget/js/forget_password.js HTTP/1.1" 404 3344
INFO 2021-08-11 15:24:31,165 basehttp 161 "GET /forget/ HTTP/1.1" 200 5331
INFO 2021-08-11 15:24:31,236 basehttp 161 "GET /static/img/image_code.png HTTP/1.1" 200 3483
INFO 2021-08-11 15:24:31,236 basehttp 161 "GET /static/js/forget_password.js HTTP/1.1" 200 6567
INFO 2021-08-11 15:30:49,997 basehttp 161 "GET /forget/ HTTP/1.1" 200 5320
INFO 2021-08-11 15:30:50,122 basehttp 161 "GET /imagecode/?uuid=ece837a9-feea-4a13-a55a-73cade1232d6 HTTP/1.1" 200 3504
INFO 2021-08-11 15:30:51,198 basehttp 161 "GET /imagecode/?uuid=8fafe7d4-342a-40ca-989b-2f9efe19e301 HTTP/1.1" 200 3248
INFO 2021-08-11 15:30:52,578 basehttp 161 "GET /imagecode/?uuid=d9d7e907-5bd1-4179-b9e9-99c2086579c3 HTTP/1.1" 200 2973
INFO 2021-08-11 15:30:56,832 basehttp 161 "GET /imagecode/?uuid=919312da-782b-43b4-8b49-0fd489d61e27 HTTP/1.1" 200 2773
INFO 2021-08-11 15:31:58,786 basehttp 161 "GET /forget/ HTTP/1.1" 200 5320
INFO 2021-08-11 15:31:58,897 basehttp 161 "GET /imagecode/?uuid=5a43385c-d32f-4ab7-b33b-d2ef1955da5e HTTP/1.1" 200 3003
INFO 2021-08-11 15:32:02,172 basehttp 161 "GET /login/ HTTP/1.1" 200 3180
INFO 2021-08-11 15:32:04,016 basehttp 161 "GET /forget/ HTTP/1.1" 200 5320
INFO 2021-08-11 15:32:04,103 basehttp 161 "GET /imagecode/?uuid=ba4b0c6c-4b26-490f-889c-5696725982bc HTTP/1.1" 200 3010
INFO 2021-08-11 15:35:01,855 autoreload 251 C:\Users\suze\Desktop\kira\users\views.py changed, reloading.
INFO 2021-08-11 15:35:02,691 autoreload 637 Watching for file changes with StatReloader
INFO 2021-08-11 15:53:00,422 autoreload 637 Watching for file changes with StatReloader
INFO 2021-08-11 15:53:12,226 basehttp 161 "GET / HTTP/1.1" 200 11855
INFO 2021-08-11 15:53:12,286 basehttp 161 "GET /static/js/index.js HTTP/1.1" 304 0
INFO 2021-08-11 15:53:14,021 basehttp 161 "GET /login/ HTTP/1.1" 200 3180
INFO 2021-08-11 15:53:15,314 basehttp 161 "GET /forget/ HTTP/1.1" 200 5320
INFO 2021-08-11 15:53:15,371 basehttp 161 "GET /imagecode/?uuid=0801902e-de89-4513-bf99-491e363f0112 HTTP/1.1" 200 2967
INFO 2021-08-11 15:53:32,975 views 197 585697
INFO 2021-08-11 15:53:33,221 basehttp 161 "GET /smscode/?mobile=18740773558&image_code=vph5&uuid=0801902e-de89-4513-bf99-491e363f0112 HTTP/1.1" 200 13
INFO 2021-08-11 15:53:39,379 basehttp 161 "POST /forget/ HTTP/1.1" 302 0
INFO 2021-08-11 15:53:39,385 basehttp 161 "GET /login/ HTTP/1.1" 200 3180
WARNING 2021-08-11 15:53:57,637 log 224 Bad Request: /login/
WARNING 2021-08-11 15:53:57,637 basehttp 161 "POST /login/ HTTP/1.1" 400 24
INFO 2021-08-11 15:54:03,217 basehttp 161 "POST /login/ HTTP/1.1" 302 0
INFO 2021-08-11 15:54:03,224 basehttp 161 "GET / HTTP/1.1" 200 11855
INFO 2021-08-11 15:54:05,374 basehttp 161 "GET /logout/ HTTP/1.1" 302 0
INFO 2021-08-11 15:54:05,380 basehttp 161 "GET / HTTP/1.1" 200 11855
INFO 2021-08-11 15:54:14,064 basehttp 161 "GET / HTTP/1.1" 200 11855
INFO 2021-08-11 15:54:14,203 basehttp 161 "GET / HTTP/1.1" 200 11855
INFO 2021-08-11 15:54:17,062 basehttp 161 "GET / HTTP/1.1" 200 11855
INFO 2021-08-11 15:56:44,627 autoreload 637 Watching for file changes with StatReloader
INFO 2021-08-11 15:56:46,473 basehttp 161 "GET /login/ HTTP/1.1" 200 3180
INFO 2021-08-11 15:56:48,094 basehttp 161 "GET /forget/ HTTP/1.1" 200 5320
INFO 2021-08-11 15:56:48,169 basehttp 161 "GET /imagecode/?uuid=b9766229-a02b-4fc9-9bab-d780cd86b221 HTTP/1.1" 200 3287
INFO 2021-08-11 15:57:02,319 basehttp 161 "GET /imagecode/?uuid=91dee786-39a3-4acd-8910-d2c9ef884f50 HTTP/1.1" 200 3010
INFO 2021-08-11 15:57:05,673 basehttp 161 "GET /imagecode/?uuid=5c3a9cd5-ce1d-4537-91b0-b7b61e2fcd89 HTTP/1.1" 200 3282
INFO 2021-08-11 15:57:07,228 basehttp 161 "GET /imagecode/?uuid=081880cc-3d6f-4996-a9f6-e1fdb362a129 HTTP/1.1" 200 3170
INFO 2021-08-11 15:57:08,397 basehttp 161 "GET /imagecode/?uuid=a68037eb-f3e9-4874-a42f-3f8298e46969 HTTP/1.1" 200 3224
INFO 2021-08-11 15:57:12,781 views 197 444709
INFO 2021-08-11 15:57:13,040 basehttp 161 "GET /smscode/?mobile=18740773557&image_code=9fso&uuid=a68037eb-f3e9-4874-a42f-3f8298e46969 HTTP/1.1" 200 13
INFO 2021-08-11 15:57:19,712 basehttp 161 "POST /forget/ HTTP/1.1" 302 0
INFO 2021-08-11 15:57:19,718 basehttp 161 "GET /login/ HTTP/1.1" 200 3180
INFO 2021-08-11 15:57:28,552 basehttp 161 "GET /forget/ HTTP/1.1" 200 5320
INFO 2021-08-11 15:57:28,614 basehttp 161 "GET /imagecode/?uuid=f0bff325-b646-4781-86b3-73d4fd6c3e9b HTTP/1.1" 200 2981
INFO 2021-08-11 15:57:40,838 autoreload 637 Watching for file changes with StatReloader
INFO 2021-08-11 15:57:41,221 basehttp 161 "GET /forget/ HTTP/1.1" 200 5320
INFO 2021-08-11 15:57:41,326 basehttp 161 "GET /imagecode/?uuid=db2f1d5c-24cf-4cce-b567-d1abffe643f0 HTTP/1.1" 200 3242
INFO 2021-08-11 15:58:01,461 basehttp 161 "GET /imagecode/?uuid=dfa4300f-6f43-4395-a5a7-ebd336a9d32f HTTP/1.1" 200 3279
INFO 2021-08-11 15:58:06,269 views 197 611626
INFO 2021-08-11 15:58:06,538 basehttp 161 "GET /smscode/?mobile=18740773550&image_code=xfdp&uuid=dfa4300f-6f43-4395-a5a7-ebd336a9d32f HTTP/1.1" 200 13
INFO 2021-08-11 15:58:33,085 basehttp 161 "POST /forget/ HTTP/1.1" 302 0
INFO 2021-08-11 15:58:34,930 basehttp 161 "GET /login/ HTTP/1.1" 200 3180
INFO 2021-08-11 15:59:42,369 autoreload 637 Watching for file changes with StatReloader
INFO 2021-08-11 15:59:43,769 basehttp 161 "GET /login/ HTTP/1.1" 200 3180
INFO 2021-08-11 15:59:45,297 basehttp 161 "GET /forget/ HTTP/1.1" 200 5320
INFO 2021-08-11 15:59:45,388 basehttp 161 "GET /imagecode/?uuid=071c699a-2796-4fd1-8b43-75dd74c5af06 HTTP/1.1" 200 2913
INFO 2021-08-11 16:00:01,143 basehttp 161 "GET /imagecode/?uuid=d9988f4e-fd5a-4a29-b0c0-08c075e8fbff HTTP/1.1" 200 3132
INFO 2021-08-11 16:00:15,255 views 197 352269
INFO 2021-08-11 16:00:15,541 basehttp 161 "GET /smscode/?mobile=18740773555&image_code=e8on&uuid=d9988f4e-fd5a-4a29-b0c0-08c075e8fbff HTTP/1.1" 200 13
WARNING 2021-08-11 16:00:34,090 log 224 Bad Request: /forget/
WARNING 2021-08-11 16:00:34,094 basehttp 161 "POST /forget/ HTTP/1.1" 400 21
INFO 2021-08-11 16:00:40,718 basehttp 161 "GET /imagecode/?uuid=83763319-6be6-43c6-af3b-ec22169fb88c HTTP/1.1" 200 3242
INFO 2021-08-11 16:00:42,363 basehttp 161 "GET /forget/ HTTP/1.1" 200 5320
INFO 2021-08-11 16:00:42,415 basehttp 161 "GET /imagecode/?uuid=0d758433-edc3-41a1-97da-66476d81574d HTTP/1.1" 200 3136
INFO 2021-08-11 16:19:09,030 autoreload 637 Watching for file changes with StatReloader
INFO 2021-08-11 16:19:19,528 basehttp 161 "GET / HTTP/1.1" 200 11855
INFO 2021-08-11 16:19:19,590 basehttp 161 "GET /static/js/index.js HTTP/1.1" 304 0
INFO 2021-08-11 16:19:20,975 basehttp 161 "GET /login/ HTTP/1.1" 200 3180
WARNING 2021-08-11 16:19:32,599 log 224 Bad Request: /login/
WARNING 2021-08-11 16:19:32,599 basehttp 161 "POST /login/ HTTP/1.1" 400 24
INFO 2021-08-11 16:19:39,092 basehttp 161 "POST /login/ HTTP/1.1" 302 0
INFO 2021-08-11 16:19:39,099 basehttp 161 "GET / HTTP/1.1" 200 11855
WARNING 2021-08-11 16:19:40,862 log 224 Not Found: /center.html
WARNING 2021-08-11 16:19:40,863 basehttp 161 "GET /center.html HTTP/1.1" 404 3462
WARNING 2021-08-11 16:23:40,213 log 224 Not Found: /center.html
WARNING 2021-08-11 16:23:40,214 basehttp 161 "GET /center.html HTTP/1.1" 404 3462
INFO 2021-08-11 16:23:44,547 autoreload 637 Watching for file changes with StatReloader
WARNING 2021-08-11 16:23:45,286 log 224 Not Found: /center.html
WARNING 2021-08-11 16:23:45,286 basehttp 161 "GET /center.html HTTP/1.1" 404 3462
INFO 2021-08-11 16:23:48,515 basehttp 161 "GET / HTTP/1.1" 200 11855
WARNING 2021-08-11 16:23:50,956 log 224 Not Found: /center.html
WARNING 2021-08-11 16:23:50,957 basehttp 161 "GET /center.html HTTP/1.1" 404 3462
INFO 2021-08-11 16:24:35,314 basehttp 161 "GET / HTTP/1.1" 200 11850
INFO 2021-08-11 16:24:38,015 basehttp 161 "GET /center/ HTTP/1.1" 200 4224
WARNING 2021-08-11 16:24:38,041 log 224 Not Found: /center/img/mei.png
INFO 2021-08-11 16:24:38,041 basehttp 161 "GET /static/js/center.js HTTP/1.1" 200 522
WARNING 2021-08-11 16:24:38,042 basehttp 161 "GET /center/img/mei.png HTTP/1.1" 404 3483
WARNING 2021-08-11 16:24:38,111 log 224 Not Found: /center/img/mei.png
WARNING 2021-08-11 16:24:38,112 basehttp 161 "GET /center/img/mei.png HTTP/1.1" 404 3483
WARNING 2021-08-11 16:24:48,605 base 101 Method Not Allowed (POST): /center/
WARNING 2021-08-11 16:24:48,606 log 224 Method Not Allowed: /center/
WARNING 2021-08-11 16:24:48,606 basehttp 161 "POST /center/ HTTP/1.1" 405 0
INFO 2021-08-11 16:26:44,365 autoreload 637 Watching for file changes with StatReloader
INFO 2021-08-11 16:26:44,985 basehttp 161 "GET /center/ HTTP/1.1" 200 4224
WARNING 2021-08-11 16:26:45,012 log 224 Not Found: /center/img/mei.png
WARNING 2021-08-11 16:26:45,013 basehttp 161 "GET /center/img/mei.png HTTP/1.1" 404 3483
WARNING 2021-08-11 16:26:45,057 log 224 Not Found: /center/img/mei.png
WARNING 2021-08-11 16:26:45,057 basehttp 161 "GET /center/img/mei.png HTTP/1.1" 404 3483
INFO 2021-08-11 16:26:54,298 basehttp 161 "GET /logout/ HTTP/1.1" 302 0
INFO 2021-08-11 16:26:54,304 basehttp 161 "GET / HTTP/1.1" 200 11850
INFO 2021-08-11 16:27:12,287 basehttp 161 "GET /center HTTP/1.1" 301 0
INFO 2021-08-11 16:27:12,294 basehttp 161 "GET /center/ HTTP/1.1" 200 4224
WARNING 2021-08-11 16:27:12,325 log 224 Not Found: /center/img/mei.png
WARNING 2021-08-11 16:27:12,325 basehttp 161 "GET /center/img/mei.png HTTP/1.1" 404 3483
WARNING 2021-08-11 16:27:12,376 log 224 Not Found: /center/img/mei.png
WARNING 2021-08-11 16:27:12,376 basehttp 161 "GET /center/img/mei.png HTTP/1.1" 404 3483
INFO 2021-08-11 16:27:19,598 basehttp 161 "GET /login/ HTTP/1.1" 200 3180
INFO 2021-08-11 16:33:12,539 autoreload 637 Watching for file changes with StatReloader
INFO 2021-08-11 16:33:20,660 basehttp 161 "GET /login/ HTTP/1.1" 200 3180
INFO 2021-08-11 16:33:26,699 basehttp 161 "GET /center/ HTTP/1.1" 302 0
WARNING 2021-08-11 16:33:26,709 log 224 Not Found: /accounts/login/
WARNING 2021-08-11 16:33:26,709 basehttp 161 "GET /accounts/login/?next=/center/ HTTP/1.1" 404 3488
INFO 2021-08-11 16:35:05,965 autoreload 251 C:\Users\suze\Desktop\kira\users\views.py changed, reloading.
INFO 2021-08-11 16:35:06,772 autoreload 637 Watching for file changes with StatReloader
INFO 2021-08-11 16:35:23,690 autoreload 251 C:\Users\suze\Desktop\kira\users\views.py changed, reloading.
INFO 2021-08-11 16:35:24,508 autoreload 637 Watching for file changes with StatReloader
INFO 2021-08-11 16:37:11,758 autoreload 637 Watching for file changes with StatReloader
INFO 2021-08-11 16:37:19,358 basehttp 161 "GET /center/ HTTP/1.1" 302 0
INFO 2021-08-11 16:37:19,367 basehttp 161 "GET /login/?next=/center/ HTTP/1.1" 200 3180
INFO 2021-08-11 16:37:52,989 basehttp 161 "POST /login/?next=/center/ HTTP/1.1" 302 0
INFO 2021-08-11 16:37:52,995 basehttp 161 "GET / HTTP/1.1" 200 11850
INFO 2021-08-11 16:37:53,039 basehttp 161 "GET /static/js/index.js HTTP/1.1" 304 0
INFO 2021-08-11 16:37:58,065 basehttp 161 "GET /logout/ HTTP/1.1" 302 0
INFO 2021-08-11 16:37:58,072 basehttp 161 "GET / HTTP/1.1" 200 11850
INFO 2021-08-11 16:38:00,288 basehttp 161 "GET / HTTP/1.1" 200 11850
INFO 2021-08-11 16:39:40,550 autoreload 251 C:\Users\suze\Desktop\kira\users\views.py changed, reloading.
INFO 2021-08-11 16:39:41,266 autoreload 637 Watching for file changes with StatReloader
WARNING 2021-08-11 16:39:46,850 log 224 Not Found: /c
WARNING 2021-08-11 16:39:46,851 basehttp 161 "GET /c HTTP/1.1" 404 3432
INFO 2021-08-11 16:39:50,797 basehttp 161 "GET /center/ HTTP/1.1" 302 0
INFO 2021-08-11 16:39:50,805 basehttp 161 "GET /login/?next=/center/ HTTP/1.1" 200 3180
INFO 2021-08-11 16:40:03,486 autoreload 251 C:\Users\suze\Desktop\kira\users\views.py changed, reloading.
INFO 2021-08-11 16:40:04,383 autoreload 637 Watching for file changes with StatReloader
INFO 2021-08-11 16:42:07,988 autoreload 637 Watching for file changes with StatReloader
INFO 2021-08-11 16:42:09,881 basehttp 161 "GET /login/?next=/center/ HTTP/1.1" 200 3180
INFO 2021-08-11 16:42:18,368 basehttp 161 "POST /login/?next=/center/ HTTP/1.1" 302 0
INFO 2021-08-11 16:42:18,394 basehttp 161 "GET /center/ HTTP/1.1" 200 4224
WARNING 2021-08-11 16:42:18,422 log 224 Not Found: /center/img/mei.png
WARNING 2021-08-11 16:42:18,423 basehttp 161 "GET /center/img/mei.png HTTP/1.1" 404 3483
WARNING 2021-08-11 16:42:18,470 log 224 Not Found: /center/img/mei.png
WARNING 2021-08-11 16:42:18,471 basehttp 161 "GET /center/img/mei.png HTTP/1.1" 404 3483
INFO 2021-08-11 16:42:46,628 autoreload 251 C:\Users\suze\Desktop\kira\users\views.py changed, reloading.
INFO 2021-08-11 16:42:47,311 autoreload 637 Watching for file changes with StatReloader
INFO 2021-08-11 16:43:19,673 autoreload 251 C:\Users\suze\Desktop\kira\users\views.py changed, reloading.
INFO 2021-08-11 16:43:20,341 autoreload 637 Watching for file changes with StatReloader
INFO 2021-08-11 17:18:49,222 autoreload 637 Watching for file changes with StatReloader
INFO 2021-08-11 17:18:53,294 basehttp 161 "GET /center/ HTTP/1.1" 200 4299
INFO 2021-08-11 17:18:53,363 basehttp 161 "GET /static/img/mei.png HTTP/1.1" 200 230847
INFO 2021-08-12 00:07:34,968 autoreload 637 Watching for file changes with StatReloader
INFO 2021-08-12 00:07:37,281 basehttp 161 "GET /center/ HTTP/1.1" 200 4299
INFO 2021-08-12 00:07:37,359 basehttp 161 "GET /static/img/mei.png HTTP/1.1" 200 230847
INFO 2021-08-12 00:07:54,067 basehttp 161 "POST /center/ HTTP/1.1" 302 0
INFO 2021-08-12 00:07:54,092 basehttp 161 "GET /center/ HTTP/1.1" 200 4307
WARNING 2021-08-12 00:07:54,131 log 224 Not Found: /avatar/2021/08/12/1.png
WARNING 2021-08-12 00:07:54,131 basehttp 161 "GET /avatar/2021/08/12/1.png HTTP/1.1" 404 3498
WARNING 2021-08-12 00:07:54,167 log 224 Not Found: /avatar/2021/08/12/1.png
WARNING 2021-08-12 00:07:54,167 basehttp 161 "GET /avatar/2021/08/12/1.png HTTP/1.1" 404 3498
INFO 2021-08-12 00:13:47,754 autoreload 251 C:\Users\suze\Desktop\kira\users\models.py changed, reloading.
INFO 2021-08-12 00:13:48,493 autoreload 637 Watching for file changes with StatReloader
INFO 2021-08-12 00:13:48,739 basehttp 161 "GET /center/ HTTP/1.1" 200 4307
WARNING 2021-08-12 00:13:48,800 log 224 Not Found: /avatar/2021/08/12/1.png
WARNING 2021-08-12 00:13:48,801 basehttp 161 "GET /avatar/2021/08/12/1.png HTTP/1.1" 404 3498
WARNING 2021-08-12 00:13:48,829 log 224 Not Found: /avatar/2021/08/12/1.png
WARNING 2021-08-12 00:13:48,829 basehttp 161 "GET /avatar/2021/08/12/1.png HTTP/1.1" 404 3498
INFO 2021-08-12 00:14:56,143 autoreload 251 C:\Users\suze\Desktop\kira\kira\settings.py changed, reloading.
INFO 2021-08-12 00:15:31,720 autoreload 637 Watching for file changes with StatReloader
INFO 2021-08-12 00:15:31,932 basehttp 161 "POST /center/ HTTP/1.1" 302 0
INFO 2021-08-12 00:15:31,948 basehttp 161 "GET /center/ HTTP/1.1" 200 4311
WARNING 2021-08-12 00:15:31,983 log 224 Not Found: /media/avatar/20210812/1.png
WARNING 2021-08-12 00:15:31,984 basehttp 161 "GET /media/avatar/20210812/1.png HTTP/1.1" 404 3510
WARNING 2021-08-12 00:15:32,014 log 224 Not Found: /media/avatar/20210812/1.png
WARNING 2021-08-12 00:15:32,014 basehttp 161 "GET /media/avatar/20210812/1.png HTTP/1.1" 404 3510
INFO 2021-08-12 00:15:40,607 basehttp 161 "GET /center/ HTTP/1.1" 200 4311
WARNING 2021-08-12 00:15:40,637 log 224 Not Found: /media/avatar/20210812/1.png
WARNING 2021-08-12 00:15:40,637 basehttp 161 "GET /media/avatar/20210812/1.png HTTP/1.1" 404 3510
WARNING 2021-08-12 00:15:40,664 log 224 Not Found: /media/avatar/20210812/1.png
WARNING 2021-08-12 00:15:40,665 basehttp 161 "GET /media/avatar/20210812/1.png HTTP/1.1" 404 3510
INFO 2021-08-12 00:15:53,007 basehttp 161 "POST /center/ HTTP/1.1" 302 0
INFO 2021-08-12 00:15:53,016 basehttp 161 "GET /center/ HTTP/1.1" 200 4319
WARNING 2021-08-12 00:15:53,044 log 224 Not Found: /media/avatar/20210812/1_UL8z3P4.png
WARNING 2021-08-12 00:15:53,045 basehttp 161 "GET /media/avatar/20210812/1_UL8z3P4.png HTTP/1.1" 404 3534
WARNING 2021-08-12 00:15:53,075 log 224 Not Found: /media/avatar/20210812/1_UL8z3P4.png
WARNING 2021-08-12 00:15:53,075 basehttp 161 "GET /media/avatar/20210812/1_UL8z3P4.png HTTP/1.1" 404 3534
INFO 2021-08-12 00:20:29,687 autoreload 637 Watching for file changes with StatReloader
INFO 2021-08-12 00:20:34,089 basehttp 161 "GET /center/ HTTP/1.1" 200 4319
WARNING 2021-08-12 00:20:34,120 log 224 Not Found: /media/avatar/20210812/1_UL8z3P4.png
WARNING 2021-08-12 00:20:34,121 basehttp 161 "GET /media/avatar/20210812/1_UL8z3P4.png HTTP/1.1" 404 3872
INFO 2021-08-12 00:20:44,231 basehttp 161 "POST /center/ HTTP/1.1" 302 0
INFO 2021-08-12 00:20:44,244 basehttp 161 "GET /center/ HTTP/1.1" 200 4311
INFO 2021-08-12 00:20:44,268 basehttp 161 "GET /media/avatar/20210812/f.jpg HTTP/1.1" 200 99670
INFO 2021-08-12 00:20:52,385 basehttp 161 "GET /media/avatar/20210812/f.jpg HTTP/1.1" 304 0
INFO 2021-08-12 00:23:14,379 autoreload 637 Watching for file changes with StatReloader
INFO 2021-08-12 00:23:14,722 basehttp 161 "GET / HTTP/1.1" 200 11850
INFO 2021-08-12 00:23:14,798 basehttp 161 "GET /static/js/index.js HTTP/1.1" 304 0
INFO 2021-08-12 00:23:17,495 basehttp 161 "GET /center/ HTTP/1.1" 200 4311
WARNING 2021-08-12 00:23:17,526 log 224 Not Found: /media/avatar/20210812/f.jpg
WARNING 2021-08-12 00:23:17,527 basehttp 161 "GET /media/avatar/20210812/f.jpg HTTP/1.1" 404 3840
WARNING 2021-08-12 00:23:17,579 log 224 Not Found: /media/avatar/20210812/f.jpg
WARNING 2021-08-12 00:23:17,580 basehttp 161 "GET /media/avatar/20210812/f.jpg HTTP/1.1" 404 3840
INFO 2021-08-12 00:23:41,971 basehttp 161 "POST /center/ HTTP/1.1" 302 0
INFO 2021-08-12 00:23:42,001 basehttp 161 "GET /center/ HTTP/1.1" 200 4328
INFO 2021-08-12 00:23:42,023 basehttp 161 "GET /media/avatar/2021/08/12/1.png HTTP/1.1" 200 99670
INFO 2021-08-12 00:51:08,717 autoreload 637 Watching for file changes with StatReloader
INFO 2021-08-12 00:51:10,035 basehttp 161 "GET /logout/ HTTP/1.1" 302 0
INFO 2021-08-12 00:51:10,045 basehttp 161 "GET / HTTP/1.1" 200 11850
INFO 2021-08-12 00:51:16,681 basehttp 161 "GET /login/ HTTP/1.1" 200 3180
INFO 2021-08-12 18:44:02,952 autoreload 637 Watching for file changes with StatReloader
INFO 2021-08-12 18:44:05,192 basehttp 161 "GET / HTTP/1.1" 200 11850
INFO 2021-08-12 18:44:05,337 basehttp 161 "GET /static/js/index.js HTTP/1.1" 304 0
WARNING 2021-08-12 18:44:05,623 log 224 Not Found: /favicon.ico
WARNING 2021-08-12 18:44:05,624 basehttp 161 "GET /favicon.ico HTTP/1.1" 404 3588
INFO 2021-08-12 18:44:10,306 basehttp 161 "GET /login/ HTTP/1.1" 200 3180
WARNING 2021-08-12 18:44:20,999 log 224 Bad Request: /login/
WARNING 2021-08-12 18:44:21,000 basehttp 161 "POST /login/ HTTP/1.1" 400 15
INFO 2021-08-12 18:44:30,624 basehttp 161 "POST /login/ HTTP/1.1" 302 0
INFO 2021-08-12 18:44:30,650 basehttp 161 "GET / HTTP/1.1" 200 11850
INFO 2021-08-12 18:44:33,681 basehttp 161 "GET /center/ HTTP/1.1" 200 4328
INFO 2021-08-12 18:44:33,724 basehttp 161 "GET /media/avatar/2021/08/12/1.png HTTP/1.1" 200 99670
INFO 2021-08-12 18:44:38,448 basehttp 161 "POST /center/ HTTP/1.1" 302 0
INFO 2021-08-12 18:44:38,482 basehttp 161 "GET /center/ HTTP/1.1" 200 4321
INFO 2021-08-12 18:44:43,369 basehttp 161 "GET / HTTP/1.1" 200 11850
WARNING 2021-08-12 18:44:46,545 log 224 Not Found: /write_blog.html
WARNING 2021-08-12 18:44:46,545 basehttp 161 "GET /write_blog.html HTTP/1.1" 404 3600
WARNING 2021-08-12 18:44:52,789 log 224 Not Found: /write_blog.html
WARNING 2021-08-12 18:44:52,790 basehttp 161 "GET /write_blog.html HTTP/1.1" 404 3600
INFO 2021-08-12 18:55:06,073 autoreload 637 Watching for file changes with StatReloader
WARNING 2021-08-12 18:55:08,996 log 224 Not Found: /write_blog.html
WARNING 2021-08-12 18:55:08,997 basehttp 161 "GET /write_blog.html HTTP/1.1" 404 3767
WARNING 2021-08-12 18:55:11,079 log 224 Not Found: /write_blog.html
WARNING 2021-08-12 18:55:11,080 basehttp 161 "GET /write_blog.html HTTP/1.1" 404 3767
WARNING 2021-08-12 18:55:16,096 log 224 Not Found: /write_blog.html
WARNING 2021-08-12 18:55:16,096 basehttp 161 "GET /write_blog.html HTTP/1.1" 404 3767
INFO 2021-08-12 18:55:52,260 basehttp 161 "GET / HTTP/1.1" 200 11842
INFO 2021-08-12 18:55:54,166 basehttp 161 "GET /write/ HTTP/1.1" 200 5654
INFO 2021-08-12 18:55:54,208 basehttp 161 "GET /static/js/write_blog.js HTTP/1.1" 200 521
INFO 2021-08-12 18:55:54,213 basehttp 161 "GET /static/ckeditor/ckeditor-init.js HTTP/1.1" 200 2039
INFO 2021-08-12 18:55:54,225 basehttp 161 "GET /static/ckeditor/ckeditor/ckeditor.js HTTP/1.1" 200 690627
WARNING 2021-08-12 18:55:54,318 log 224 Not Found: /write/ckeditor/ckeditor/config.js
WARNING 2021-08-12 18:55:54,319 basehttp 161 "GET /write/ckeditor/ckeditor/config.js?t=I3I8 HTTP/1.1" 404 3828
WARNING 2021-08-12 18:55:54,344 log 224 Not Found: /write/ckeditor/ckeditor/skins/moono-lisa/editor.css
WARNING 2021-08-12 18:55:54,347 log 224 Not Found: /write/ckeditor/ckeditor/lang/zh-cn.js
WARNING 2021-08-12 18:55:54,348 basehttp 161 "GET /write/ckeditor/ckeditor/lang/zh-cn.js?t=I3I8 HTTP/1.1" 404 3840
WARNING 2021-08-12 18:55:54,348 basehttp 161 "GET /write/ckeditor/ckeditor/skins/moono-lisa/editor.css?t=I3I8 HTTP/1.1" 404 3882
INFO 2021-08-12 19:00:41,339 autoreload 637 Watching for file changes with StatReloader
INFO 2021-08-12 19:00:42,699 basehttp 161 "GET /write/ HTTP/1.1" 200 5654
WARNING 2021-08-12 19:00:42,859 log 224 Not Found: /write/ckeditor/ckeditor/config.js
WARNING 2021-08-12 19:00:42,860 basehttp 161 "GET /write/ckeditor/ckeditor/config.js?t=I3I8 HTTP/1.1" 404 3828
WARNING 2021-08-12 19:00:42,889 log 224 Not Found: /write/ckeditor/ckeditor/lang/zh-cn.js
WARNING 2021-08-12 19:00:42,892 log 224 Not Found: /write/ckeditor/ckeditor/skins/moono-lisa/editor.css
WARNING 2021-08-12 19:00:42,893 basehttp 161 "GET /write/ckeditor/ckeditor/lang/zh-cn.js?t=I3I8 HTTP/1.1" 404 3840
WARNING 2021-08-12 19:00:42,893 basehttp 161 "GET /write/ckeditor/ckeditor/skins/moono-lisa/editor.css?t=I3I8 HTTP/1.1" 404 3882
WARNING 2021-08-12 19:01:08,049 log 224 Not Found: /write/ckeditor/ckeditor/skins/moono-lisa/editor.css
WARNING 2021-08-12 19:01:08,050 basehttp 161 "GET /write/ckeditor/ckeditor/skins/moono-lisa/editor.css?t=I3I8 HTTP/1.1" 404 3882
WARNING 2021-08-12 19:01:08,158 basehttp 161 "GET /static/js/axios.min.map HTTP/1.1" 404 1807
INFO 2021-08-12 19:01:08,219 basehttp 161 "GET /static/bootstrap/css/bootstrap.min.css.map HTTP/1.1" 200 562427
INFO 2021-08-12 19:01:11,965 basehttp 161 "GET /write/ HTTP/1.1" 200 5654
INFO 2021-08-12 19:01:12,040 basehttp 161 "GET /static/md_css/monokai.css HTTP/1.1" 200 4118
INFO 2021-08-12 19:01:12,057 basehttp 161 "GET /static/ckeditor/ckeditor-init.js HTTP/1.1" 200 2039
INFO 2021-08-12 19:01:12,058 basehttp 161 "GET /static/js/host.js HTTP/1.1" 200 35
INFO 2021-08-12 19:01:12,066 basehttp 161 "GET /static/js/common.js HTTP/1.1" 200 891
INFO 2021-08-12 19:01:12,066 basehttp 161 "GET /static/js/axios-0.18.0.min.js HTTP/1.1" 200 12941
INFO 2021-08-12 19:01:12,067 basehttp 161 "GET /static/js/write_blog.js HTTP/1.1" 200 521
INFO 2021-08-12 19:01:12,068 basehttp 161 "GET /static/bootstrap/css/bootstrap.min.css HTTP/1.1" 200 140942
INFO 2021-08-12 19:01:12,079 basehttp 161 "GET /static/js/vue-2.5.16.js HTTP/1.1" 200 289307
INFO 2021-08-12 19:01:12,085 basehttp 161 "GET /static/ckeditor/ckeditor/ckeditor.js HTTP/1.1" 200 690627
WARNING 2021-08-12 19:01:12,591 basehttp 161 "GET /static/js/axios.min.map HTTP/1.1" 404 1807
INFO 2021-08-12 19:01:12,657 basehttp 161 "GET /static/bootstrap/css/bootstrap.min.css.map HTTP/1.1" 200 562427
WARNING 2021-08-12 19:01:12,743 log 224 Not Found: /write/ckeditor/ckeditor/config.js
WARNING 2021-08-12 19:01:12,747 log 224 Not Found: /favicon.ico
WARNING 2021-08-12 19:01:12,748 basehttp 161 "GET /favicon.ico HTTP/1.1" 404 3755
WARNING 2021-08-12 19:01:12,748 basehttp 161 "GET /write/ckeditor/ckeditor/config.js?t=I3I8 HTTP/1.1" 404 3828
WARNING 2021-08-12 19:01:12,769 log 224 Not Found: /write/ckeditor/ckeditor/skins/moono-lisa/editor.css
WARNING 2021-08-12 19:01:12,773 log 224 Not Found: /write/ckeditor/ckeditor/lang/zh-cn.js
WARNING 2021-08-12 19:01:12,774 basehttp 161 "GET /write/ckeditor/ckeditor/skins/moono-lisa/editor.css?t=I3I8 HTTP/1.1" 404 3882
WARNING 2021-08-12 19:01:12,774 basehttp 161 "GET /write/ckeditor/ckeditor/lang/zh-cn.js?t=I3I8 HTTP/1.1" 404 3840
INFO 2021-08-12 19:09:43,467 autoreload 637 Watching for file changes with StatReloader
ERROR 2021-08-12 19:09:44,451 log 224 Internal Server Error: /write/
Traceback (most recent call last):
  File "C:\Users\suze\Desktop\kira\venv\lib\site-packages\django\core\handlers\exception.py", line 47, in inner
    response = get_response(request)
  File "C:\Users\suze\Desktop\kira\venv\lib\site-packages\django\core\handlers\base.py", line 181, in _get_response
    response = wrapped_callback(request, *callback_args, **callback_kwargs)
  File "C:\Users\suze\Desktop\kira\venv\lib\site-packages\django\views\generic\base.py", line 70, in view
    return self.dispatch(request, *args, **kwargs)
  File "C:\Users\suze\Desktop\kira\venv\lib\site-packages\django\views\generic\base.py", line 98, in dispatch
    return handler(request, *args, **kwargs)
  File "C:\Users\suze\Desktop\kira\users\views.py", line 334, in get
    return render(request, 'write_blog.html')
  File "C:\Users\suze\Desktop\kira\venv\lib\site-packages\django\shortcuts.py", line 19, in render
    content = loader.render_to_string(template_name, context, request, using=using)
  File "C:\Users\suze\Desktop\kira\venv\lib\site-packages\django\template\loader.py", line 62, in render_to_string
    return template.render(context, request)
  File "C:\Users\suze\Desktop\kira\venv\lib\site-packages\django\template\backends\django.py", line 61, in render
    return self.template.render(context)
  File "C:\Users\suze\Desktop\kira\venv\lib\site-packages\django\template\base.py", line 170, in render
    return self._render(context)
  File "C:\Users\suze\Desktop\kira\venv\lib\site-packages\django\template\base.py", line 162, in _render
    return self.nodelist.render(context)
  File "C:\Users\suze\Desktop\kira\venv\lib\site-packages\django\template\base.py", line 938, in render
    bit = node.render_annotated(context)
  File "C:\Users\suze\Desktop\kira\venv\lib\site-packages\django\template\base.py", line 905, in render_annotated
    return self.render(context)
  File "C:\Users\suze\Desktop\kira\venv\lib\site-packages\django\template\defaulttags.py", line 446, in render
    url = reverse(view_name, args=args, kwargs=kwargs, current_app=current_app)
  File "C:\Users\suze\Desktop\kira\venv\lib\site-packages\django\urls\base.py", line 86, in reverse
    return resolver._reverse_with_prefix(view, prefix, *args, **kwargs)
  File "C:\Users\suze\Desktop\kira\venv\lib\site-packages\django\urls\resolvers.py", line 694, in _reverse_with_prefix
    raise NoReverseMatch(msg)
django.urls.exceptions.NoReverseMatch: Reverse for 'ckeditor/ckeditor/' not found. 'ckeditor/ckeditor/' is not a valid view function or pattern name.
ERROR 2021-08-12 19:09:44,456 basehttp 161 "GET /write/ HTTP/1.1" 500 137664
INFO 2021-08-12 19:10:08,266 basehttp 161 "GET /write/ HTTP/1.1" 200 5670
WARNING 2021-08-12 19:10:08,404 basehttp 161 "GET /static/js/axios.min.map HTTP/1.1" 404 1807
INFO 2021-08-12 19:10:08,463 basehttp 161 "GET /static/bootstrap/css/bootstrap.min.css.map HTTP/1.1" 200 562427
INFO 2021-08-12 19:10:08,558 basehttp 161 "GET /static/ckeditor/ckeditor/config.js?t=I3I8 HTTP/1.1" 200 338
INFO 2021-08-12 19:10:08,580 basehttp 161 "GET /static/ckeditor/ckeditor/skins/moono-lisa/editor.css?t=I3I8 HTTP/1.1" 200 46921
INFO 2021-08-12 19:10:08,582 basehttp 161 "GET /static/ckeditor/ckeditor/lang/zh-cn.js?t=I3I8 HTTP/1.1" 200 18818
INFO 2021-08-12 19:10:08,614 basehttp 161 "GET /static/ckeditor/ckeditor/styles.js?t=I3I8 HTTP/1.1" 200 5583
INFO 2021-08-12 19:10:08,634 basehttp 161 "GET /static/ckeditor/ckeditor/plugins/scayt/dialogs/dialog.css HTTP/1.1" 200 419
INFO 2021-08-12 19:10:08,635 basehttp 161 "GET /static/ckeditor/ckeditor/plugins/scayt/skins/moono-lisa/scayt.css HTTP/1.1" 200 381
INFO 2021-08-12 19:10:08,640 basehttp 161 "GET /static/ckeditor/ckeditor/plugins/tableselection/styles/tableselection.css HTTP/1.1" 200 1082
INFO 2021-08-12 19:10:08,643 basehttp 161 "GET /static/ckeditor/ckeditor/plugins/wsc/skins/moono-lisa/wsc.css HTTP/1.1" 200 1306
INFO 2021-08-12 19:10:08,650 basehttp 161 "GET /static/ckeditor/ckeditor/plugins/copyformatting/styles/copyformatting.css HTTP/1.1" 200 1513
INFO 2021-08-12 19:10:08,720 basehttp 161 "GET /static/ckeditor/ckeditor/skins/moono-lisa/icons.png?t=95e5d83 HTTP/1.1" 200 12421
INFO 2021-08-12 19:10:08,780 basehttp 161 "GET /static/ckeditor/ckeditor/contents.css?t=I3I8 HTTP/1.1" 200 2954
INFO 2021-08-12 19:11:02,326 basehttp 161 "GET /static/ckeditor/ckeditor/skins/moono-lisa/images/close.png HTTP/1.1" 200 615
INFO 2021-08-12 19:56:20,163 autoreload 637 Watching for file changes with StatReloader
INFO 2021-08-12 19:56:21,076 basehttp 161 "GET /write/ HTTP/1.1" 200 5670
INFO 2021-08-12 19:56:21,201 basehttp 161 "GET /static/ckeditor/ckeditor/config.js?t=I3I8 HTTP/1.1" 200 338
INFO 2021-08-12 19:56:21,213 basehttp 161 "GET /static/ckeditor/ckeditor/lang/zh-cn.js?t=I3I8 HTTP/1.1" 200 18818
INFO 2021-08-12 19:56:21,213 basehttp 161 "GET /static/ckeditor/ckeditor/skins/moono-lisa/editor.css?t=I3I8 HTTP/1.1" 200 46921
INFO 2021-08-12 19:56:21,227 basehttp 161 "GET /static/ckeditor/ckeditor/styles.js?t=I3I8 HTTP/1.1" 200 5583
INFO 2021-08-12 19:56:21,237 basehttp 161 "GET /static/ckeditor/ckeditor/plugins/scayt/skins/moono-lisa/scayt.css HTTP/1.1" 200 381
INFO 2021-08-12 19:56:21,239 basehttp 161 "GET /static/ckeditor/ckeditor/plugins/scayt/dialogs/dialog.css HTTP/1.1" 200 419
INFO 2021-08-12 19:56:21,240 basehttp 161 "GET /static/ckeditor/ckeditor/plugins/wsc/skins/moono-lisa/wsc.css HTTP/1.1" 200 1306
INFO 2021-08-12 19:56:21,279 basehttp 161 "GET /static/ckeditor/ckeditor/skins/moono-lisa/icons.png?t=95e5d83 HTTP/1.1" 200 12421
INFO 2021-08-12 19:56:25,563 basehttp 161 "GET /center/ HTTP/1.1" 302 0
INFO 2021-08-12 19:56:25,572 basehttp 161 "GET /login/?next=/center/ HTTP/1.1" 200 3180
INFO 2021-08-12 19:56:29,401 basehttp 161 "GET /login/?next=/center/ HTTP/1.1" 200 3180
INFO 2021-08-12 19:56:31,749 basehttp 161 "GET / HTTP/1.1" 200 11842
INFO 2021-08-12 19:56:34,022 basehttp 161 "GET /center/ HTTP/1.1" 302 0
INFO 2021-08-12 19:56:34,028 basehttp 161 "GET /login/?next=/center/ HTTP/1.1" 200 3180
INFO 2021-08-12 19:56:38,621 basehttp 161 "GET / HTTP/1.1" 200 11842
INFO 2021-08-12 19:56:39,459 basehttp 161 "GET / HTTP/1.1" 200 11842
INFO 2021-08-12 19:56:40,024 basehttp 161 "GET / HTTP/1.1" 200 11842
INFO 2021-08-12 19:56:41,990 basehttp 161 "GET /logout/ HTTP/1.1" 302 0
INFO 2021-08-12 19:56:41,996 basehttp 161 "GET / HTTP/1.1" 200 11842
INFO 2021-08-12 19:56:43,281 basehttp 161 "GET /login/ HTTP/1.1" 200 3180
INFO 2021-08-12 19:56:48,649 basehttp 161 "GET / HTTP/1.1" 200 11842
INFO 2021-08-12 19:56:49,508 basehttp 161 "GET /login/ HTTP/1.1" 200 3180
INFO 2021-08-12 19:57:01,279 basehttp 161 "POST /login/ HTTP/1.1" 302 0
INFO 2021-08-12 19:57:01,286 basehttp 161 "GET / HTTP/1.1" 200 11842
INFO 2021-08-12 19:57:03,781 basehttp 161 "GET /center/ HTTP/1.1" 200 4292
INFO 2021-08-12 19:57:03,809 basehttp 161 "GET /static/img/mei.png HTTP/1.1" 200 230847
INFO 2021-08-12 19:58:10,378 basehttp 161 "GET /center/ HTTP/1.1" 200 4321
INFO 2021-08-12 19:58:21,336 basehttp 161 "GET /admin HTTP/1.1" 301 0
INFO 2021-08-12 19:58:21,436 basehttp 161 "GET /admin/ HTTP/1.1" 200 2884
INFO 2021-08-12 19:58:21,469 basehttp 161 "GET /static/admin/css/nav_sidebar.css HTTP/1.1" 200 2271
INFO 2021-08-12 19:58:21,470 basehttp 161 "GET /static/admin/css/dashboard.css HTTP/1.1" 200 380
INFO 2021-08-12 19:58:21,471 basehttp 161 "GET /static/admin/css/base.css HTTP/1.1" 200 19513
INFO 2021-08-12 19:58:21,473 basehttp 161 "GET /static/admin/js/nav_sidebar.js HTTP/1.1" 200 1360
INFO 2021-08-12 19:58:21,473 basehttp 161 "GET /static/admin/css/responsive.css HTTP/1.1" 200 18545
INFO 2021-08-12 19:58:21,486 basehttp 161 "GET /static/admin/css/fonts.css HTTP/1.1" 200 423
INFO 2021-08-12 19:58:21,509 basehttp 161 "GET /static/admin/img/icon-addlink.svg HTTP/1.1" 200 331
INFO 2021-08-12 19:58:21,510 basehttp 161 "GET /static/admin/img/icon-changelink.svg HTTP/1.1" 200 380
INFO 2021-08-12 19:58:21,536 basehttp 161 "GET /static/admin/fonts/Roboto-Light-webfont.woff HTTP/1.1" 200 85692
INFO 2021-08-12 19:58:21,538 basehttp 161 "GET /static/admin/fonts/Roboto-Bold-webfont.woff HTTP/1.1" 200 86184
INFO 2021-08-12 19:58:21,538 basehttp 161 "GET /static/admin/fonts/Roboto-Regular-webfont.woff HTTP/1.1" 200 85876
INFO 2021-08-12 19:58:23,193 basehttp 161 "GET /admin/auth/group/ HTTP/1.1" 200 4423
INFO 2021-08-12 19:58:23,224 basehttp 161 "GET /static/admin/css/changelists.css HTTP/1.1" 200 6874
INFO 2021-08-12 19:58:23,226 basehttp 161 "GET /static/admin/js/jquery.init.js HTTP/1.1" 200 347
INFO 2021-08-12 19:58:23,229 basehttp 161 "GET /static/admin/js/core.js HTTP/1.1" 200 5698
INFO 2021-08-12 19:58:23,232 basehttp 161 "GET /static/admin/js/admin/RelatedObjectLookups.js HTTP/1.1" 200 5984
INFO 2021-08-12 19:58:23,234 basehttp 161 "GET /static/admin/js/actions.js HTTP/1.1" 200 7664
INFO 2021-08-12 19:58:23,238 basehttp 161 "GET /static/admin/js/urlify.js HTTP/1.1" 200 7902
INFO 2021-08-12 19:58:23,238 basehttp 161 "GET /static/admin/js/prepopulate.js HTTP/1.1" 200 1531
INFO 2021-08-12 19:58:23,238 basehttp 161 "GET /admin/jsi18n/ HTTP/1.1" 200 8398
INFO 2021-08-12 19:58:23,242 basehttp 161 "GET /static/admin/js/vendor/jquery/jquery.js HTTP/1.1" 200 287630
INFO 2021-08-12 19:58:23,245 basehttp 161 "GET /static/admin/js/vendor/xregexp/xregexp.js HTTP/1.1" 200 232381
INFO 2021-08-12 19:58:23,253 basehttp 161 "GET /static/admin/img/search.svg HTTP/1.1" 200 458
INFO 2021-08-12 19:58:23,290 basehttp 161 "GET /static/admin/img/tooltag-add.svg HTTP/1.1" 200 331
INFO 2021-08-12 19:58:24,708 basehttp 161 "GET /admin/ HTTP/1.1" 200 2884
INFO 2021-08-12 20:00:48,716 autoreload 251 C:\Users\suze\Desktop\kira\home\admin.py changed, reloading.
INFO 2021-08-12 20:00:49,727 autoreload 637 Watching for file changes with StatReloader
INFO 2021-08-12 20:01:39,569 autoreload 637 Watching for file changes with StatReloader
INFO 2021-08-12 20:01:42,545 basehttp 161 "GET /admin/ HTTP/1.1" 200 3565
INFO 2021-08-12 20:01:44,347 basehttp 161 "GET /admin/home/articlecategory/ HTTP/1.1" 200 4701
INFO 2021-08-12 20:01:44,392 basehttp 161 "GET /admin/jsi18n/ HTTP/1.1" 200 8398
INFO 2021-08-12 20:01:46,625 basehttp 161 "GET /admin/ HTTP/1.1" 200 3565
INFO 2021-08-12 20:01:51,390 basehttp 161 "GET /admin/home/articlecategory/ HTTP/1.1" 200 4701
INFO 2021-08-12 20:01:51,451 basehttp 161 "GET /admin/jsi18n/ HTTP/1.1" 200 8398
INFO 2021-08-12 20:01:52,793 basehttp 161 "GET /admin/home/articlecategory/add/ HTTP/1.1" 200 6345
INFO 2021-08-12 20:01:52,827 basehttp 161 "GET /static/admin/css/forms.css HTTP/1.1" 200 8804
INFO 2021-08-12 20:01:52,833 basehttp 161 "GET /static/admin/js/prepopulate_init.js HTTP/1.1" 200 492
INFO 2021-08-12 20:01:52,836 basehttp 161 "GET /static/admin/js/calendar.js HTTP/1.1" 200 8466
INFO 2021-08-12 20:01:52,838 basehttp 161 "GET /static/admin/js/admin/DateTimeShortcuts.js HTTP/1.1" 200 19634
INFO 2021-08-12 20:01:52,838 basehttp 161 "GET /admin/jsi18n/ HTTP/1.1" 200 8398
INFO 2021-08-12 20:01:52,847 basehttp 161 "GET /static/admin/css/widgets.css HTTP/1.1" 200 11097
INFO 2021-08-12 20:01:52,848 basehttp 161 "GET /static/admin/js/change_form.js HTTP/1.1" 200 606
INFO 2021-08-12 20:01:52,903 basehttp 161 "GET /static/admin/img/icon-clock.svg HTTP/1.1" 200 677
INFO 2021-08-12 20:01:52,904 basehttp 161 "GET /static/admin/img/icon-calendar.svg HTTP/1.1" 200 1086
INFO 2021-08-12 20:01:58,465 basehttp 161 "POST /admin/home/articlecategory/add/ HTTP/1.1" 302 0
INFO 2021-08-12 20:01:58,517 basehttp 161 "GET /admin/home/articlecategory/add/ HTTP/1.1" 200 6595
INFO 2021-08-12 20:01:58,546 basehttp 161 "GET /admin/jsi18n/ HTTP/1.1" 200 8398
INFO 2021-08-12 20:01:58,593 basehttp 161 "GET /static/admin/img/icon-yes.svg HTTP/1.1" 200 436
INFO 2021-08-12 20:02:12,444 basehttp 161 "POST /admin/home/articlecategory/add/ HTTP/1.1" 302 0
INFO 2021-08-12 20:02:12,502 basehttp 161 "GET /admin/home/articlecategory/add/ HTTP/1.1" 200 6593
INFO 2021-08-12 20:02:12,530 basehttp 161 "GET /admin/jsi18n/ HTTP/1.1" 200 8398
INFO 2021-08-12 20:02:16,591 basehttp 161 "POST /admin/home/articlecategory/add/ HTTP/1.1" 302 0
INFO 2021-08-12 20:02:16,629 basehttp 161 "GET /admin/home/articlecategory/add/ HTTP/1.1" 200 6593
INFO 2021-08-12 20:02:16,660 basehttp 161 "GET /admin/jsi18n/ HTTP/1.1" 200 8398
INFO 2021-08-12 20:02:23,883 basehttp 161 "POST /admin/home/articlecategory/add/ HTTP/1.1" 302 0
INFO 2021-08-12 20:02:23,919 basehttp 161 "GET /admin/home/articlecategory/add/ HTTP/1.1" 200 6594
INFO 2021-08-12 20:02:23,972 basehttp 161 "GET /admin/jsi18n/ HTTP/1.1" 200 8398
INFO 2021-08-12 20:02:32,629 basehttp 161 "POST /admin/home/articlecategory/add/ HTTP/1.1" 302 0
INFO 2021-08-12 20:02:32,676 basehttp 161 "GET /admin/home/articlecategory/add/ HTTP/1.1" 200 6592
INFO 2021-08-12 20:02:32,707 basehttp 161 "GET /admin/jsi18n/ HTTP/1.1" 200 8398
INFO 2021-08-12 20:02:42,091 basehttp 161 "POST /admin/home/articlecategory/add/ HTTP/1.1" 302 0
INFO 2021-08-12 20:02:42,143 basehttp 161 "GET /admin/home/articlecategory/ HTTP/1.1" 200 7118
INFO 2021-08-12 20:02:42,196 basehttp 161 "GET /admin/jsi18n/ HTTP/1.1" 200 8398
INFO 2021-08-12 20:02:50,239 basehttp 161 "POST /admin/home/articlecategory/ HTTP/1.1" 200 4773
INFO 2021-08-12 20:02:50,263 basehttp 161 "GET /static/admin/js/cancel.js HTTP/1.1" 200 884
INFO 2021-08-12 20:02:51,473 basehttp 161 "POST /admin/home/articlecategory/ HTTP/1.1" 302 0
INFO 2021-08-12 20:02:51,541 basehttp 161 "GET /admin/home/articlecategory/ HTTP/1.1" 200 6856
INFO 2021-08-12 20:02:51,574 basehttp 161 "GET /admin/jsi18n/ HTTP/1.1" 200 8398
INFO 2021-08-12 20:02:58,258 basehttp 161 "GET / HTTP/1.1" 200 11842
INFO 2021-08-12 20:03:00,484 basehttp 161 "GET /write/ HTTP/1.1" 200 5670
INFO 2021-08-12 20:03:20,014 basehttp 161 "GET /admin/ HTTP/1.1" 200 5610
INFO 2021-08-12 20:03:20,935 basehttp 161 "GET /admin/ HTTP/1.1" 200 5610
INFO 2021-08-12 20:03:21,004 basehttp 161 "GET /static/admin/img/icon-deletelink.svg HTTP/1.1" 200 392
INFO 2021-08-12 20:03:22,361 basehttp 161 "GET /admin/home/articlecategory/ HTTP/1.1" 200 6716
INFO 2021-08-12 20:03:22,400 basehttp 161 "GET /admin/jsi18n/ HTTP/1.1" 200 8398
INFO 2021-08-12 20:03:24,424 basehttp 161 "GET /admin/home/articlecategory/1/change/ HTTP/1.1" 200 6584
INFO 2021-08-12 20:03:24,453 basehttp 161 "GET /admin/jsi18n/ HTTP/1.1" 200 8398
INFO 2021-08-12 20:03:29,409 basehttp 161 "POST /admin/home/articlecategory/1/change/ HTTP/1.1" 302 0
INFO 2021-08-12 20:03:29,476 basehttp 161 "GET /admin/home/articlecategory/ HTTP/1.1" 200 6917
INFO 2021-08-12 20:03:29,510 basehttp 161 "GET /admin/jsi18n/ HTTP/1.1" 200 8398
INFO 2021-08-12 20:34:47,579 autoreload 637 Watching for file changes with StatReloader
INFO 2021-08-12 20:34:52,472 basehttp 161 "GET / HTTP/1.1" 200 11842
INFO 2021-08-12 20:34:55,463 basehttp 161 "GET /write/ HTTP/1.1" 200 5337
INFO 2021-08-12 20:34:58,163 basehttp 161 "GET /write/ HTTP/1.1" 200 5337
INFO 2021-08-12 20:35:37,635 basehttp 161 "GET /write/ HTTP/1.1" 200 5337
INFO 2021-08-12 20:35:40,549 basehttp 161 "GET /write/ HTTP/1.1" 200 5337
INFO 2021-08-12 20:37:57,029 autoreload 637 Watching for file changes with StatReloader
INFO 2021-08-12 20:38:02,257 basehttp 161 "GET / HTTP/1.1" 200 11842
INFO 2021-08-12 20:38:04,448 basehttp 161 "GET /center/ HTTP/1.1" 200 4321
INFO 2021-08-12 20:38:04,473 basehttp 161 "GET /media/avatar/2021/08/12/1.png HTTP/1.1" 304 0
WARNING 2021-08-12 20:38:06,401 log 224 Not Found: /center/write_blog.html
WARNING 2021-08-12 20:38:06,401 basehttp 161 "GET /center/write_blog.html HTTP/1.1" 404 3788
WARNING 2021-08-12 20:38:10,130 log 224 Not Found: /center/write_blog.html
WARNING 2021-08-12 20:38:10,130 basehttp 161 "GET /center/write_blog.html HTTP/1.1" 404 3788
INFO 2021-08-12 20:38:24,800 basehttp 161 "GET / HTTP/1.1" 200 11842
INFO 2021-08-12 20:38:26,641 basehttp 161 "GET /center/ HTTP/1.1" 200 4321
WARNING 2021-08-12 20:38:28,972 log 224 Not Found: /center/write_blog.html
WARNING 2021-08-12 20:38:28,972 basehttp 161 "GET /center/write_blog.html HTTP/1.1" 404 3788
WARNING 2021-08-12 20:38:47,006 log 224 Not Found: /center/write_blog.html
WARNING 2021-08-12 20:38:47,007 basehttp 161 "GET /center/write_blog.html HTTP/1.1" 404 3788
INFO 2021-08-12 20:38:48,799 basehttp 161 "GET /center/ HTTP/1.1" 200 4313
INFO 2021-08-12 20:38:50,467 basehttp 161 "GET /write/ HTTP/1.1" 200 5337
INFO 2021-08-12 20:41:14,918 autoreload 251 C:\Users\suze\Desktop\kira\users\views.py changed, reloading.
INFO 2021-08-12 20:41:15,591 autoreload 637 Watching for file changes with StatReloader
INFO 2021-08-12 20:41:15,783 basehttp 161 "GET /write/ HTTP/1.1" 200 5764
INFO 2021-08-12 21:17:59,383 autoreload 637 Watching for file changes with StatReloader
INFO 2021-08-12 21:18:03,356 basehttp 161 "GET / HTTP/1.1" 200 11842
INFO 2021-08-12 21:18:05,210 basehttp 161 "GET /center/ HTTP/1.1" 200 4313
INFO 2021-08-12 21:18:06,969 basehttp 161 "GET /write/ HTTP/1.1" 200 5902
INFO 2021-08-12 21:19:20,266 basehttp 161 "GET /static/ckeditor/ckeditor/plugins/div/dialogs/div.js?t=I3I8 HTTP/1.1" 200 4606
INFO 2021-08-12 21:19:20,268 basehttp 161 "GET /static/ckeditor/ckeditor/skins/moono-lisa/dialog.css?t=I3I8 HTTP/1.1" 200 13570
INFO 2021-08-12 21:19:20,284 basehttp 161 "GET /static/ckeditor/ckeditor/skins/moono-lisa/images/close.png HTTP/1.1" 200 615
INFO 2021-08-12 21:19:46,951 basehttp 161 "GET /static/ckeditor/ckeditor/plugins/showblocks/images/block_p.png?t=I3I8 HTTP/1.1" 200 115
INFO 2021-08-12 21:19:59,058 basehttp 161 "GET /static/ckeditor/ckeditor/plugins/magicline/images/icon.png?t=I3I8 HTTP/1.1" 200 133
INFO 2021-08-12 21:20:47,322 basehttp 161 "GET /static/ckeditor/ckeditor/plugins/link/dialogs/link.js?t=I3I8 HTTP/1.1" 200 12386
WARNING 2021-08-12 21:21:44,985 log 224 Bad Request: /write/
WARNING 2021-08-12 21:21:44,985 basehttp 161 "POST /write/ HTTP/1.1" 400 18
INFO 2021-08-12 21:22:05,455 autoreload 637 Watching for file changes with StatReloader
INFO 2021-08-12 21:22:05,910 basehttp 161 "GET /write/ HTTP/1.1" 200 5902
INFO 2021-08-12 21:23:08,487 autoreload 637 Watching for file changes with StatReloader
INFO 2021-08-12 21:23:11,963 basehttp 161 "GET /write/ HTTP/1.1" 200 5902
INFO 2021-08-12 21:23:47,103 autoreload 251 C:\Users\suze\Desktop\kira\users\views.py changed, reloading.
INFO 2021-08-12 21:23:50,917 autoreload 637 Watching for file changes with StatReloader
INFO 2021-08-12 21:23:57,962 basehttp 161 "GET / HTTP/1.1" 200 11842
INFO 2021-08-12 21:24:01,683 autoreload 637 Watching for file changes with StatReloader
INFO 2021-08-12 21:24:02,724 basehttp 161 "GET / HTTP/1.1" 200 11842
INFO 2021-08-12 21:24:04,322 basehttp 161 "GET /write/ HTTP/1.1" 200 5902
INFO 2021-08-12 21:24:24,838 autoreload 637 Watching for file changes with StatReloader
INFO 2021-08-12 21:24:26,033 basehttp 161 "GET /write/ HTTP/1.1" 200 5902
ERROR 2021-08-12 21:25:49,274 views 375 'Manager' object has no attribute 'creat'
WARNING 2021-08-12 21:25:53,110 log 224 Bad Request: /write/
WARNING 2021-08-12 21:25:53,112 basehttp 161 "POST /write/ HTTP/1.1" 400 30
INFO 2021-08-12 21:31:39,183 autoreload 637 Watching for file changes with StatReloader
ERROR 2021-08-12 21:31:59,309 views 375 Article() got an unexpected keyword argument 'auther'
WARNING 2021-08-12 21:31:59,314 log 224 Bad Request: /write/
WARNING 2021-08-12 21:31:59,315 basehttp 161 "POST /write/ HTTP/1.1" 400 30
INFO 2021-08-12 21:32:06,470 autoreload 637 Watching for file changes with StatReloader
INFO 2021-08-12 21:32:06,897 basehttp 161 "GET /write/ HTTP/1.1" 200 5902
INFO 2021-08-12 21:32:07,267 basehttp 161 "GET / HTTP/1.1" 200 11842
INFO 2021-08-12 21:32:10,294 basehttp 161 "GET /write/ HTTP/1.1" 200 5902
ERROR 2021-08-12 21:33:39,480 views 375 Article() got an unexpected keyword argument 'auther'
WARNING 2021-08-12 21:33:39,481 log 224 Bad Request: /write/
WARNING 2021-08-12 21:33:39,481 basehttp 161 "POST /write/ HTTP/1.1" 400 30
INFO 2021-08-12 21:59:54,669 autoreload 251 C:\Users\suze\Desktop\kira\users\views.py changed, reloading.
INFO 2021-08-12 21:59:58,751 autoreload 637 Watching for file changes with StatReloader
INFO 2021-08-12 22:00:11,275 basehttp 161 "POST /write/ HTTP/1.1" 302 0
INFO 2021-08-12 22:00:11,309 basehttp 161 "GET / HTTP/1.1" 200 11842
INFO 2021-08-12 22:00:11,380 basehttp 161 "GET /static/js/index.js HTTP/1.1" 304 0
INFO 2021-08-12 22:00:14,791 basehttp 161 "GET / HTTP/1.1" 200 11842
